#
# There is insufficient memory for the Java Runtime Environment to continue.
# Native memory allocation (malloc) failed to allocate 388816 bytes for Chunk::new
# Possible reasons:
#   The system is out of physical RAM or swap space
#   The process is running with CompressedOops enabled, and the Java Heap may be blocking the growth of the native heap
# Possible solutions:
#   Reduce memory load on the system
#   Increase physical memory or swap space
#   Check if swap backing store is full
#   Decrease Java heap size (-Xmx/-Xms)
#   Decrease number of Java threads
#   Decrease Java thread stack sizes (-Xss)
#   Set larger code cache with -XX:ReservedCodeCacheSize=
#   JVM is running with Unscaled Compressed Oops mode in which the Java heap is
#     placed in the first 4GB address space. The Java Heap base address is the
#     maximum limit for the native heap growth. Please use -XX:HeapBaseMinAddress
#     to set the Java Heap base and to place the Java Heap above 4GB virtual address.
# This output file may be truncated or incomplete.
#
#  Out of Memory Error (./open/src/hotspot/share/memory/arena.cpp:197), pid=7012, tid=9880
#
# JRE version: Java(TM) SE Runtime Environment 18.9 (11.0.9+7) (build 11.0.9+7-LTS)
# Java VM: Java HotSpot(TM) 64-Bit Server VM 18.9 (11.0.9+7-LTS, mixed mode, tiered, compressed oops, g1 gc, windows-amd64)
# No core dump will be written. Minidumps are not enabled by default on client versions of Windows
#

---------------  S U M M A R Y ------------

Command Line: -Dapplication.home=C:\Program Files\Java\jdk-11.0.9 --add-modules=ALL-DEFAULT -Xms8m -Dfile.encoding=UTF8 -Djdk.module.main=jdk.compiler jdk.compiler/com.sun.tools.javac.Main @C:\Users\Ana\AppData\Local\Temp\tmp2A6C.tmp -target 1.8 -source 1.8

Host: Intel(R) Core(TM) i5-1035G1 CPU @ 1.00GHz, 8 cores, 7G,  Windows 10 , 64 bit Build 19041 (10.0.19041.804)
Time: Fri Mar  5 10:04:14 2021 GTB Standard Time elapsed time: 2.320009 seconds (0d 0h 0m 2s)

---------------  T H R E A D  ---------------

Current thread (0x0000023886c2d800):  JavaThread "C2 CompilerThread0" daemon [_thread_in_native, id=9880, stack(0x0000004aebe00000,0x0000004aebf00000)]


Current CompileTask:
C2:   2320  973       4       com.sun.tools.javac.parser.JavacParser::term3 (2482 bytes)

Stack: [0x0000004aebe00000,0x0000004aebf00000]
Native frames: (J=compiled Java code, j=interpreted, Vv=VM code, C=native code)
V  [jvm.dll+0x611a3a]
V  [jvm.dll+0x748aaf]
V  [jvm.dll+0x74a135]
V  [jvm.dll+0x74a7b3]
V  [jvm.dll+0x2439f8]
V  [jvm.dll+0xba2bc]
V  [jvm.dll+0xba9bc]
V  [jvm.dll+0x2b4274]
V  [jvm.dll+0x52a046]
V  [jvm.dll+0x1feffb]
V  [jvm.dll+0x1fc52f]
V  [jvm.dll+0x17f08c]
V  [jvm.dll+0x20bc54]
V  [jvm.dll+0x209d2b]
V  [jvm.dll+0x7103d9]
V  [jvm.dll+0x709114]
V  [jvm.dll+0x610cb6]
C  [ucrtbase.dll+0x21bb2]
C  [KERNEL32.DLL+0x17034]
C  [ntdll.dll+0x4d241]


---------------  P R O C E S S  ---------------

Threads class SMR info:
_java_thread_list=0x0000023887ca20a0, length=12, elements={
0x00000238e6518800, 0x0000023886bf1800, 0x0000023886c12800, 0x00000238875c3000,
0x0000023886c2c800, 0x0000023886c2d800, 0x0000023886c31000, 0x0000023886c32000,
0x00000238876f0800, 0x00000238877fc800, 0x0000023887f76800, 0x0000023887ebf800
}

Java Threads: ( => current thread )
  0x00000238e6518800 JavaThread "main" [_thread_blocked, id=11924, stack(0x0000004aeb300000,0x0000004aeb400000)]
  0x0000023886bf1800 JavaThread "Reference Handler" daemon [_thread_blocked, id=7268, stack(0x0000004aeba00000,0x0000004aebb00000)]
  0x0000023886c12800 JavaThread "Finalizer" daemon [_thread_blocked, id=12284, stack(0x0000004aebb00000,0x0000004aebc00000)]
  0x00000238875c3000 JavaThread "Signal Dispatcher" daemon [_thread_blocked, id=3424, stack(0x0000004aebc00000,0x0000004aebd00000)]
  0x0000023886c2c800 JavaThread "Attach Listener" daemon [_thread_blocked, id=5584, stack(0x0000004aebd00000,0x0000004aebe00000)]
=>0x0000023886c2d800 JavaThread "C2 CompilerThread0" daemon [_thread_in_native, id=9880, stack(0x0000004aebe00000,0x0000004aebf00000)]
  0x0000023886c31000 JavaThread "C1 CompilerThread0" daemon [_thread_blocked, id=4740, stack(0x0000004aebf00000,0x0000004aec000000)]
  0x0000023886c32000 JavaThread "Sweeper thread" daemon [_thread_blocked, id=6760, stack(0x0000004aec000000,0x0000004aec100000)]
  0x00000238876f0800 JavaThread "Common-Cleaner" daemon [_thread_blocked, id=7596, stack(0x0000004aec100000,0x0000004aec200000)]
  0x00000238877fc800 JavaThread "Service Thread" daemon [_thread_blocked, id=10916, stack(0x0000004aec300000,0x0000004aec400000)]
  0x0000023887f76800 JavaThread "C2 CompilerThread1" daemon [_thread_in_native, id=7032, stack(0x0000004aec200000,0x0000004aec300000)]
  0x0000023887ebf800 JavaThread "C2 CompilerThread2" daemon [_thread_in_native, id=11344, stack(0x0000004aec600000,0x0000004aec700000)]

Other Threads:
  0x0000023886bef800 VMThread "VM Thread" [stack: 0x0000004aeb900000,0x0000004aeba00000] [id=3876]
  0x00000238877fe000 WatcherThread [stack: 0x0000004aec400000,0x0000004aec500000] [id=11364]
  0x00000238e652c800 GCTaskThread "GC Thread#0" [stack: 0x0000004aeb400000,0x0000004aeb500000] [id=6492]
  0x00000238878fb000 GCTaskThread "GC Thread#1" [stack: 0x0000004aec500000,0x0000004aec600000] [id=12168]
  0x00000238e655a800 ConcurrentGCThread "G1 Main Marker" [stack: 0x0000004aeb500000,0x0000004aeb600000] [id=12376]
  0x00000238e655c000 ConcurrentGCThread "G1 Conc#0" [stack: 0x0000004aeb600000,0x0000004aeb700000] [id=6288]
  0x000002388897d800 ConcurrentGCThread "G1 Conc#1" [stack: 0x0000004aec700000,0x0000004aec800000] [id=3640]
  0x00000238e65c9800 ConcurrentGCThread "G1 Refine#0" [stack: 0x0000004aeb700000,0x0000004aeb800000] [id=12980]
  0x00000238e65cd000 ConcurrentGCThread "G1 Young RemSet Sampling" [stack: 0x0000004aeb800000,0x0000004aeb900000] [id=12584]

Threads with active compile tasks:
C2 CompilerThread0   2341  973       4       com.sun.tools.javac.parser.JavacParser::term3 (2482 bytes)
C2 CompilerThread1   2341  920   !   4       com.sun.tools.javac.parser.JavaTokenizer::readToken (2179 bytes)
C2 CompilerThread2   2341  990 % !   4       com.sun.tools.javac.parser.JavaTokenizer$BasicComment::scanDocComment @ 387 (527 bytes)

VM state:at safepoint (normal execution)

VM Mutex/Monitor currently owned by a thread:  ([mutex/lock_event])
[0x00000238e6513b60] Threads_lock - owner thread: 0x0000023886bef800
[0x00000238e6513d10] Heap_lock - owner thread: 0x00000238e6518800

Heap address: 0x000000008be00000, size: 1858 MB, Compressed Oops mode: 32-bit
Narrow klass base: 0x0000000000000000, Narrow klass shift: 3
Compressed class space size: 1073741824 Address: 0x0000000100000000

Heap:
 garbage-first heap   total 18432K, used 8628K [0x000000008be00000, 0x0000000100000000)
  region size 1024K, 1 young (1024K), 1 survivors (1024K)
 Metaspace       used 13710K, capacity 13940K, committed 14080K, reserved 1062912K
  class space    used 1437K, capacity 1503K, committed 1536K, reserved 1048576K
Heap Regions: E=young(eden), S=young(survivor), O=old, HS=humongous(starts), HC=humongous(continues), CS=collection set, F=free, A=archive, TAMS=top-at-mark-start (previous, next)
|   0|0x000000008be00000, 0x000000008bf00000, 0x000000008bf00000|100%| O|  |TAMS 0x000000008bf00000, 0x000000008be00000| Untracked 
|   1|0x000000008bf00000, 0x000000008c000000, 0x000000008c000000|100%| O|  |TAMS 0x000000008c000000, 0x000000008bf00000| Untracked 
|   2|0x000000008c000000, 0x000000008c100000, 0x000000008c100000|100%| O|  |TAMS 0x000000008c100000, 0x000000008c000000| Untracked 
|   3|0x000000008c100000, 0x000000008c200000, 0x000000008c200000|100%| O|  |TAMS 0x000000008c200000, 0x000000008c100000| Untracked 
|   4|0x000000008c200000, 0x000000008c300000, 0x000000008c300000|100%|HS|  |TAMS 0x000000008c300000, 0x000000008c200000| Complete 
|   5|0x000000008c300000, 0x000000008c400000, 0x000000008c400000|100%|HS|  |TAMS 0x000000008c400000, 0x000000008c300000| Complete 
|   6|0x000000008c400000, 0x000000008c500000, 0x000000008c500000|100%|HC|  |TAMS 0x000000008c500000, 0x000000008c400000| Complete 
|   7|0x000000008c500000, 0x000000008c500000, 0x000000008c600000|  0%| F|  |TAMS 0x000000008c500000, 0x000000008c500000| Untracked 
|   8|0x000000008c600000, 0x000000008c6dd400, 0x000000008c700000| 86%| O|  |TAMS 0x000000008c6a3c00, 0x000000008c600000| Untracked 
|   9|0x000000008c700000, 0x000000008c78fce8, 0x000000008c800000| 56%| S|CS|TAMS 0x000000008c700000, 0x000000008c700000| Complete 
|  10|0x000000008c800000, 0x000000008c800000, 0x000000008c900000|  0%| F|  |TAMS 0x000000008c800000, 0x000000008c800000| Untracked 
|  11|0x000000008c900000, 0x000000008c900000, 0x000000008ca00000|  0%| F|  |TAMS 0x000000008c900000, 0x000000008c900000| Untracked 

Card table byte_map: [0x0000023880000000,0x00000238803b0000] _byte_map_base: 0x000002387fba1000

Marking Bits (Prev, Next): (CMBitMap*) 0x00000238e6552920, (CMBitMap*) 0x00000238e65528e8
 Prev Bits: [0x0000023882470000, 0x0000023884178000)
 Next Bits: [0x0000023880760000, 0x0000023882468000)

Polling page: 0x00000238e6600000

Metaspace:

Usage:
  Non-class:     12.15 MB capacity,    11.99 MB ( 99%) used,   144.20 KB (  1%) free+waste,    19.63 KB ( <1%) overhead. 
      Class:      1.47 MB capacity,     1.40 MB ( 96%) used,    56.01 KB (  4%) free+waste,     9.19 KB ( <1%) overhead. 
       Both:     13.61 MB capacity,    13.39 MB ( 98%) used,   200.21 KB (  1%) free+waste,    28.81 KB ( <1%) overhead. 

Virtual space:
  Non-class space:       14.00 MB reserved,      12.25 MB ( 88%) committed 
      Class space:        1.00 GB reserved,       1.50 MB ( <1%) committed 
             Both:        1.01 GB reserved,      13.75 MB (  1%) committed 

Chunk freelists:
   Non-Class:  5.38 KB
       Class:  128 bytes
        Both:  5.50 KB

CodeHeap 'non-profiled nmethods': size=120000Kb used=332Kb max_used=332Kb free=119667Kb
 bounds [0x00000238f7c90000, 0x00000238f7f00000, 0x00000238ff1c0000]
CodeHeap 'profiled nmethods': size=120000Kb used=2072Kb max_used=2072Kb free=117927Kb
 bounds [0x00000238f0760000, 0x00000238f09d0000, 0x00000238f7c90000]
CodeHeap 'non-nmethods': size=5760Kb used=1094Kb max_used=1122Kb free=4665Kb
 bounds [0x00000238f01c0000, 0x00000238f0430000, 0x00000238f0760000]
 total_blobs=1364 nmethods=982 adapters=294
 compilation: enabled
              stopped_count=0, restarted_count=0
 full_count=0

Compilation events (10 events):
Event: 2.313 Thread 0x0000023886c31000  991       3       com.sun.tools.javac.parser.JavaTokenizer::processComment (36 bytes)
Event: 2.315 Thread 0x0000023886c31000 nmethod 991 0x00000238f0964710 code [0x00000238f0964900, 0x00000238f0964f00]
Event: 2.315 Thread 0x0000023886c31000  992       3       com.sun.tools.javac.parser.UnicodeReader::getRawCharacters (24 bytes)
Event: 2.315 Thread 0x0000023887ebf800 nmethod 966 0x00000238f7ce2810 code [0x00000238f7ce29a0, 0x00000238f7ce2f38]
Event: 2.315 Thread 0x0000023887ebf800  990 % !   4       com.sun.tools.javac.parser.JavaTokenizer$BasicComment::scanDocComment @ 387 (527 bytes)
Event: 2.315 Thread 0x0000023886c31000 nmethod 992 0x00000238f0965110 code [0x00000238f09652c0, 0x00000238f0965590]
Event: 2.315 Thread 0x0000023886c31000  994       3       com.sun.tools.javac.parser.JavaTokenizer$BasicComment::<init> (25 bytes)
Event: 2.315 Thread 0x0000023886c31000 nmethod 994 0x00000238f0965690 code [0x00000238f0965840, 0x00000238f0965ab8]
Event: 2.315 Thread 0x0000023886c31000  993       3       java.lang.CharacterDataLatin1::isWhitespace (23 bytes)
Event: 2.315 Thread 0x0000023886c31000 nmethod 993 0x00000238f0965b90 code [0x00000238f0965d40, 0x00000238f0965fb8]

GC Heap History (10 events):
Event: 2.251 GC heap before
{Heap before GC invocations=14 (full 0):
 garbage-first heap   total 8192K, used 4100K [0x000000008be00000, 0x0000000100000000)
  region size 1024K, 2 young (2048K), 1 survivors (1024K)
 Metaspace       used 13703K, capacity 13940K, committed 14080K, reserved 1062912K
  class space    used 1437K, capacity 1503K, committed 1536K, reserved 1048576K
}
Event: 2.253 GC heap after
{Heap after GC invocations=15 (full 0):
 garbage-first heap   total 8192K, used 4667K [0x000000008be00000, 0x0000000100000000)
  region size 1024K, 1 young (1024K), 1 survivors (1024K)
 Metaspace       used 13703K, capacity 13940K, committed 14080K, reserved 1062912K
  class space    used 1437K, capacity 1503K, committed 1536K, reserved 1048576K
}
Event: 2.277 GC heap before
{Heap before GC invocations=16 (full 0):
 garbage-first heap   total 8192K, used 6715K [0x000000008be00000, 0x0000000100000000)
  region size 1024K, 2 young (2048K), 1 survivors (1024K)
 Metaspace       used 13704K, capacity 13940K, committed 14080K, reserved 1062912K
  class space    used 1437K, capacity 1503K, committed 1536K, reserved 1048576K
}
Event: 2.279 GC heap after
{Heap after GC invocations=17 (full 0):
 garbage-first heap   total 9216K, used 4811K [0x000000008be00000, 0x0000000100000000)
  region size 1024K, 1 young (1024K), 1 survivors (1024K)
 Metaspace       used 13704K, capacity 13940K, committed 14080K, reserved 1062912K
  class space    used 1437K, capacity 1503K, committed 1536K, reserved 1048576K
}
Event: 2.287 GC heap before
{Heap before GC invocations=17 (full 0):
 garbage-first heap   total 9216K, used 4811K [0x000000008be00000, 0x0000000100000000)
  region size 1024K, 2 young (2048K), 1 survivors (1024K)
 Metaspace       used 13705K, capacity 13940K, committed 14080K, reserved 1062912K
  class space    used 1437K, capacity 1503K, committed 1536K, reserved 1048576K
}
Event: 2.288 GC heap after
{Heap after GC invocations=18 (full 0):
 garbage-first heap   total 12288K, used 5237K [0x000000008be00000, 0x0000000100000000)
  region size 1024K, 1 young (1024K), 1 survivors (1024K)
 Metaspace       used 13705K, capacity 13940K, committed 14080K, reserved 1062912K
  class space    used 1437K, capacity 1503K, committed 1536K, reserved 1048576K
}
Event: 2.297 GC heap before
{Heap before GC invocations=19 (full 0):
 garbage-first heap   total 12288K, used 5237K [0x000000008be00000, 0x0000000100000000)
  region size 1024K, 2 young (2048K), 1 survivors (1024K)
 Metaspace       used 13707K, capacity 13940K, committed 14080K, reserved 1062912K
  class space    used 1437K, capacity 1503K, committed 1536K, reserved 1048576K
}
Event: 2.299 GC heap after
{Heap after GC invocations=20 (full 0):
 garbage-first heap   total 12288K, used 5111K [0x000000008be00000, 0x0000000100000000)
  region size 1024K, 1 young (1024K), 1 survivors (1024K)
 Metaspace       used 13707K, capacity 13940K, committed 14080K, reserved 1062912K
  class space    used 1437K, capacity 1503K, committed 1536K, reserved 1048576K
}
Event: 2.314 GC heap before
{Heap before GC invocations=21 (full 0):
 garbage-first heap   total 12288K, used 9207K [0x000000008be00000, 0x0000000100000000)
  region size 1024K, 2 young (2048K), 1 survivors (1024K)
 Metaspace       used 13710K, capacity 13940K, committed 14080K, reserved 1062912K
  class space    used 1437K, capacity 1503K, committed 1536K, reserved 1048576K
}
Event: 2.315 GC heap after
{Heap after GC invocations=22 (full 0):
 garbage-first heap   total 12288K, used 8257K [0x000000008be00000, 0x0000000100000000)
  region size 1024K, 1 young (1024K), 1 survivors (1024K)
 Metaspace       used 13710K, capacity 13940K, committed 14080K, reserved 1062912K
  class space    used 1437K, capacity 1503K, committed 1536K, reserved 1048576K
}

Deoptimization events (10 events):
Event: 0.263 Thread 0x00000238e6518800 Uncommon trap: reason=bimorphic_or_optimized_type_check action=maybe_recompile pc=0x00000238f7c99f94 method=java.util.AbstractCollection.isEmpty()Z @ 1 c2
Event: 0.263 Thread 0x00000238e6518800 Uncommon trap: reason=bimorphic_or_optimized_type_check action=maybe_recompile pc=0x00000238f7c99f94 method=java.util.AbstractCollection.isEmpty()Z @ 1 c2
Event: 1.913 Thread 0x00000238e6518800 Uncommon trap: reason=unstable_if action=reinterpret pc=0x00000238f7cbb6bc method=java.lang.StringLatin1.replace([BCC)Ljava/lang/String; @ 19 c2
Event: 2.195 Thread 0x00000238e6518800 Uncommon trap: reason=unstable_if action=reinterpret pc=0x00000238f7cccde0 method=com.sun.tools.javac.parser.UnicodeReader.scanChar()V @ 37 c2
Event: 2.195 Thread 0x00000238e6518800 Uncommon trap: reason=unstable_if action=reinterpret pc=0x00000238f7ccc7d4 method=com.sun.tools.javac.parser.UnicodeReader.scanChar()V @ 37 c2
Event: 2.247 Thread 0x00000238e6518800 Uncommon trap: reason=unstable_if action=reinterpret pc=0x00000238f7cd4af0 method=com.sun.tools.javac.parser.JavaTokenizer.scanIdent()V @ 15 c2
Event: 2.259 Thread 0x00000238e6518800 Uncommon trap: reason=unstable_if action=reinterpret pc=0x00000238f7cd01b4 method=com.sun.tools.javac.util.ArrayUtils.ensureCapacity([CI)[C @ 3 c2
Event: 2.267 Thread 0x00000238e6518800 Uncommon trap: reason=unstable_if action=reinterpret pc=0x00000238f7cd0830 method=com.sun.tools.javac.util.ArrayUtils.ensureCapacity([CI)[C @ 3 c2
Event: 2.267 Thread 0x00000238e6518800 Uncommon trap: reason=unstable_if action=reinterpret pc=0x00000238f7ccc2cc method=com.sun.tools.javac.parser.UnicodeReader.scanChar()V @ 37 c2
Event: 2.289 Thread 0x00000238e6518800 Uncommon trap: reason=unstable_if action=reinterpret pc=0x00000238f7cdbce0 method=sun.nio.cs.UTF_8$Decoder.decodeArrayLoop(Ljava/nio/ByteBuffer;Ljava/nio/CharBuffer;)Ljava/nio/charset/CoderResult; @ 77 c2

Classes redefined (0 events):
No events

Internal exceptions (10 events):
Event: 1.781 Thread 0x00000238e6518800 Exception <a 'sun/nio/fs/WindowsException'{0x000000008c580488}> (0x000000008c580488) thrown at [./open/src/hotspot/share/prims/jni.cpp, line 611]
Event: 1.783 Thread 0x00000238e6518800 Exception <a 'sun/nio/fs/WindowsException'{0x000000008c581398}> (0x000000008c581398) thrown at [./open/src/hotspot/share/prims/jni.cpp, line 611]
Event: 1.783 Thread 0x00000238e6518800 Exception <a 'sun/nio/fs/WindowsException'{0x000000008c5817a8}> (0x000000008c5817a8) thrown at [./open/src/hotspot/share/prims/jni.cpp, line 611]
Event: 1.783 Thread 0x00000238e6518800 Exception <a 'sun/nio/fs/WindowsException'{0x000000008c5844b0}> (0x000000008c5844b0) thrown at [./open/src/hotspot/share/prims/jni.cpp, line 611]
Event: 1.783 Thread 0x00000238e6518800 Exception <a 'sun/nio/fs/WindowsException'{0x000000008c5846f0}> (0x000000008c5846f0) thrown at [./open/src/hotspot/share/prims/jni.cpp, line 611]
Event: 1.785 Thread 0x00000238e6518800 Exception <a 'java/lang/NoSuchMethodError'{0x000000008c58ec78}: java.lang.invoke.DirectMethodHandle$Holder.invokeVirtual(Ljava/lang/Object;Ljava/lang/Object;Ljava/lang/Object;)I> (0x000000008c58ec78) thrown at [./open/src/hotspot/share/interpreter/linkRes
Event: 1.851 Thread 0x00000238e6518800 Exception <a 'java/lang/NoSuchMethodError'{0x000000008c5ab378}: java.lang.invoke.DirectMethodHandle$Holder.invokeStaticInit(Ljava/lang/Object;Ljava/lang/Object;)I> (0x000000008c5ab378) thrown at [./open/src/hotspot/share/interpreter/linkResolver.cpp, line
Event: 1.910 Thread 0x00000238e6518800 Exception <a 'java/lang/NoSuchMethodError'{0x000000008c57fe58}: java.lang.invoke.DirectMethodHandle$Holder.invokeVirtual(Ljava/lang/Object;Ljava/lang/Object;)I> (0x000000008c57fe58) thrown at [./open/src/hotspot/share/interpreter/linkResolver.cpp, line 77
Event: 1.915 Thread 0x00000238e6518800 Exception <a 'java/lang/NoSuchMethodError'{0x000000008c5b1bd0}: java.lang.invoke.Invokers$Holder.linkToTargetMethod(Ljava/lang/Object;Ljava/lang/Object;Ljava/lang/Object;Ljava/lang/Object;Ljava/lang/Object;Ljava/lang/Object;)Ljava/lang/Object;> (0x0000000
Event: 2.141 Thread 0x00000238e6518800 Exception <a 'java/lang/NoSuchMethodError'{0x000000008c5dd6b8}: java.lang.invoke.DirectMethodHandle$Holder.invokeSpecialIFC(Ljava/lang/Object;Ljava/lang/Object;I)I> (0x000000008c5dd6b8) thrown at [./open/src/hotspot/share/interpreter/linkResolver.cpp, lin

Events (10 events):
Event: 2.297 Executing VM operation: G1CollectForAllocation
Event: 2.299 Executing VM operation: G1CollectForAllocation done
Event: 2.301 Thread 0x00000238e6518800 DEOPT PACKING pc=0x00000238f095ba17 sp=0x0000004aeb3fed70
Event: 2.301 Thread 0x00000238e6518800 DEOPT UNPACKING pc=0x00000238f01ea55e sp=0x0000004aeb3fe310 mode 0
Event: 2.303 Executing VM operation: CGC_Operation
Event: 2.305 Executing VM operation: CGC_Operation done
Event: 2.307 Executing VM operation: CGC_Operation
Event: 2.307 Executing VM operation: CGC_Operation done
Event: 2.314 Executing VM operation: G1CollectForAllocation
Event: 2.315 Executing VM operation: G1CollectForAllocation done


Dynamic libraries:
0x00007ff6c6c60000 - 0x00007ff6c6c67000 	C:\Program Files\Java\jdk-11.0.9\bin\javac.exe
0x00007fffd19d0000 - 0x00007fffd1bc6000 	C:\Windows\SYSTEM32\ntdll.dll
0x00007fffd0940000 - 0x00007fffd09fd000 	C:\Windows\System32\KERNEL32.DLL
0x00007fffcf6c0000 - 0x00007fffcf989000 	C:\Windows\System32\KERNELBASE.dll
0x00007fffcf140000 - 0x00007fffcf240000 	C:\Windows\System32\ucrtbase.dll
0x00007fffc9280000 - 0x00007fffc9298000 	C:\Program Files\Java\jdk-11.0.9\bin\jli.dll
0x00007fffcfda0000 - 0x00007fffcfe4c000 	C:\Windows\System32\ADVAPI32.dll
0x00007fffc9260000 - 0x00007fffc9275000 	C:\Program Files\Java\jdk-11.0.9\bin\VCRUNTIME140.dll
0x00007fffd00b0000 - 0x00007fffd014e000 	C:\Windows\System32\msvcrt.dll
0x00007fffcffe0000 - 0x00007fffd007c000 	C:\Windows\System32\sechost.dll
0x00007fffd0a00000 - 0x00007fffd0b2b000 	C:\Windows\System32\RPCRT4.dll
0x00007fffd17f0000 - 0x00007fffd1990000 	C:\Windows\System32\USER32.dll
0x00007fffcf110000 - 0x00007fffcf132000 	C:\Windows\System32\win32u.dll
0x00007fffb2cb0000 - 0x00007fffb2f4b000 	C:\Windows\WinSxS\amd64_microsoft.windows.common-controls_6595b64144ccf1df_6.0.19041.746_none_ca02b4b61b8320a4\COMCTL32.dll
0x00007fffd0080000 - 0x00007fffd00aa000 	C:\Windows\System32\GDI32.dll
0x00007fffcf3f0000 - 0x00007fffcf4fb000 	C:\Windows\System32\gdi32full.dll
0x00007fffcf990000 - 0x00007fffcfa2d000 	C:\Windows\System32\msvcp_win.dll
0x00007fffc4e40000 - 0x00007fffc4e4a000 	C:\Windows\SYSTEM32\VERSION.dll
0x00007fffcffb0000 - 0x00007fffcffe0000 	C:\Windows\System32\IMM32.DLL
0x00007fffa9780000 - 0x00007fffa981b000 	C:\Program Files\Java\jdk-11.0.9\bin\msvcp140.dll
0x00007fffa7b20000 - 0x00007fffa8617000 	C:\Program Files\Java\jdk-11.0.9\bin\server\jvm.dll
0x00007fffcfd90000 - 0x00007fffcfd98000 	C:\Windows\System32\PSAPI.DLL
0x00007fffb5160000 - 0x00007fffb5169000 	C:\Windows\SYSTEM32\WSOCK32.dll
0x00007fffca990000 - 0x00007fffca9b7000 	C:\Windows\SYSTEM32\WINMM.dll
0x00007fffd0460000 - 0x00007fffd04cb000 	C:\Windows\System32\WS2_32.dll
0x00007fffcd9a0000 - 0x00007fffcd9b2000 	C:\Windows\SYSTEM32\kernel.appcore.dll
0x00007fffc9560000 - 0x00007fffc9570000 	C:\Program Files\Java\jdk-11.0.9\bin\verify.dll
0x00007fffccdd0000 - 0x00007fffccfb4000 	C:\Windows\SYSTEM32\DBGHELP.DLL
0x00007fffca960000 - 0x00007fffca98c000 	C:\Windows\SYSTEM32\dbgcore.DLL
0x00007fffcf320000 - 0x00007fffcf3a0000 	C:\Windows\System32\bcryptPrimitives.dll
0x00007fffc9230000 - 0x00007fffc9258000 	C:\Program Files\Java\jdk-11.0.9\bin\java.dll
0x00007fffc9220000 - 0x00007fffc922a000 	C:\Program Files\Java\jdk-11.0.9\bin\jimage.dll
0x00007fffc9200000 - 0x00007fffc9216000 	C:\Program Files\Java\jdk-11.0.9\bin\zip.dll
0x00007fffd0e10000 - 0x00007fffd1552000 	C:\Windows\System32\SHELL32.dll
0x00007fffcd200000 - 0x00007fffcd990000 	C:\Windows\SYSTEM32\windows.storage.dll
0x00007fffcfa30000 - 0x00007fffcfd86000 	C:\Windows\System32\combase.dll
0x00007fffceaa0000 - 0x00007fffceacc000 	C:\Windows\SYSTEM32\Wldp.dll
0x00007fffd0b30000 - 0x00007fffd0bde000 	C:\Windows\System32\SHCORE.dll
0x00007fffcff50000 - 0x00007fffcffa5000 	C:\Windows\System32\shlwapi.dll
0x00007fffcf040000 - 0x00007fffcf066000 	C:\Windows\SYSTEM32\profapi.dll
0x00007fffc91e0000 - 0x00007fffc91f9000 	C:\Program Files\Java\jdk-11.0.9\bin\net.dll
0x00007fffc8af0000 - 0x00007fffc8bf0000 	C:\Windows\SYSTEM32\WINHTTP.dll
0x00007fffce890000 - 0x00007fffce8fa000 	C:\Windows\system32\mswsock.dll
0x00007fffc0950000 - 0x00007fffc0962000 	C:\Program Files\Java\jdk-11.0.9\bin\nio.dll

dbghelp: loaded successfully - version: 4.0.5 - missing functions: none
symbol engine: initialized successfully - sym options: 0x614 - pdb path: .;C:\Program Files\Java\jdk-11.0.9\bin;C:\Windows\SYSTEM32;C:\Windows\WinSxS\amd64_microsoft.windows.common-controls_6595b64144ccf1df_6.0.19041.746_none_ca02b4b61b8320a4;C:\Program Files\Java\jdk-11.0.9\bin\server

VM Arguments:
jvm_args: -Dapplication.home=C:\Program Files\Java\jdk-11.0.9 --add-modules=ALL-DEFAULT -Xms8m -Dfile.encoding=UTF8 -Djdk.module.main=jdk.compiler 
java_command: jdk.compiler/com.sun.tools.javac.Main @C:\Users\Ana\AppData\Local\Temp\tmp2A6C.tmp -target 1.8 -source 1.8
java_class_path (initial): <not set>
Launcher Type: SUN_STANDARD

[Global flags]
     intx CICompilerCount                          = 4                                         {product} {ergonomic}
     uint ConcGCThreads                            = 2                                         {product} {ergonomic}
     uint G1ConcRefinementThreads                  = 8                                         {product} {ergonomic}
   size_t G1HeapRegionSize                         = 1048576                                   {product} {ergonomic}
    uintx GCDrainStackTargetSize                   = 64                                        {product} {ergonomic}
   size_t InitialHeapSize                          = 8388608                                   {product} {command line}
   size_t MarkStackSize                            = 4194304                                   {product} {ergonomic}
   size_t MaxHeapSize                              = 1948254208                                {product} {ergonomic}
   size_t MaxNewSize                               = 1168113664                                {product} {ergonomic}
   size_t MinHeapDeltaBytes                        = 1048576                                   {product} {ergonomic}
    uintx NonNMethodCodeHeapSize                   = 5836300                                {pd product} {ergonomic}
    uintx NonProfiledCodeHeapSize                  = 122910970                              {pd product} {ergonomic}
    uintx ProfiledCodeHeapSize                     = 122910970                              {pd product} {ergonomic}
    uintx ReservedCodeCacheSize                    = 251658240                              {pd product} {ergonomic}
     bool SegmentedCodeCache                       = true                                      {product} {ergonomic}
     bool UseCompressedClassPointers               = true                                 {lp64_product} {ergonomic}
     bool UseCompressedOops                        = true                                 {lp64_product} {ergonomic}
     bool UseG1GC                                  = true                                      {product} {ergonomic}
     bool UseLargePagesIndividualAllocation        = false                                  {pd product} {ergonomic}

Logging:
Log output configuration:
 #0: stdout all=warning uptime,level,tags
 #1: stderr all=off uptime,level,tags

Environment Variables:
JAVA_HOME=C:\Program Files\Java\jdk-11.0.9
PATH=C:\Program Files\Android\jdk\microsoft_dist_openjdk_1.8.0.25\bin;D:\app\Ana\product\11.2.0\dbhome_1\bin;C:\Program Files\Java\jdk-11.0.9\bin;C:\Program Files\Common Files\Oracle\Java\javapath;C:\Windows\system32;C:\Windows;C:\Windows\System32\Wbem;C:\Windows\System32\WindowsPowerShell\v1.0\;C:\Windows\System32\OpenSSH\;C:\Program Files\Microsoft SQL Server\130\Tools\Binn\;C:\Program Files\Microsoft SQL Server\Client SDK\ODBC\170\Tools\Binn\;C:\Program Files\nodejs\;C:\Program Files\SourceGear\Common\DiffMerge\;C:\Program Files\dotnet\;D:\Windows Kits\10\Windows Performance Toolkit\;C:\Users\Ana\AppData\Local\Programs\Python\Python39\Scripts\;C:\Users\Ana\AppData\Local\Programs\Python\Python39\;C:\Users\Ana\AppData\Local\Microsoft\WindowsApps;C:\Users\Ana\AppData\Local\Programs\Microsoft VS Code\bin;C:\Users\Ana\AppData\Roaming\npm;C:\Program Files\Oracle\instantclient_12_2;D:\heroku\bin;C:\Users\Ana\.dotnet\tools
USERNAME=Ana
OS=Windows_NT
PROCESSOR_IDENTIFIER=Intel64 Family 6 Model 126 Stepping 5, GenuineIntel



---------------  S Y S T E M  ---------------

OS: Windows 10 , 64 bit Build 19041 (10.0.19041.804)
HyperV virtualization detected

CPU:total 8 (initial active 8) (4 cores per cpu, 2 threads per core) family 6 model 126 stepping 5, cmov, cx8, fxsr, mmx, sse, sse2, sse3, ssse3, sse4.1, sse4.2, popcnt, avx, avx2, aes, clmul, erms, 3dnowpref, lzcnt, ht, tsc, tscinvbit, bmi1, bmi2, adx, evex, sha, fma

Memory: 4k page, system-wide physical 7425M (846M free)
TotalPageFile size 7425M (AvailPageFile size 3M)
current process WorkingSet (physical memory assigned to process): 75M, peak: 75M
current process commit charge ("private bytes"): 113M, peak: 119M

vm_info: Java HotSpot(TM) 64-Bit Server VM (11.0.9+7-LTS) for windows-amd64 JRE (11.0.9+7-LTS), built on Sep 15 2020 16:47:03 by "mach5one" with MS VC++ 15.9 (VS2017)

END.
