#
# There is insufficient memory for the Java Runtime Environment to continue.
# Native memory allocation (malloc) failed to allocate 1381760 bytes for Chunk::new
# Possible reasons:
#   The system is out of physical RAM or swap space
#   The process is running with CompressedOops enabled, and the Java Heap may be blocking the growth of the native heap
# Possible solutions:
#   Reduce memory load on the system
#   Increase physical memory or swap space
#   Check if swap backing store is full
#   Decrease Java heap size (-Xmx/-Xms)
#   Decrease number of Java threads
#   Decrease Java thread stack sizes (-Xss)
#   Set larger code cache with -XX:ReservedCodeCacheSize=
#   JVM is running with Unscaled Compressed Oops mode in which the Java heap is
#     placed in the first 4GB address space. The Java Heap base address is the
#     maximum limit for the native heap growth. Please use -XX:HeapBaseMinAddress
#     to set the Java Heap base and to place the Java Heap above 4GB virtual address.
# This output file may be truncated or incomplete.
#
#  Out of Memory Error (allocation.cpp:389), pid=1736, tid=0x0000000000002bcc
#
# JRE version: OpenJDK Runtime Environment (8.0) (build 1.8.0-25-microsoft-b00)
# Java VM: OpenJDK 64-Bit Server VM (25.71-b00 mixed mode windows-amd64 compressed oops)
# Failed to write core dump. Minidumps are not enabled by default on client versions of Windows
#

---------------  T H R E A D  ---------------

Current thread (0x0000000016fd5800):  JavaThread "C2 CompilerThread1" daemon [_thread_in_native, id=11212, stack(0x00000000179b0000,0x0000000017ab0000)]

Stack: [0x00000000179b0000,0x0000000017ab0000]
[error occurred during error reporting (printing stack bounds), id 0xc0000005]

Native frames: (J=compiled Java code, j=interpreted, Vv=VM code, C=native code)


Current CompileTask:
C2:   4130 4553 %     4       com.android.tools.r8.ir.regalloc.LinearScanRegisterAllocator::a @ 523 (930 bytes)


---------------  P R O C E S S  ---------------

Java Threads: ( => current thread )
  0x00000000181af800 JavaThread "ForkJoinPool-1-worker-0" daemon [_thread_in_Java, id=10636, stack(0x00000000189e0000,0x0000000018ae0000)]
  0x000000001825a800 JavaThread "ForkJoinPool-1-worker-3" daemon [_thread_in_Java, id=13588, stack(0x00000000188e0000,0x00000000189e0000)]
  0x0000000018257800 JavaThread "ForkJoinPool-1-worker-2" daemon [_thread_in_Java, id=13084, stack(0x00000000187e0000,0x00000000188e0000)]
  0x000000001825d000 JavaThread "ForkJoinPool-1-worker-1" daemon [_thread_in_Java, id=11096, stack(0x0000000017eb0000,0x0000000017fb0000)]
  0x0000000017079000 JavaThread "Service Thread" daemon [_thread_blocked, id=10560, stack(0x0000000017cb0000,0x0000000017db0000)]
  0x0000000016fde800 JavaThread "C1 CompilerThread3" daemon [_thread_blocked, id=7152, stack(0x0000000017bb0000,0x0000000017cb0000)]
  0x0000000016fd8000 JavaThread "C2 CompilerThread2" daemon [_thread_in_native, id=8704, stack(0x0000000017ab0000,0x0000000017bb0000)]
=>0x0000000016fd5800 JavaThread "C2 CompilerThread1" daemon [_thread_in_native, id=11212, stack(0x00000000179b0000,0x0000000017ab0000)]
  0x0000000016fe6800 JavaThread "C2 CompilerThread0" daemon [_thread_in_native, id=476, stack(0x00000000178b0000,0x00000000179b0000)]
  0x0000000016fe5800 JavaThread "Attach Listener" daemon [_thread_blocked, id=13472, stack(0x00000000177b0000,0x00000000178b0000)]
  0x0000000016fe4000 JavaThread "Signal Dispatcher" daemon [_thread_blocked, id=2776, stack(0x00000000176b0000,0x00000000177b0000)]
  0x0000000016fd0800 JavaThread "Finalizer" daemon [_thread_blocked, id=4252, stack(0x00000000174b0000,0x00000000175b0000)]
  0x00000000151eb800 JavaThread "Reference Handler" daemon [_thread_blocked, id=8832, stack(0x00000000173b0000,0x00000000174b0000)]
  0x00000000025d2800 JavaThread "main" [_thread_blocked, id=4276, stack(0x0000000002420000,0x0000000002520000)]

Other Threads:
  0x00000000151e7800 VMThread [stack: 0x0000000016eb0000,0x0000000016fb0000] [id=5272]
  0x0000000017079800 WatcherThread [stack: 0x0000000017db0000,0x0000000017eb0000] [id=2844]

VM state:not at safepoint (normal execution)

VM Mutex/Monitor currently owned by a thread: None

heap address: 0x00000000c0000000, size: 1024 MB, Compressed Oops mode: 32-bit
Narrow klass base: 0x0000000000000000, Narrow klass shift: 3
Compressed class space size: 1073741824 Address: 0x0000000100000000

Heap:
 PSYoungGen      total 171008K, used 131922K [0x00000000eab00000, 0x00000000f6980000, 0x0000000100000000)
  eden space 146944K, 81% used [0x00000000eab00000,0x00000000f1fbb950,0x00000000f3a80000)
  from space 24064K, 51% used [0x00000000f3a80000,0x00000000f46990e0,0x00000000f5200000)
  to   space 23552K, 0% used [0x00000000f5280000,0x00000000f5280000,0x00000000f6980000)
 ParOldGen       total 108032K, used 46626K [0x00000000c0000000, 0x00000000c6980000, 0x00000000eab00000)
  object space 108032K, 43% used [0x00000000c0000000,0x00000000c2d888a8,0x00000000c6980000)
 Metaspace       used 14192K, capacity 14982K, committed 15360K, reserved 1062912K
  class space    used 1706K, capacity 1925K, committed 2048K, reserved 1048576K

Card table byte_map: [0x0000000011a90000,0x0000000011ca0000] byte_map_base: 0x0000000011490000

Marking Bits: (ParMarkBitMap*) 0x0000000073b68f30
 Begin Bits: [0x0000000012600000, 0x0000000013600000)
 End Bits:   [0x0000000013600000, 0x0000000014600000)

Polling page: 0x0000000000b30000

CodeCache: size=245760Kb used=14732Kb max_used=16439Kb free=231027Kb
 bounds [0x00000000026d0000, 0x00000000036f0000, 0x00000000116d0000]
 total_blobs=4520 nmethods=4184 adapters=247
 compilation: enabled

Compilation events (10 events):
Event: 4.101 Thread 0x0000000016fde800 4844       1       com.android.tools.r8.graph.DexDebugEvent$b::hashCode (10 bytes)
Event: 4.102 Thread 0x0000000016fde800 nmethod 4844 0x00000000027f6610 code [0x00000000027f6760, 0x00000000027f6870]
Event: 4.118 Thread 0x0000000016fde800 4846       2       com.android.tools.r8.v.a.a.a.f.o::a (10 bytes)
Event: 4.118 Thread 0x0000000016fde800 nmethod 4846 0x000000000281f3d0 code [0x000000000281f540, 0x000000000281f6f8]
Event: 4.118 Thread 0x0000000016fde800 4847       2       com.android.tools.r8.u.b.I::<init> (10 bytes)
Event: 4.119 Thread 0x0000000016fde800 nmethod 4847 0x00000000028a1810 code [0x00000000028a1980, 0x00000000028a1ae8]
Event: 4.124 Thread 0x0000000016fde800 4848       2       com.android.tools.r8.graph.f0::equals (37 bytes)
Event: 4.124 Thread 0x0000000016fde800 nmethod 4848 0x00000000027ebe50 code [0x00000000027ebfc0, 0x00000000027ec1e8]
Event: 4.125 Thread 0x0000000016fde800 4849       2       java.util.Arrays::equals (78 bytes)
Event: 4.125 Thread 0x0000000016fde800 nmethod 4849 0x00000000028033d0 code [0x0000000002803540, 0x00000000028037e8]

GC Heap History (10 events):
Event: 3.332 GC heap before
{Heap before GC invocations=14 (full 1):
 PSYoungGen      total 145920K, used 126708K [0x00000000eab00000, 0x00000000f5480000, 0x0000000100000000)
  eden space 121344K, 100% used [0x00000000eab00000,0x00000000f2180000,0x00000000f2180000)
  from space 24576K, 21% used [0x00000000f3c80000,0x00000000f41bd110,0x00000000f5480000)
  to   space 26112K, 0% used [0x00000000f2180000,0x00000000f2180000,0x00000000f3b00000)
 ParOldGen       total 108032K, used 46610K [0x00000000c0000000, 0x00000000c6980000, 0x00000000eab00000)
  object space 108032K, 43% used [0x00000000c0000000,0x00000000c2d848a8,0x00000000c6980000)
 Metaspace       used 14090K, capacity 14904K, committed 15360K, reserved 1062912K
  class space    used 1704K, capacity 1924K, committed 2048K, reserved 1048576K
Event: 3.337 GC heap after
Heap after GC invocations=14 (full 1):
 PSYoungGen      total 147456K, used 6272K [0x00000000eab00000, 0x00000000f6b00000, 0x0000000100000000)
  eden space 121344K, 0% used [0x00000000eab00000,0x00000000eab00000,0x00000000f2180000)
  from space 26112K, 24% used [0x00000000f2180000,0x00000000f27a0000,0x00000000f3b00000)
  to   space 25088K, 0% used [0x00000000f5280000,0x00000000f5280000,0x00000000f6b00000)
 ParOldGen       total 108032K, used 46618K [0x00000000c0000000, 0x00000000c6980000, 0x00000000eab00000)
  object space 108032K, 43% used [0x00000000c0000000,0x00000000c2d868a8,0x00000000c6980000)
 Metaspace       used 14090K, capacity 14904K, committed 15360K, reserved 1062912K
  class space    used 1704K, capacity 1924K, committed 2048K, reserved 1048576K
}
Event: 3.476 GC heap before
{Heap before GC invocations=15 (full 1):
 PSYoungGen      total 147456K, used 127616K [0x00000000eab00000, 0x00000000f6b00000, 0x0000000100000000)
  eden space 121344K, 100% used [0x00000000eab00000,0x00000000f2180000,0x00000000f2180000)
  from space 26112K, 24% used [0x00000000f2180000,0x00000000f27a0000,0x00000000f3b00000)
  to   space 25088K, 0% used [0x00000000f5280000,0x00000000f5280000,0x00000000f6b00000)
 ParOldGen       total 108032K, used 46618K [0x00000000c0000000, 0x00000000c6980000, 0x00000000eab00000)
  object space 108032K, 43% used [0x00000000c0000000,0x00000000c2d868a8,0x00000000c6980000)
 Metaspace       used 14122K, capacity 14908K, committed 15360K, reserved 1062912K
  class space    used 1704K, capacity 1924K, committed 2048K, reserved 1048576K
Event: 3.482 GC heap after
Heap after GC invocations=15 (full 1):
 PSYoungGen      total 170496K, used 7280K [0x00000000eab00000, 0x00000000f6980000, 0x0000000100000000)
  eden space 146944K, 0% used [0x00000000eab00000,0x00000000eab00000,0x00000000f3a80000)
  from space 23552K, 30% used [0x00000000f5280000,0x00000000f599c010,0x00000000f6980000)
  to   space 24064K, 0% used [0x00000000f3a80000,0x00000000f3a80000,0x00000000f5200000)
 ParOldGen       total 108032K, used 46618K [0x00000000c0000000, 0x00000000c6980000, 0x00000000eab00000)
  object space 108032K, 43% used [0x00000000c0000000,0x00000000c2d868a8,0x00000000c6980000)
 Metaspace       used 14122K, capacity 14908K, committed 15360K, reserved 1062912K
  class space    used 1704K, capacity 1924K, committed 2048K, reserved 1048576K
}
Event: 3.637 GC heap before
{Heap before GC invocations=16 (full 1):
 PSYoungGen      total 170496K, used 154224K [0x00000000eab00000, 0x00000000f6980000, 0x0000000100000000)
  eden space 146944K, 100% used [0x00000000eab00000,0x00000000f3a80000,0x00000000f3a80000)
  from space 23552K, 30% used [0x00000000f5280000,0x00000000f599c010,0x00000000f6980000)
  to   space 24064K, 0% used [0x00000000f3a80000,0x00000000f3a80000,0x00000000f5200000)
 ParOldGen       total 108032K, used 46618K [0x00000000c0000000, 0x00000000c6980000, 0x00000000eab00000)
  object space 108032K, 43% used [0x00000000c0000000,0x00000000c2d868a8,0x00000000c6980000)
 Metaspace       used 14141K, capacity 14908K, committed 15360K, reserved 1062912K
  class space    used 1704K, capacity 1924K, committed 2048K, reserved 1048576K
Event: 3.644 GC heap after
Heap after GC invocations=16 (full 1):
 PSYoungGen      total 171008K, used 8864K [0x00000000eab00000, 0x00000000f6980000, 0x0000000100000000)
  eden space 146944K, 0% used [0x00000000eab00000,0x00000000eab00000,0x00000000f3a80000)
  from space 24064K, 36% used [0x00000000f3a80000,0x00000000f4328000,0x00000000f5200000)
  to   space 23552K, 0% used [0x00000000f5280000,0x00000000f5280000,0x00000000f6980000)
 ParOldGen       total 108032K, used 46618K [0x00000000c0000000, 0x00000000c6980000, 0x00000000eab00000)
  object space 108032K, 43% used [0x00000000c0000000,0x00000000c2d868a8,0x00000000c6980000)
 Metaspace       used 14141K, capacity 14908K, committed 15360K, reserved 1062912K
  class space    used 1704K, capacity 1924K, committed 2048K, reserved 1048576K
}
Event: 3.806 GC heap before
{Heap before GC invocations=17 (full 1):
 PSYoungGen      total 171008K, used 155808K [0x00000000eab00000, 0x00000000f6980000, 0x0000000100000000)
  eden space 146944K, 100% used [0x00000000eab00000,0x00000000f3a80000,0x00000000f3a80000)
  from space 24064K, 36% used [0x00000000f3a80000,0x00000000f4328000,0x00000000f5200000)
  to   space 23552K, 0% used [0x00000000f5280000,0x00000000f5280000,0x00000000f6980000)
 ParOldGen       total 108032K, used 46618K [0x00000000c0000000, 0x00000000c6980000, 0x00000000eab00000)
  object space 108032K, 43% used [0x00000000c0000000,0x00000000c2d868a8,0x00000000c6980000)
 Metaspace       used 14156K, capacity 14972K, committed 15360K, reserved 1062912K
  class space    used 1704K, capacity 1924K, committed 2048K, reserved 1048576K
Event: 3.814 GC heap after
Heap after GC invocations=17 (full 1):
 PSYoungGen      total 170496K, used 10272K [0x00000000eab00000, 0x00000000f6980000, 0x0000000100000000)
  eden space 146944K, 0% used [0x00000000eab00000,0x00000000eab00000,0x00000000f3a80000)
  from space 23552K, 43% used [0x00000000f5280000,0x00000000f5c88000,0x00000000f6980000)
  to   space 24064K, 0% used [0x00000000f3a80000,0x00000000f3a80000,0x00000000f5200000)
 ParOldGen       total 108032K, used 46626K [0x00000000c0000000, 0x00000000c6980000, 0x00000000eab00000)
  object space 108032K, 43% used [0x00000000c0000000,0x00000000c2d888a8,0x00000000c6980000)
 Metaspace       used 14156K, capacity 14972K, committed 15360K, reserved 1062912K
  class space    used 1704K, capacity 1924K, committed 2048K, reserved 1048576K
}
Event: 3.985 GC heap before
{Heap before GC invocations=18 (full 1):
 PSYoungGen      total 170496K, used 157216K [0x00000000eab00000, 0x00000000f6980000, 0x0000000100000000)
  eden space 146944K, 100% used [0x00000000eab00000,0x00000000f3a80000,0x00000000f3a80000)
  from space 23552K, 43% used [0x00000000f5280000,0x00000000f5c88000,0x00000000f6980000)
  to   space 24064K, 0% used [0x00000000f3a80000,0x00000000f3a80000,0x00000000f5200000)
 ParOldGen       total 108032K, used 46626K [0x00000000c0000000, 0x00000000c6980000, 0x00000000eab00000)
  object space 108032K, 43% used [0x00000000c0000000,0x00000000c2d888a8,0x00000000c6980000)
 Metaspace       used 14180K, capacity 14974K, committed 15360K, reserved 1062912K
  class space    used 1706K, capacity 1925K, committed 2048K, reserved 1048576K
Event: 3.995 GC heap after
Heap after GC invocations=18 (full 1):
 PSYoungGen      total 171008K, used 12388K [0x00000000eab00000, 0x00000000f6980000, 0x0000000100000000)
  eden space 146944K, 0% used [0x00000000eab00000,0x00000000eab00000,0x00000000f3a80000)
  from space 24064K, 51% used [0x00000000f3a80000,0x00000000f46990e0,0x00000000f5200000)
  to   space 23552K, 0% used [0x00000000f5280000,0x00000000f5280000,0x00000000f6980000)
 ParOldGen       total 108032K, used 46626K [0x00000000c0000000, 0x00000000c6980000, 0x00000000eab00000)
  object space 108032K, 43% used [0x00000000c0000000,0x00000000c2d888a8,0x00000000c6980000)
 Metaspace       used 14180K, capacity 14974K, committed 15360K, reserved 1062912K
  class space    used 1706K, capacity 1925K, committed 2048K, reserved 1048576K
}

Deoptimization events (10 events):
Event: 4.032 Thread 0x0000000018257800 Uncommon trap: reason=class_check action=maybe_recompile pc=0x00000000035cf010 method=com.android.tools.r8.ir.regalloc.LinearScanRegisterAllocator.a(Ljava/util/function/Predicate;Ljava/util/function/BiPredicate;ILcom/android/tools/r8/ir/regalloc/a;IZLcom/
Event: 4.035 Thread 0x0000000018257800 Uncommon trap: reason=bimorphic action=maybe_recompile pc=0x0000000003481c70 method=com.android.tools.r8.u.b.j1.a(Lcom/android/tools/r8/ir/analysis/type/k;)Lcom/android/tools/r8/u/b/j1; @ 29
Event: 4.036 Thread 0x0000000018257800 Uncommon trap: reason=bimorphic action=maybe_recompile pc=0x0000000003481c70 method=com.android.tools.r8.u.b.j1.a(Lcom/android/tools/r8/ir/analysis/type/k;)Lcom/android/tools/r8/u/b/j1; @ 29
Event: 4.047 Thread 0x0000000018257800 Uncommon trap: reason=bimorphic action=maybe_recompile pc=0x0000000003481c70 method=com.android.tools.r8.u.b.j1.a(Lcom/android/tools/r8/ir/analysis/type/k;)Lcom/android/tools/r8/u/b/j1; @ 29
Event: 4.047 Thread 0x0000000018257800 Uncommon trap: reason=bimorphic action=maybe_recompile pc=0x0000000003481c70 method=com.android.tools.r8.u.b.j1.a(Lcom/android/tools/r8/ir/analysis/type/k;)Lcom/android/tools/r8/u/b/j1; @ 29
Event: 4.058 Thread 0x0000000018257800 Uncommon trap: reason=class_check action=maybe_recompile pc=0x00000000035cf010 method=com.android.tools.r8.ir.regalloc.LinearScanRegisterAllocator.a(Ljava/util/function/Predicate;Ljava/util/function/BiPredicate;ILcom/android/tools/r8/ir/regalloc/a;IZLcom/
Event: 4.059 Thread 0x0000000018257800 Uncommon trap: reason=class_check action=maybe_recompile pc=0x00000000035cf010 method=com.android.tools.r8.ir.regalloc.LinearScanRegisterAllocator.a(Ljava/util/function/Predicate;Ljava/util/function/BiPredicate;ILcom/android/tools/r8/ir/regalloc/a;IZLcom/
Event: 4.059 Thread 0x0000000018257800 Uncommon trap: reason=class_check action=maybe_recompile pc=0x00000000035cf010 method=com.android.tools.r8.ir.regalloc.LinearScanRegisterAllocator.a(Ljava/util/function/Predicate;Ljava/util/function/BiPredicate;ILcom/android/tools/r8/ir/regalloc/a;IZLcom/
Event: 4.121 Thread 0x000000001825a800 Uncommon trap: reason=unstable_if action=reinterpret pc=0x0000000002b4cd00 method=java.util.Arrays.equals([Ljava/lang/Object;[Ljava/lang/Object;)Z @ 65
Event: 4.121 Thread 0x000000001825a800 Uncommon trap: reason=unstable_if action=reinterpret pc=0x0000000002b30750 method=java.util.Arrays.equals([Ljava/lang/Object;[Ljava/lang/Object;)Z @ 65

Classes redefined (0 events):
No events

Internal exceptions (10 events):
Event: 0.345 Thread 0x00000000025d2800 Implicit null exception at 0x00000000028a4eb8 to 0x00000000028a537d
Event: 1.189 Thread 0x00000000181af800 Exception <a 'java/lang/NoSuchMethodError': java.lang.Object.lambda$comparingInt$7b0bb60$1(Ljava/util/function/ToIntFunction;Ljava/lang/Object;Ljava/lang/Object;)I> (0x00000000efe14c60) thrown at [D:\j\worksp~1\openjd~3\jdk8u\hotspot\src\share\vm\interpre
Event: 1.189 Thread 0x0000000018257800 Exception <a 'java/lang/NoSuchMethodError': java.lang.Object.lambda$comparingInt$7b0bb60$1(Ljava/util/function/ToIntFunction;Ljava/lang/Object;Ljava/lang/Object;)I> (0x00000000f016d810) thrown at [D:\j\worksp~1\openjd~3\jdk8u\hotspot\src\share\vm\interpre
Event: 1.189 Thread 0x000000001825a800 Exception <a 'java/lang/NoSuchMethodError': java.lang.Object.lambda$comparingInt$7b0bb60$1(Ljava/util/function/ToIntFunction;Ljava/lang/Object;Ljava/lang/Object;)I> (0x00000000f0220f38) thrown at [D:\j\worksp~1\openjd~3\jdk8u\hotspot\src\share\vm\interpre
Event: 1.189 Thread 0x000000001825d000 Exception <a 'java/lang/NoSuchMethodError': java.lang.Object.lambda$comparingInt$7b0bb60$1(Ljava/util/function/ToIntFunction;Ljava/lang/Object;Ljava/lang/Object;)I> (0x00000000f02ab280) thrown at [D:\j\worksp~1\openjd~3\jdk8u\hotspot\src\share\vm\interpre
Event: 1.192 Thread 0x000000001825d000 Exception <a 'java/lang/NoSuchMethodError': java.lang.Object.lambda$maxBy$1(Ljava/util/Comparator;Ljava/lang/Object;Ljava/lang/Object;)Ljava/lang/Object;> (0x00000000f02b6fd0) thrown at [D:\j\worksp~1\openjd~3\jdk8u\hotspot\src\share\vm\interpreter\linkRe
Event: 1.192 Thread 0x00000000181af800 Exception <a 'java/lang/NoSuchMethodError': java.lang.Object.lambda$maxBy$1(Ljava/util/Comparator;Ljava/lang/Object;Ljava/lang/Object;)Ljava/lang/Object;> (0x00000000efe20b50) thrown at [D:\j\worksp~1\openjd~3\jdk8u\hotspot\src\share\vm\interpreter\linkRe
Event: 1.192 Thread 0x000000001825a800 Exception <a 'java/lang/NoSuchMethodError': java.lang.Object.lambda$maxBy$1(Ljava/util/Comparator;Ljava/lang/Object;Ljava/lang/Object;)Ljava/lang/Object;> (0x00000000f022cec8) thrown at [D:\j\worksp~1\openjd~3\jdk8u\hotspot\src\share\vm\interpreter\linkRe
Event: 1.192 Thread 0x0000000018257800 Exception <a 'java/lang/NoSuchMethodError': java.lang.Object.lambda$maxBy$1(Ljava/util/Comparator;Ljava/lang/Object;Ljava/lang/Object;)Ljava/lang/Object;> (0x00000000f0179500) thrown at [D:\j\worksp~1\openjd~3\jdk8u\hotspot\src\share\vm\interpreter\linkRe
Event: 1.224 Thread 0x00000000181af800 Implicit null exception at 0x0000000002a5e5af to 0x0000000002a5e64d

Events (10 events):
Event: 4.125 Thread 0x0000000016fde800 flushing nmethod 0x0000000002ca7690
Event: 4.125 Thread 0x0000000016fde800 flushing nmethod 0x0000000002ca84d0
Event: 4.125 Thread 0x0000000016fde800 flushing nmethod 0x0000000002cab150
Event: 4.125 Thread 0x0000000016fde800 flushing nmethod 0x0000000002cacbd0
Event: 4.125 Thread 0x0000000016fde800 flushing nmethod 0x0000000002caf7d0
Event: 4.125 Thread 0x0000000016fde800 flushing nmethod 0x0000000002cb1190
Event: 4.125 Thread 0x0000000016fde800 flushing nmethod 0x0000000002cb1c50
Event: 4.125 Thread 0x0000000016fde800 flushing nmethod 0x0000000002cb2350
Event: 4.126 Thread 0x000000001825d000 DEOPT PACKING pc=0x0000000002eb24d5 sp=0x0000000017fae440
Event: 4.126 Thread 0x000000001825d000 DEOPT UNPACKING pc=0x00000000027175d0 sp=0x0000000017fae298 mode 0


Dynamic libraries:
0x00007ff7b46c0000 - 0x00007ff7b46f5000 	C:\Program Files\Android\jdk\microsoft_dist_openjdk_1.8.0.25\bin\java.exe
0x00007ffbe2950000 - 0x00007ffbe2b46000 	C:\Windows\SYSTEM32\ntdll.dll
0x00007ffbe09d0000 - 0x00007ffbe0a8d000 	C:\Windows\System32\KERNEL32.DLL
0x00007ffbe03d0000 - 0x00007ffbe0699000 	C:\Windows\System32\KERNELBASE.dll
0x00007ffbe19c0000 - 0x00007ffbe1a6c000 	C:\Windows\System32\ADVAPI32.dll
0x00007ffbe1030000 - 0x00007ffbe10ce000 	C:\Windows\System32\msvcrt.dll
0x00007ffbe21f0000 - 0x00007ffbe228c000 	C:\Windows\System32\sechost.dll
0x00007ffbe2380000 - 0x00007ffbe24ab000 	C:\Windows\System32\RPCRT4.dll
0x00007ffbe2740000 - 0x00007ffbe28e0000 	C:\Windows\System32\USER32.dll
0x00007ffbe01c0000 - 0x00007ffbe01e2000 	C:\Windows\System32\win32u.dll
0x00007ffbe28e0000 - 0x00007ffbe290a000 	C:\Windows\System32\GDI32.dll
0x00007ffbe06a0000 - 0x00007ffbe07ab000 	C:\Windows\System32\gdi32full.dll
0x00007ffbe07b0000 - 0x00007ffbe084d000 	C:\Windows\System32\msvcp_win.dll
0x00007ffbe0090000 - 0x00007ffbe0190000 	C:\Windows\System32\ucrtbase.dll
0x00007ffbc5890000 - 0x00007ffbc5b2b000 	C:\Windows\WinSxS\amd64_microsoft.windows.common-controls_6595b64144ccf1df_6.0.19041.746_none_ca02b4b61b8320a4\COMCTL32.dll
0x00007ffbe1130000 - 0x00007ffbe1160000 	C:\Windows\System32\IMM32.DLL
0x0000000073bf0000 - 0x0000000073cc1000 	C:\Program Files\Android\jdk\microsoft_dist_openjdk_1.8.0.25\jre\bin\msvcr100.dll
0x00000000733a0000 - 0x0000000073be5000 	C:\Program Files\Android\jdk\microsoft_dist_openjdk_1.8.0.25\jre\bin\server\jvm.dll
0x00007ffbe18c0000 - 0x00007ffbe18c8000 	C:\Windows\System32\PSAPI.DLL
0x00007ffbc8530000 - 0x00007ffbc8539000 	C:\Windows\SYSTEM32\WSOCK32.dll
0x00007ffbdb910000 - 0x00007ffbdb937000 	C:\Windows\SYSTEM32\WINMM.dll
0x00007ffbd0490000 - 0x00007ffbd049a000 	C:\Windows\SYSTEM32\VERSION.dll
0x00007ffbe2180000 - 0x00007ffbe21eb000 	C:\Windows\System32\WS2_32.dll
0x00007ffbc8560000 - 0x00007ffbc856f000 	C:\Program Files\Android\jdk\microsoft_dist_openjdk_1.8.0.25\jre\bin\verify.dll
0x00007ffbb6e60000 - 0x00007ffbb6e89000 	C:\Program Files\Android\jdk\microsoft_dist_openjdk_1.8.0.25\jre\bin\java.dll
0x00007ffbb8d00000 - 0x00007ffbb8d16000 	C:\Program Files\Android\jdk\microsoft_dist_openjdk_1.8.0.25\jre\bin\zip.dll
0x00007ffbe1170000 - 0x00007ffbe18b2000 	C:\Windows\System32\SHELL32.dll
0x00007ffbde090000 - 0x00007ffbde820000 	C:\Windows\SYSTEM32\windows.storage.dll
0x00007ffbe1c40000 - 0x00007ffbe1f96000 	C:\Windows\System32\combase.dll
0x00007ffbdfa20000 - 0x00007ffbdfa4c000 	C:\Windows\SYSTEM32\Wldp.dll
0x00007ffbe1a70000 - 0x00007ffbe1b1e000 	C:\Windows\System32\SHCORE.dll
0x00007ffbe10d0000 - 0x00007ffbe1125000 	C:\Windows\System32\shlwapi.dll
0x00007ffbdffc0000 - 0x00007ffbdffe6000 	C:\Windows\SYSTEM32\profapi.dll
0x00007ffbb7ef0000 - 0x00007ffbb7f0a000 	C:\Program Files\Android\jdk\microsoft_dist_openjdk_1.8.0.25\jre\bin\net.dll
0x00007ffbdf810000 - 0x00007ffbdf87a000 	C:\Windows\system32\mswsock.dll
0x00007ffbb7350000 - 0x00007ffbb7361000 	C:\Program Files\Android\jdk\microsoft_dist_openjdk_1.8.0.25\jre\bin\nio.dll

VM Arguments:
jvm_args: -Xmx1G 
java_command: com.android.tools.r8.D8 --debug --min-api 21 --output obj\Debug\90\android\bin\ --lib C:\Program Files (x86)\Android\android-sdk\platforms\android-28\android.jar obj\Debug\90\android\bin\classes.zip C:\Program Files (x86)\Microsoft Visual Studio\2019\Community\Common7\IDE\ReferenceAssemblies\Microsoft\Framework\MonoAndroid\v9.0\mono.android.jar C:\Program Files (x86)\Microsoft Visual Studio\2019\Community\MSBuild\Xamarin\Android\java_runtime_fastdev.jar obj\Debug\90\lp\0\jl\formsviewgroup.jar obj\Debug\90\lp\1\jl\android.arch.core.common.jar obj\Debug\90\lp\10\jl\bin\classes.jar obj\Debug\90\lp\11\jl\com.android.support.collections.jar obj\Debug\90\lp\12\jl\bin\classes.jar obj\Debug\90\lp\13\jl\bin\classes.jar obj\Debug\90\lp\14\jl\bin\classes.jar obj\Debug\90\lp\15\jl\bin\classes.jar obj\Debug\90\lp\16\jl\bin\classes.jar obj\Debug\90\lp\17\jl\bin\classes.jar obj\Debug\90\lp\18\jl\bin\classes.jar obj\Debug\90\lp\19\jl\bin\classes.jar obj\Debug\90\lp\2\jl\bin\classes.jar obj\Debug\90\lp\20\jl\bin\classes.jar obj\Debug\90\lp\21\jl\bin\classes.jar obj\Debug\90\lp\22\jl\bin\classes.jar obj\Debug\90\lp\23\jl\bin\classes.jar obj\Debug\90\lp\24\jl\bin\classes.jar obj\Debug\90\lp\25\jl\bin\classes.jar obj\Debug\90\lp\26\jl\bin\classes.jar obj\Debug\90\lp\27\jl\bin\classes.jar obj\Debug\90\lp\28\jl\bin\classes.jar obj\Debug\90\lp\29\jl\bin\classes.jar obj\Debug\90\lp\3\jl\android.arch.lifecycle.common.jar obj\Debug\90\lp\30\jl\bin\classes.jar obj\Debug\90\lp\32\jl\bin\classes.jar obj\Debug\90\lp\33\jl\bin\classes.jar obj\Debug\90\lp\34\jl\bin\classes.jar obj\Debug\90\lp\35\jl\bin\classes.jar obj\Debug\90\lp\36\jl\bin\classes.jar obj\Debug\90\lp\37\jl\bin\classes.jar obj\Debug\90\lp\4\jl\bin\classes.jar obj\Debug\90\lp\5\jl\bin\classes.jar obj\Debug\90\lp\6\jl\bin\classes.jar obj\Debug\90\lp\7\jl\bin\classes.jar obj\Debug\90\lp\8\jl\bin\classes.jar obj\Debug\90\lp\9\jl\com.android.support.support-annotations.jar
java_class_path (initial): C:\Program Files (x86)\Microsoft Visual Studio\2019\Community\MSBuild\Xamarin\Android\r8.jar
Launcher Type: SUN_STANDARD

Environment Variables:
JAVA_HOME=C:\Program Files\Android\jdk\microsoft_dist_openjdk_1.8.0.25
PATH=C:\Program Files\Android\jdk\microsoft_dist_openjdk_1.8.0.25\bin;D:\Amazon Coretto\jdk11.0.10_9\bin;D:\app\Ana\product\11.2.0\dbhome_1\bin;C:\Program Files\Java\jdk-11.0.9\bin;C:\Program Files\Common Files\Oracle\Java\javapath;C:\Windows\system32;C:\Windows;C:\Windows\System32\Wbem;C:\Windows\System32\WindowsPowerShell\v1.0\;C:\Windows\System32\OpenSSH\;C:\Program Files\Microsoft SQL Server\130\Tools\Binn\;C:\Program Files\Microsoft SQL Server\Client SDK\ODBC\170\Tools\Binn\;C:\Program Files\nodejs\;C:\Program Files\SourceGear\Common\DiffMerge\;C:\Program Files\dotnet\;C:\Users\Ana\AppData\Local\Programs\Python\Python39\Scripts\;C:\Users\Ana\AppData\Local\Programs\Python\Python39\;C:\Users\Ana\AppData\Local\Microsoft\WindowsApps;C:\Users\Ana\AppData\Local\Programs\Microsoft VS Code\bin;C:\Users\Ana\AppData\Roaming\npm;C:\Program Files\Oracle\instantclient_12_2;D:\heroku\bin;C:\Users\Ana\.dotnet\tools
USERNAME=Ana
OS=Windows_NT
PROCESSOR_IDENTIFIER=Intel64 Family 6 Model 126 Stepping 5, GenuineIntel



---------------  S Y S T E M  ---------------

OS: Windows 10.0 , 64 bit Build 19041 (10.0.19041.804)

CPU:total 8 (initial active 8) (4 cores per cpu, 2 threads per core) family 6 model 126 stepping 5, cmov, cx8, fxsr, mmx, sse, sse2, sse3, ssse3, sse4.1, sse4.2, popcnt, avx, avx2, aes, clmul, erms, 3dnowpref, lzcnt, ht, tsc, tscinvbit, bmi1, bmi2, adx

Memory: 4k page, physical 7604220k(904644k free), swap 7604220k(5592k free)

vm_info: OpenJDK 64-Bit Server VM (25.71-b00) for windows-amd64 JRE (1.8.0-25-microsoft-b00), built on Feb  7 2019 20:09:14 by "builder" with MS VC++ 10.0 (VS2010)

time: Wed Mar 03 13:59:37 2021
timezone: GTB Standard Time
elapsed time: 4 seconds (0d 0h 0m 4s)

