#
# There is insufficient memory for the Java Runtime Environment to continue.
# Native memory allocation (malloc) failed to allocate 262160 bytes for Chunk::new
# Possible reasons:
#   The system is out of physical RAM or swap space
#   The process is running with CompressedOops enabled, and the Java Heap may be blocking the growth of the native heap
# Possible solutions:
#   Reduce memory load on the system
#   Increase physical memory or swap space
#   Check if swap backing store is full
#   Decrease Java heap size (-Xmx/-Xms)
#   Decrease number of Java threads
#   Decrease Java thread stack sizes (-Xss)
#   Set larger code cache with -XX:ReservedCodeCacheSize=
#   JVM is running with Unscaled Compressed Oops mode in which the Java heap is
#     placed in the first 4GB address space. The Java Heap base address is the
#     maximum limit for the native heap growth. Please use -XX:HeapBaseMinAddress
#     to set the Java Heap base and to place the Java Heap above 4GB virtual address.
# This output file may be truncated or incomplete.
#
#  Out of Memory Error (allocation.cpp:389), pid=3128, tid=0x0000000000000488
#
# JRE version: OpenJDK Runtime Environment (8.0) (build 1.8.0-25-microsoft-b00)
# Java VM: OpenJDK 64-Bit Server VM (25.71-b00 mixed mode windows-amd64 compressed oops)
# Failed to write core dump. Minidumps are not enabled by default on client versions of Windows
#

---------------  T H R E A D  ---------------

Current thread (0x0000000019875000):  JavaThread "C2 CompilerThread1" daemon [_thread_in_native, id=1160, stack(0x000000001a240000,0x000000001a340000)]

Stack: [0x000000001a240000,0x000000001a340000]
[error occurred during error reporting (printing stack bounds), id 0xc0000005]

Native frames: (J=compiled Java code, j=interpreted, Vv=VM code, C=native code)


Current CompileTask:
C2:   4219 2443       4       com.sun.tools.javac.code.Types$ImplementationCache::implementationInternal (143 bytes)


---------------  P R O C E S S  ---------------

Java Threads: ( => current thread )
  0x0000000019903800 JavaThread "Service Thread" daemon [_thread_blocked, id=8044, stack(0x000000001a540000,0x000000001a640000)]
  0x000000001987c800 JavaThread "C1 CompilerThread3" daemon [_thread_blocked, id=9860, stack(0x000000001a440000,0x000000001a540000)]
  0x0000000019878800 JavaThread "C2 CompilerThread2" daemon [_thread_in_native, id=1308, stack(0x000000001a340000,0x000000001a440000)]
=>0x0000000019875000 JavaThread "C2 CompilerThread1" daemon [_thread_in_native, id=1160, stack(0x000000001a240000,0x000000001a340000)]
  0x0000000019872000 JavaThread "C2 CompilerThread0" daemon [_thread_in_native, id=8428, stack(0x000000001a140000,0x000000001a240000)]
  0x0000000019871000 JavaThread "Attach Listener" daemon [_thread_blocked, id=3048, stack(0x000000001a040000,0x000000001a140000)]
  0x0000000017a7e800 JavaThread "Signal Dispatcher" daemon [_thread_blocked, id=7896, stack(0x0000000019f40000,0x000000001a040000)]
  0x0000000019861000 JavaThread "Finalizer" daemon [_thread_blocked, id=3296, stack(0x0000000019d40000,0x0000000019e40000)]
  0x0000000019860800 JavaThread "Reference Handler" daemon [_thread_blocked, id=9356, stack(0x0000000019c40000,0x0000000019d40000)]
  0x000000000154e000 JavaThread "main" [_thread_in_Java, id=9824, stack(0x0000000002de0000,0x0000000002ee0000)]

Other Threads:
  0x0000000017a67800 VMThread [stack: 0x0000000019740000,0x0000000019840000] [id=10500]
  0x0000000019887800 WatcherThread [stack: 0x000000001a640000,0x000000001a740000] [id=12788]

VM state:not at safepoint (normal execution)

VM Mutex/Monitor currently owned by a thread: None

heap address: 0x000000008be00000, size: 1858 MB, Compressed Oops mode: 32-bit
Narrow klass base: 0x0000000000000000, Narrow klass shift: 3
Compressed class space size: 1073741824 Address: 0x0000000100000000

Heap:
 PSYoungGen      total 38400K, used 26258K [0x00000000d9500000, 0x00000000dcc80000, 0x0000000100000000)
  eden space 27136K, 85% used [0x00000000d9500000,0x00000000daba9818,0x00000000daf80000)
  from space 11264K, 27% used [0x00000000daf80000,0x00000000db27b0e0,0x00000000dba80000)
  to   space 11264K, 0% used [0x00000000dc180000,0x00000000dc180000,0x00000000dcc80000)
 ParOldGen       total 31744K, used 20578K [0x000000008be00000, 0x000000008dd00000, 0x00000000d9500000)
  object space 31744K, 64% used [0x000000008be00000,0x000000008d218ad8,0x000000008dd00000)
 Metaspace       used 9607K, capacity 10228K, committed 10496K, reserved 1058816K
  class space    used 973K, capacity 1008K, committed 1024K, reserved 1048576K

Card table byte_map: [0x00000000124a0000,0x0000000012850000] byte_map_base: 0x0000000012041000

Marking Bits: (ParMarkBitMap*) 0x0000000054e18f30
 Begin Bits: [0x00000000132c0000, 0x0000000014fc8000)
 End Bits:   [0x0000000014fc8000, 0x0000000016cd0000)

Polling page: 0x0000000001590000

CodeCache: size=245760Kb used=10577Kb max_used=10577Kb free=235182Kb
 bounds [0x00000000030e0000, 0x0000000003b40000, 0x00000000120e0000]
 total_blobs=2824 nmethods=2526 adapters=211
 compilation: enabled

Compilation events (10 events):
Event: 4.201 Thread 0x000000001987c800 nmethod 2570 0x0000000003b0ff90 code [0x0000000003b102a0, 0x0000000003b11288]
Event: 4.202 Thread 0x000000001987c800 2571       2       com.sun.tools.javac.code.Type$ClassType::constType (24 bytes)
Event: 4.202 Thread 0x000000001987c800 nmethod 2571 0x0000000003b0fad0 code [0x0000000003b0fc40, 0x0000000003b0fe98]
Event: 4.202 Thread 0x000000001987c800 2572       2       com.sun.tools.javac.code.Type$ClassType$1::<init> (20 bytes)
Event: 4.202 Thread 0x000000001987c800 nmethod 2572 0x0000000003b0f710 code [0x0000000003b0f880, 0x0000000003b0fa28]
Event: 4.203 Thread 0x000000001987c800 2575       2       com.sun.tools.javac.comp.Flow$AssignAnalyzer::newVar (99 bytes)
Event: 4.204 Thread 0x000000001987c800 nmethod 2575 0x0000000003b3a9d0 code [0x0000000003b3ab60, 0x0000000003b3ae88]
Event: 4.204 Thread 0x000000001987c800 2576       2       com.sun.tools.javac.comp.Check::union (39 bytes)
Event: 4.204 Thread 0x000000001987c800 nmethod 2576 0x0000000003b3b0d0 code [0x0000000003b3b260, 0x0000000003b3b5b8]
Event: 4.216 Thread 0x000000001987c800 2577       2       com.sun.tools.javac.jvm.Items::makeStackItem (10 bytes)

GC Heap History (10 events):
Event: 2.744 GC heap before
{Heap before GC invocations=10 (full 1):
 PSYoungGen      total 24576K, used 24195K [0x00000000d9500000, 0x00000000db580000, 0x0000000100000000)
  eden space 20992K, 100% used [0x00000000d9500000,0x00000000da980000,0x00000000da980000)
  from space 3584K, 89% used [0x00000000db200000,0x00000000db520d88,0x00000000db580000)
  to   space 6144K, 0% used [0x00000000da980000,0x00000000da980000,0x00000000daf80000)
 ParOldGen       total 13312K, used 7651K [0x000000008be00000, 0x000000008cb00000, 0x00000000d9500000)
  object space 13312K, 57% used [0x000000008be00000,0x000000008c578e58,0x000000008cb00000)
 Metaspace       used 7706K, capacity 8532K, committed 8704K, reserved 1056768K
  class space    used 879K, capacity 912K, committed 1024K, reserved 1048576K
Event: 2.751 GC heap after
Heap after GC invocations=10 (full 1):
 PSYoungGen      total 27136K, used 6130K [0x00000000d9500000, 0x00000000dc400000, 0x0000000100000000)
  eden space 20992K, 0% used [0x00000000d9500000,0x00000000d9500000,0x00000000da980000)
  from space 6144K, 99% used [0x00000000da980000,0x00000000daf7cb20,0x00000000daf80000)
  to   space 8704K, 0% used [0x00000000dbb80000,0x00000000dbb80000,0x00000000dc400000)
 ParOldGen       total 13312K, used 11038K [0x000000008be00000, 0x000000008cb00000, 0x00000000d9500000)
  object space 13312K, 82% used [0x000000008be00000,0x000000008c8c7a20,0x000000008cb00000)
 Metaspace       used 7706K, capacity 8532K, committed 8704K, reserved 1056768K
  class space    used 879K, capacity 912K, committed 1024K, reserved 1048576K
}
Event: 2.751 GC heap before
{Heap before GC invocations=11 (full 2):
 PSYoungGen      total 27136K, used 6130K [0x00000000d9500000, 0x00000000dc400000, 0x0000000100000000)
  eden space 20992K, 0% used [0x00000000d9500000,0x00000000d9500000,0x00000000da980000)
  from space 6144K, 99% used [0x00000000da980000,0x00000000daf7cb20,0x00000000daf80000)
  to   space 8704K, 0% used [0x00000000dbb80000,0x00000000dbb80000,0x00000000dc400000)
 ParOldGen       total 13312K, used 11038K [0x000000008be00000, 0x000000008cb00000, 0x00000000d9500000)
  object space 13312K, 82% used [0x000000008be00000,0x000000008c8c7a20,0x000000008cb00000)
 Metaspace       used 7706K, capacity 8532K, committed 8704K, reserved 1056768K
  class space    used 879K, capacity 912K, committed 1024K, reserved 1048576K
Event: 2.790 GC heap after
Heap after GC invocations=11 (full 2):
 PSYoungGen      total 27136K, used 1991K [0x00000000d9500000, 0x00000000dc400000, 0x0000000100000000)
  eden space 20992K, 0% used [0x00000000d9500000,0x00000000d9500000,0x00000000da980000)
  from space 6144K, 32% used [0x00000000da980000,0x00000000dab71d88,0x00000000daf80000)
  to   space 8704K, 0% used [0x00000000dbb80000,0x00000000dbb80000,0x00000000dc400000)
 ParOldGen       total 20992K, used 13179K [0x000000008be00000, 0x000000008d280000, 0x00000000d9500000)
  object space 20992K, 62% used [0x000000008be00000,0x000000008cadef10,0x000000008d280000)
 Metaspace       used 7706K, capacity 8532K, committed 8704K, reserved 1056768K
  class space    used 879K, capacity 912K, committed 1024K, reserved 1048576K
}
Event: 2.973 GC heap before
{Heap before GC invocations=12 (full 2):
 PSYoungGen      total 27136K, used 22983K [0x00000000d9500000, 0x00000000dc400000, 0x0000000100000000)
  eden space 20992K, 100% used [0x00000000d9500000,0x00000000da980000,0x00000000da980000)
  from space 6144K, 32% used [0x00000000da980000,0x00000000dab71d88,0x00000000daf80000)
  to   space 8704K, 0% used [0x00000000dbb80000,0x00000000dbb80000,0x00000000dc400000)
 ParOldGen       total 20992K, used 13179K [0x000000008be00000, 0x000000008d280000, 0x00000000d9500000)
  object space 20992K, 62% used [0x000000008be00000,0x000000008cadef10,0x000000008d280000)
 Metaspace       used 7993K, capacity 8788K, committed 8960K, reserved 1056768K
  class space    used 884K, capacity 912K, committed 1024K, reserved 1048576K
Event: 2.985 GC heap after
Heap after GC invocations=12 (full 2):
 PSYoungGen      total 35840K, used 8699K [0x00000000d9500000, 0x00000000dc580000, 0x0000000100000000)
  eden space 27136K, 0% used [0x00000000d9500000,0x00000000d9500000,0x00000000daf80000)
  from space 8704K, 99% used [0x00000000dbb80000,0x00000000dc3fed58,0x00000000dc400000)
  to   space 11264K, 0% used [0x00000000daf80000,0x00000000daf80000,0x00000000dba80000)
 ParOldGen       total 20992K, used 15866K [0x000000008be00000, 0x000000008d280000, 0x00000000d9500000)
  object space 20992K, 75% used [0x000000008be00000,0x000000008cd7e8b0,0x000000008d280000)
 Metaspace       used 7993K, capacity 8788K, committed 8960K, reserved 1056768K
  class space    used 884K, capacity 912K, committed 1024K, reserved 1048576K
}
Event: 3.568 GC heap before
{Heap before GC invocations=13 (full 2):
 PSYoungGen      total 35840K, used 35835K [0x00000000d9500000, 0x00000000dc580000, 0x0000000100000000)
  eden space 27136K, 100% used [0x00000000d9500000,0x00000000daf80000,0x00000000daf80000)
  from space 8704K, 99% used [0x00000000dbb80000,0x00000000dc3fed58,0x00000000dc400000)
  to   space 11264K, 0% used [0x00000000daf80000,0x00000000daf80000,0x00000000dba80000)
 ParOldGen       total 20992K, used 15866K [0x000000008be00000, 0x000000008d280000, 0x00000000d9500000)
  object space 20992K, 75% used [0x000000008be00000,0x000000008cd7e8b0,0x000000008d280000)
 Metaspace       used 9261K, capacity 9908K, committed 9984K, reserved 1058816K
  class space    used 973K, capacity 1008K, committed 1024K, reserved 1048576K
Event: 3.577 GC heap after
Heap after GC invocations=13 (full 2):
 PSYoungGen      total 38400K, used 6181K [0x00000000d9500000, 0x00000000dcc80000, 0x0000000100000000)
  eden space 27136K, 0% used [0x00000000d9500000,0x00000000d9500000,0x00000000daf80000)
  from space 11264K, 54% used [0x00000000daf80000,0x00000000db589630,0x00000000dba80000)
  to   space 11264K, 0% used [0x00000000dc180000,0x00000000dc180000,0x00000000dcc80000)
 ParOldGen       total 20992K, used 20967K [0x000000008be00000, 0x000000008d280000, 0x00000000d9500000)
  object space 20992K, 99% used [0x000000008be00000,0x000000008d279e48,0x000000008d280000)
 Metaspace       used 9261K, capacity 9908K, committed 9984K, reserved 1058816K
  class space    used 973K, capacity 1008K, committed 1024K, reserved 1048576K
}
Event: 3.577 GC heap before
{Heap before GC invocations=14 (full 3):
 PSYoungGen      total 38400K, used 6181K [0x00000000d9500000, 0x00000000dcc80000, 0x0000000100000000)
  eden space 27136K, 0% used [0x00000000d9500000,0x00000000d9500000,0x00000000daf80000)
  from space 11264K, 54% used [0x00000000daf80000,0x00000000db589630,0x00000000dba80000)
  to   space 11264K, 0% used [0x00000000dc180000,0x00000000dc180000,0x00000000dcc80000)
 ParOldGen       total 20992K, used 20967K [0x000000008be00000, 0x000000008d280000, 0x00000000d9500000)
  object space 20992K, 99% used [0x000000008be00000,0x000000008d279e48,0x000000008d280000)
 Metaspace       used 9261K, capacity 9908K, committed 9984K, reserved 1058816K
  class space    used 973K, capacity 1008K, committed 1024K, reserved 1048576K
Event: 3.661 GC heap after
Heap after GC invocations=14 (full 3):
 PSYoungGen      total 38400K, used 3052K [0x00000000d9500000, 0x00000000dcc80000, 0x0000000100000000)
  eden space 27136K, 0% used [0x00000000d9500000,0x00000000d9500000,0x00000000daf80000)
  from space 11264K, 27% used [0x00000000daf80000,0x00000000db27b0e0,0x00000000dba80000)
  to   space 11264K, 0% used [0x00000000dc180000,0x00000000dc180000,0x00000000dcc80000)
 ParOldGen       total 31744K, used 20578K [0x000000008be00000, 0x000000008dd00000, 0x00000000d9500000)
  object space 31744K, 64% used [0x000000008be00000,0x000000008d218ad8,0x000000008dd00000)
 Metaspace       used 9261K, capacity 9908K, committed 9984K, reserved 1058816K
  class space    used 973K, capacity 1008K, committed 1024K, reserved 1048576K
}

Deoptimization events (10 events):
Event: 3.557 Thread 0x000000000154e000 Uncommon trap: reason=bimorphic action=maybe_recompile pc=0x00000000038a5124 method=com.sun.tools.javac.code.Types$SameTypeVisitor.visitType(Lcom/sun/tools/javac/code/Type;Lcom/sun/tools/javac/code/Type;)Ljava/lang/Boolean; @ 11
Event: 3.557 Thread 0x000000000154e000 Uncommon trap: reason=bimorphic action=maybe_recompile pc=0x00000000038a5124 method=com.sun.tools.javac.code.Types$SameTypeVisitor.visitType(Lcom/sun/tools/javac/code/Type;Lcom/sun/tools/javac/code/Type;)Ljava/lang/Boolean; @ 11
Event: 3.557 Thread 0x000000000154e000 Uncommon trap: reason=bimorphic action=maybe_recompile pc=0x00000000038a5124 method=com.sun.tools.javac.code.Types$SameTypeVisitor.visitType(Lcom/sun/tools/javac/code/Type;Lcom/sun/tools/javac/code/Type;)Ljava/lang/Boolean; @ 11
Event: 3.558 Thread 0x000000000154e000 Uncommon trap: reason=class_check action=maybe_recompile pc=0x00000000038f6c0c method=com.sun.tools.javac.comp.Check.checkType(Lcom/sun/tools/javac/util/JCDiagnostic$DiagnosticPosition;Lcom/sun/tools/javac/code/Type;Lcom/sun/tools/javac/code/Type;Lcom/sun
Event: 3.559 Thread 0x000000000154e000 Uncommon trap: reason=class_check action=maybe_recompile pc=0x00000000038f6c0c method=com.sun.tools.javac.comp.Check.checkType(Lcom/sun/tools/javac/util/JCDiagnostic$DiagnosticPosition;Lcom/sun/tools/javac/code/Type;Lcom/sun/tools/javac/code/Type;Lcom/sun
Event: 3.566 Thread 0x000000000154e000 Uncommon trap: reason=class_check action=maybe_recompile pc=0x00000000038e0e84 method=com.sun.tools.javac.code.Types.isAssignable(Lcom/sun/tools/javac/code/Type;Lcom/sun/tools/javac/code/Type;Lcom/sun/tools/javac/util/Warner;)Z @ 26
Event: 3.666 Thread 0x000000000154e000 Uncommon trap: reason=class_check action=maybe_recompile pc=0x00000000038e0e84 method=com.sun.tools.javac.code.Types.isAssignable(Lcom/sun/tools/javac/code/Type;Lcom/sun/tools/javac/code/Type;Lcom/sun/tools/javac/util/Warner;)Z @ 26
Event: 3.671 Thread 0x000000000154e000 Uncommon trap: reason=class_check action=maybe_recompile pc=0x00000000038e0e84 method=com.sun.tools.javac.code.Types.isAssignable(Lcom/sun/tools/javac/code/Type;Lcom/sun/tools/javac/code/Type;Lcom/sun/tools/javac/util/Warner;)Z @ 26
Event: 3.679 Thread 0x000000000154e000 Uncommon trap: reason=class_check action=maybe_recompile pc=0x00000000038f6c0c method=com.sun.tools.javac.comp.Check.checkType(Lcom/sun/tools/javac/util/JCDiagnostic$DiagnosticPosition;Lcom/sun/tools/javac/code/Type;Lcom/sun/tools/javac/code/Type;Lcom/sun
Event: 3.683 Thread 0x000000000154e000 Uncommon trap: reason=class_check action=maybe_recompile pc=0x00000000038f6c0c method=com.sun.tools.javac.comp.Check.checkType(Lcom/sun/tools/javac/util/JCDiagnostic$DiagnosticPosition;Lcom/sun/tools/javac/code/Type;Lcom/sun/tools/javac/code/Type;Lcom/sun

Classes redefined (0 events):
No events

Internal exceptions (10 events):
Event: 0.020 Thread 0x000000000154e000 Exception <a 'java/lang/NoSuchMethodError': Method sun.misc.Unsafe.defineClass(Ljava/lang/String;[BII)Ljava/lang/Class; name or signature does not match> (0x00000000d9507cd8) thrown at [D:\j\worksp~1\openjd~3\jdk8u\hotspot\src\share\vm\prims\jni.cpp, line
Event: 0.020 Thread 0x000000000154e000 Exception <a 'java/lang/NoSuchMethodError': Method sun.misc.Unsafe.prefetchRead(Ljava/lang/Object;J)V name or signature does not match> (0x00000000d9507fc0) thrown at [D:\j\worksp~1\openjd~3\jdk8u\hotspot\src\share\vm\prims\jni.cpp, line 4012]
Event: 0.097 Thread 0x000000000154e000 Exception <a 'java/security/PrivilegedActionException'> (0x00000000d9675858) thrown at [D:\j\worksp~1\openjd~3\jdk8u\hotspot\src\share\vm\prims\jvm.cpp, line 1508]
Event: 0.097 Thread 0x000000000154e000 Exception <a 'java/security/PrivilegedActionException'> (0x00000000d9675c50) thrown at [D:\j\worksp~1\openjd~3\jdk8u\hotspot\src\share\vm\prims\jvm.cpp, line 1508]
Event: 0.097 Thread 0x000000000154e000 Exception <a 'java/security/PrivilegedActionException'> (0x00000000d967a198) thrown at [D:\j\worksp~1\openjd~3\jdk8u\hotspot\src\share\vm\prims\jvm.cpp, line 1508]
Event: 0.097 Thread 0x000000000154e000 Exception <a 'java/security/PrivilegedActionException'> (0x00000000d967a590) thrown at [D:\j\worksp~1\openjd~3\jdk8u\hotspot\src\share\vm\prims\jvm.cpp, line 1508]
Event: 0.098 Thread 0x000000000154e000 Exception <a 'java/security/PrivilegedActionException'> (0x00000000d967beb8) thrown at [D:\j\worksp~1\openjd~3\jdk8u\hotspot\src\share\vm\prims\jvm.cpp, line 1508]
Event: 0.098 Thread 0x000000000154e000 Exception <a 'java/security/PrivilegedActionException'> (0x00000000d967c2b0) thrown at [D:\j\worksp~1\openjd~3\jdk8u\hotspot\src\share\vm\prims\jvm.cpp, line 1508]
Event: 0.104 Thread 0x000000000154e000 Exception <a 'java/security/PrivilegedActionException'> (0x00000000d95092d0) thrown at [D:\j\worksp~1\openjd~3\jdk8u\hotspot\src\share\vm\prims\jvm.cpp, line 1508]
Event: 0.104 Thread 0x000000000154e000 Exception <a 'java/security/PrivilegedActionException'> (0x00000000d95326b0) thrown at [D:\j\worksp~1\openjd~3\jdk8u\hotspot\src\share\vm\prims\jvm.cpp, line 1508]

Events (10 events):
Event: 3.679 Thread 0x000000000154e000 DEOPT UNPACKING pc=0x000000000312557b sp=0x0000000002edd158 mode 2
Event: 3.683 Thread 0x000000000154e000 Uncommon trap: trap_request=0xffffffde fr.pc=0x00000000038f6c0c
Event: 3.683 Thread 0x000000000154e000 DEOPT PACKING pc=0x00000000038f6c0c sp=0x0000000002edd280
Event: 3.683 Thread 0x000000000154e000 DEOPT UNPACKING pc=0x000000000312557b sp=0x0000000002edd288 mode 2
Event: 3.790 Thread 0x000000000154e000 DEOPT PACKING pc=0x00000000038394ed sp=0x0000000002ede5b0
Event: 3.790 Thread 0x000000000154e000 DEOPT UNPACKING pc=0x00000000031275d0 sp=0x0000000002ede358 mode 0
Event: 3.790 Executing VM operation: ForceSafepoint
Event: 3.790 Executing VM operation: ForceSafepoint done
Event: 4.095 Executing VM operation: EnableBiasedLocking
Event: 4.095 Executing VM operation: EnableBiasedLocking done


Dynamic libraries:
0x00007ff7be8c0000 - 0x00007ff7be8c7000 	C:\Program Files\Android\jdk\microsoft_dist_openjdk_1.8.0.25\bin\javac.exe
0x00007ffbe2ad0000 - 0x00007ffbe2cc6000 	C:\Windows\SYSTEM32\ntdll.dll
0x00007ffbe2220000 - 0x00007ffbe22dd000 	C:\Windows\System32\KERNEL32.DLL
0x00007ffbe0240000 - 0x00007ffbe0509000 	C:\Windows\System32\KERNELBASE.dll
0x00007ffbcba60000 - 0x00007ffbcba8f000 	C:\Program Files\Android\jdk\microsoft_dist_openjdk_1.8.0.25\bin\jli.dll
0x0000000054570000 - 0x0000000054641000 	C:\Program Files\Android\jdk\microsoft_dist_openjdk_1.8.0.25\bin\MSVCR100.dll
0x00007ffbe2130000 - 0x00007ffbe21dc000 	C:\Windows\System32\ADVAPI32.dll
0x00007ffbe1e70000 - 0x00007ffbe1f0e000 	C:\Windows\System32\msvcrt.dll
0x00007ffbe29f0000 - 0x00007ffbe2a8c000 	C:\Windows\System32\sechost.dll
0x00007ffbe22e0000 - 0x00007ffbe240b000 	C:\Windows\System32\RPCRT4.dll
0x00007ffbe1f30000 - 0x00007ffbe20d0000 	C:\Windows\System32\USER32.dll
0x00007ffbe0b00000 - 0x00007ffbe0b22000 	C:\Windows\System32\win32u.dll
0x00007ffbc56d0000 - 0x00007ffbc596b000 	C:\Windows\WinSxS\amd64_microsoft.windows.common-controls_6595b64144ccf1df_6.0.19041.746_none_ca02b4b61b8320a4\COMCTL32.dll
0x00007ffbe21e0000 - 0x00007ffbe220a000 	C:\Windows\System32\GDI32.dll
0x00007ffbe08f0000 - 0x00007ffbe09fb000 	C:\Windows\System32\gdi32full.dll
0x00007ffbe0a00000 - 0x00007ffbe0a9d000 	C:\Windows\System32\msvcp_win.dll
0x00007ffbe0510000 - 0x00007ffbe0610000 	C:\Windows\System32\ucrtbase.dll
0x00007ffbe0b30000 - 0x00007ffbe0b60000 	C:\Windows\System32\IMM32.DLL
0x0000000054ea0000 - 0x0000000054f71000 	C:\Program Files\Android\jdk\microsoft_dist_openjdk_1.8.0.25\jre\bin\msvcr100.dll
0x0000000054650000 - 0x0000000054e95000 	C:\Program Files\Android\jdk\microsoft_dist_openjdk_1.8.0.25\jre\bin\server\jvm.dll
0x00007ffbe1f20000 - 0x00007ffbe1f28000 	C:\Windows\System32\PSAPI.DLL
0x00007ffbc6b30000 - 0x00007ffbc6b39000 	C:\Windows\SYSTEM32\WSOCK32.dll
0x00007ffbe1e00000 - 0x00007ffbe1e6b000 	C:\Windows\System32\WS2_32.dll
0x00007ffbdaa10000 - 0x00007ffbdaa37000 	C:\Windows\SYSTEM32\WINMM.dll
0x00007ffbd0040000 - 0x00007ffbd004a000 	C:\Windows\SYSTEM32\VERSION.dll
0x00007ffbbdc10000 - 0x00007ffbbdc1f000 	C:\Program Files\Android\jdk\microsoft_dist_openjdk_1.8.0.25\jre\bin\verify.dll
0x00007ffbb80a0000 - 0x00007ffbb80c9000 	C:\Program Files\Android\jdk\microsoft_dist_openjdk_1.8.0.25\jre\bin\java.dll
0x00007ffbba840000 - 0x00007ffbba856000 	C:\Program Files\Android\jdk\microsoft_dist_openjdk_1.8.0.25\jre\bin\zip.dll
0x00007ffbe0c30000 - 0x00007ffbe1372000 	C:\Windows\System32\SHELL32.dll
0x00007ffbde300000 - 0x00007ffbdea90000 	C:\Windows\SYSTEM32\windows.storage.dll
0x00007ffbe1580000 - 0x00007ffbe18d6000 	C:\Windows\System32\combase.dll
0x00007ffbdfba0000 - 0x00007ffbdfbcc000 	C:\Windows\SYSTEM32\Wldp.dll
0x00007ffbe1380000 - 0x00007ffbe142e000 	C:\Windows\System32\SHCORE.dll
0x00007ffbe2990000 - 0x00007ffbe29e5000 	C:\Windows\System32\shlwapi.dll
0x00007ffbe0140000 - 0x00007ffbe0166000 	C:\Windows\SYSTEM32\profapi.dll

VM Arguments:
jvm_args: -Dapplication.home=C:\Program Files\Android\jdk\microsoft_dist_openjdk_1.8.0.25 -Xms8m -Dfile.encoding=UTF8 
java_command: com.sun.tools.javac.Main @C:\Users\Ana\AppData\Local\Temp\tmp9184.tmp -target 1.8 -source 1.8
java_class_path (initial): C:\Program Files\Android\jdk\microsoft_dist_openjdk_1.8.0.25/lib/tools.jar;C:\Program Files\Android\jdk\microsoft_dist_openjdk_1.8.0.25/classes
Launcher Type: SUN_STANDARD

Environment Variables:
JAVA_HOME=C:\Program Files\Android\jdk\microsoft_dist_openjdk_1.8.0.25
PATH=C:\Program Files\Android\jdk\microsoft_dist_openjdk_1.8.0.25\bin;D:\app\Ana\product\11.2.0\dbhome_1\bin;C:\Program Files\Java\jdk-11.0.9\bin;C:\Program Files\Common Files\Oracle\Java\javapath;C:\Windows\system32;C:\Windows;C:\Windows\System32\Wbem;C:\Windows\System32\WindowsPowerShell\v1.0\;C:\Windows\System32\OpenSSH\;C:\Program Files\Microsoft SQL Server\130\Tools\Binn\;C:\Program Files\Microsoft SQL Server\Client SDK\ODBC\170\Tools\Binn\;C:\Program Files\nodejs\;C:\Program Files\SourceGear\Common\DiffMerge\;C:\Program Files\dotnet\;D:\Windows Kits\10\Windows Performance Toolkit\;C:\Users\Ana\AppData\Local\Programs\Python\Python39\Scripts\;C:\Users\Ana\AppData\Local\Programs\Python\Python39\;C:\Users\Ana\AppData\Local\Microsoft\WindowsApps;C:\Users\Ana\AppData\Local\Programs\Microsoft VS Code\bin;C:\Users\Ana\AppData\Roaming\npm;C:\Program Files\Oracle\instantclient_12_2;D:\heroku\bin;C:\Users\Ana\.dotnet\tools
USERNAME=Ana
OS=Windows_NT
PROCESSOR_IDENTIFIER=Intel64 Family 6 Model 126 Stepping 5, GenuineIntel



---------------  S Y S T E M  ---------------

OS: Windows 10.0 , 64 bit Build 19041 (10.0.19041.804)

CPU:total 8 (initial active 8) (4 cores per cpu, 2 threads per core) family 6 model 126 stepping 5, cmov, cx8, fxsr, mmx, sse, sse2, sse3, ssse3, sse4.1, sse4.2, popcnt, avx, avx2, aes, clmul, erms, 3dnowpref, lzcnt, ht, tsc, tscinvbit, bmi1, bmi2, adx

Memory: 4k page, physical 7604220k(1046332k free), swap 7604220k(4128k free)

vm_info: OpenJDK 64-Bit Server VM (25.71-b00) for windows-amd64 JRE (1.8.0-25-microsoft-b00), built on Feb  7 2019 20:09:14 by "builder" with MS VC++ 10.0 (VS2010)

time: Thu Mar 04 13:09:53 2021
timezone: GTB Standard Time
elapsed time: 4 seconds (0d 0h 0m 4s)

