#
# There is insufficient memory for the Java Runtime Environment to continue.
# Native memory allocation (malloc) failed to allocate 32744 bytes for ChunkPool::allocate
# Possible reasons:
#   The system is out of physical RAM or swap space
#   The process is running with CompressedOops enabled, and the Java Heap may be blocking the growth of the native heap
# Possible solutions:
#   Reduce memory load on the system
#   Increase physical memory or swap space
#   Check if swap backing store is full
#   Decrease Java heap size (-Xmx/-Xms)
#   Decrease number of Java threads
#   Decrease Java thread stack sizes (-Xss)
#   Set larger code cache with -XX:ReservedCodeCacheSize=
#   JVM is running with Unscaled Compressed Oops mode in which the Java heap is
#     placed in the first 4GB address space. The Java Heap base address is the
#     maximum limit for the native heap growth. Please use -XX:HeapBaseMinAddress
#     to set the Java Heap base and to place the Java Heap above 4GB virtual address.
# This output file may be truncated or incomplete.
#
#  Out of Memory Error (allocation.cpp:272), pid=13908, tid=0x0000000000001bc8
#
# JRE version: OpenJDK Runtime Environment (8.0) (build 1.8.0-25-microsoft-b00)
# Java VM: OpenJDK 64-Bit Server VM (25.71-b00 mixed mode windows-amd64 compressed oops)
# Failed to write core dump. Minidumps are not enabled by default on client versions of Windows
#

---------------  T H R E A D  ---------------

Current thread (0x0000000017883000):  JavaThread "C2 CompilerThread2" daemon [_thread_in_native, id=7112, stack(0x0000000018350000,0x0000000018450000)]

Stack: [0x0000000018350000,0x0000000018450000]
[error occurred during error reporting (printing stack bounds), id 0xc0000005]

Native frames: (J=compiled Java code, j=interpreted, Vv=VM code, C=native code)


Current CompileTask:
C2:   1222 1221       4       com.android.tools.r8.B.a.a.f::a (6094 bytes)


---------------  P R O C E S S  ---------------

Java Threads: ( => current thread )
  0x000000001891d000 JavaThread "ForkJoinPool-1-worker-0" daemon [_thread_blocked, id=8476, stack(0x0000000019250000,0x0000000019350000)]
  0x0000000018900000 JavaThread "ForkJoinPool-1-worker-3" daemon [_thread_blocked, id=2692, stack(0x0000000019150000,0x0000000019250000)]
  0x00000000188e9000 JavaThread "ForkJoinPool-1-worker-2" daemon [_thread_blocked, id=15052, stack(0x0000000019050000,0x0000000019150000)]
  0x00000000188e8800 JavaThread "ForkJoinPool-1-worker-1" daemon [_thread_blocked, id=14232, stack(0x0000000018f50000,0x0000000019050000)]
  0x0000000017912800 JavaThread "Service Thread" daemon [_thread_blocked, id=10176, stack(0x0000000018550000,0x0000000018650000)]
  0x0000000017887000 JavaThread "C1 CompilerThread3" daemon [_thread_blocked, id=14904, stack(0x0000000018450000,0x0000000018550000)]
=>0x0000000017883000 JavaThread "C2 CompilerThread2" daemon [_thread_in_native, id=7112, stack(0x0000000018350000,0x0000000018450000)]
  0x000000001787e000 JavaThread "C2 CompilerThread1" daemon [_thread_in_native, id=14288, stack(0x0000000018250000,0x0000000018350000)]
  0x000000001787c000 JavaThread "C2 CompilerThread0" daemon [_thread_in_native, id=14400, stack(0x0000000018150000,0x0000000018250000)]
  0x000000001787b000 JavaThread "Attach Listener" daemon [_thread_blocked, id=7840, stack(0x0000000018050000,0x0000000018150000)]
  0x000000001787a000 JavaThread "Signal Dispatcher" daemon [_thread_blocked, id=7292, stack(0x0000000017f50000,0x0000000018050000)]
  0x0000000017870800 JavaThread "Finalizer" daemon [_thread_blocked, id=14016, stack(0x0000000017d50000,0x0000000017e50000)]
  0x0000000015a8c000 JavaThread "Reference Handler" daemon [_thread_blocked, id=4808, stack(0x0000000017c50000,0x0000000017d50000)]
  0x0000000002d6e800 JavaThread "main" [_thread_in_Java, id=12580, stack(0x0000000002d70000,0x0000000002e70000)]

Other Threads:
  0x0000000015a88000 VMThread [stack: 0x0000000017750000,0x0000000017850000] [id=8144]
  0x0000000017913800 WatcherThread [stack: 0x0000000018650000,0x0000000018750000] [id=7332]

VM state:not at safepoint (normal execution)

VM Mutex/Monitor currently owned by a thread: None

heap address: 0x00000000c0000000, size: 1024 MB, Compressed Oops mode: 32-bit
Narrow klass base: 0x0000000000000000, Narrow klass shift: 3
Compressed class space size: 1073741824 Address: 0x0000000100000000

Heap:
 PSYoungGen      total 127488K, used 30709K [0x00000000eab00000, 0x00000000fe100000, 0x0000000100000000)
  eden space 122880K, 24% used [0x00000000eab00000,0x00000000ec8fd680,0x00000000f2300000)
  from space 4608K, 0% used [0x00000000f2300000,0x00000000f2300000,0x00000000f2780000)
  to   space 35840K, 0% used [0x00000000fbe00000,0x00000000fbe00000,0x00000000fe100000)
 ParOldGen       total 80896K, used 46909K [0x00000000c0000000, 0x00000000c4f00000, 0x00000000eab00000)
  object space 80896K, 57% used [0x00000000c0000000,0x00000000c2dcf510,0x00000000c4f00000)
 Metaspace       used 7695K, capacity 7990K, committed 8320K, reserved 1056768K
  class space    used 901K, capacity 997K, committed 1152K, reserved 1048576K

Card table byte_map: [0x0000000012330000,0x0000000012540000] byte_map_base: 0x0000000011d30000

Marking Bits: (ParMarkBitMap*) 0x00000000744b8f30
 Begin Bits: [0x0000000012ea0000, 0x0000000013ea0000)
 End Bits:   [0x0000000013ea0000, 0x0000000014ea0000)

Polling page: 0x00000000013c0000

CodeCache: size=245760Kb used=4930Kb max_used=4930Kb free=240829Kb
 bounds [0x0000000002f70000, 0x0000000003450000, 0x0000000011f70000]
 total_blobs=1566 nmethods=1254 adapters=226
 compilation: enabled

Compilation events (10 events):
Event: 1.195 Thread 0x0000000017887000 1279       3       com.android.tools.r8.graph.r::equals (60 bytes)
Event: 1.195 Thread 0x0000000017887000 nmethod 1279 0x000000000343a090 code [0x000000000343a200, 0x000000000343a6b0]
Event: 1.197 Thread 0x000000001787e000 nmethod 1256 0x0000000003443050 code [0x0000000003443280, 0x0000000003444410]
Event: 1.197 Thread 0x000000001787e000 1277       4       com.android.tools.r8.graph.y0::a (1149 bytes)
Event: 1.198 Thread 0x0000000017887000 1280       3       com.android.tools.r8.r.n.F::a (283 bytes)
Event: 1.198 Thread 0x0000000017887000 nmethod 1280 0x000000000343db50 code [0x000000000343de40, 0x000000000343ef18]
Event: 1.211 Thread 0x0000000017887000 1283       3       com.android.tools.r8.r.n.f::a (143 bytes)
Event: 1.212 Thread 0x0000000017887000 nmethod 1283 0x0000000003441d90 code [0x0000000003441fe0, 0x0000000003442b88]
Event: 1.219 Thread 0x0000000017887000 1286       3       com.android.tools.r8.B.a.a.f::a (98 bytes)
Event: 1.220 Thread 0x0000000017887000 nmethod 1286 0x0000000003440c50 code [0x0000000003440e40, 0x00000000034416f8]

GC Heap History (10 events):
Event: 0.409 GC heap before
{Heap before GC invocations=2 (full 0):
 PSYoungGen      total 35328K, used 35323K [0x00000000eab00000, 0x00000000ef000000, 0x0000000100000000)
  eden space 30720K, 100% used [0x00000000eab00000,0x00000000ec900000,0x00000000ec900000)
  from space 4608K, 99% used [0x00000000ec900000,0x00000000ecd7ef48,0x00000000ecd80000)
  to   space 4608K, 0% used [0x00000000eeb80000,0x00000000eeb80000,0x00000000ef000000)
 ParOldGen       total 80896K, used 1606K [0x00000000c0000000, 0x00000000c4f00000, 0x00000000eab00000)
  object space 80896K, 1% used [0x00000000c0000000,0x00000000c0191bb0,0x00000000c4f00000)
 Metaspace       used 6170K, capacity 6430K, committed 6528K, reserved 1056768K
  class space    used 736K, capacity 835K, committed 896K, reserved 1048576K
Event: 0.415 GC heap after
Heap after GC invocations=2 (full 0):
 PSYoungGen      total 66048K, used 4596K [0x00000000eab00000, 0x00000000ef000000, 0x0000000100000000)
  eden space 61440K, 0% used [0x00000000eab00000,0x00000000eab00000,0x00000000ee700000)
  from space 4608K, 99% used [0x00000000eeb80000,0x00000000eeffd398,0x00000000ef000000)
  to   space 4608K, 0% used [0x00000000ee700000,0x00000000ee700000,0x00000000eeb80000)
 ParOldGen       total 80896K, used 12390K [0x00000000c0000000, 0x00000000c4f00000, 0x00000000eab00000)
  object space 80896K, 15% used [0x00000000c0000000,0x00000000c0c19b10,0x00000000c4f00000)
 Metaspace       used 6170K, capacity 6430K, committed 6528K, reserved 1056768K
  class space    used 736K, capacity 835K, committed 896K, reserved 1048576K
}
Event: 0.626 GC heap before
{Heap before GC invocations=3 (full 0):
 PSYoungGen      total 66048K, used 66036K [0x00000000eab00000, 0x00000000ef000000, 0x0000000100000000)
  eden space 61440K, 100% used [0x00000000eab00000,0x00000000ee700000,0x00000000ee700000)
  from space 4608K, 99% used [0x00000000eeb80000,0x00000000eeffd398,0x00000000ef000000)
  to   space 4608K, 0% used [0x00000000ee700000,0x00000000ee700000,0x00000000eeb80000)
 ParOldGen       total 80896K, used 12390K [0x00000000c0000000, 0x00000000c4f00000, 0x00000000eab00000)
  object space 80896K, 15% used [0x00000000c0000000,0x00000000c0c19b10,0x00000000c4f00000)
 Metaspace       used 7124K, capacity 7494K, committed 7680K, reserved 1056768K
  class space    used 846K, capacity 945K, committed 1024K, reserved 1048576K
Event: 0.639 GC heap after
Heap after GC invocations=3 (full 0):
 PSYoungGen      total 66048K, used 4606K [0x00000000eab00000, 0x00000000f2c00000, 0x0000000100000000)
  eden space 61440K, 0% used [0x00000000eab00000,0x00000000eab00000,0x00000000ee700000)
  from space 4608K, 99% used [0x00000000ee700000,0x00000000eeb7f958,0x00000000eeb80000)
  to   space 4608K, 0% used [0x00000000f2780000,0x00000000f2780000,0x00000000f2c00000)
 ParOldGen       total 80896K, used 34357K [0x00000000c0000000, 0x00000000c4f00000, 0x00000000eab00000)
  object space 80896K, 42% used [0x00000000c0000000,0x00000000c218d510,0x00000000c4f00000)
 Metaspace       used 7124K, capacity 7494K, committed 7680K, reserved 1056768K
  class space    used 846K, capacity 945K, committed 1024K, reserved 1048576K
}
Event: 0.745 GC heap before
{Heap before GC invocations=4 (full 0):
 PSYoungGen      total 66048K, used 66046K [0x00000000eab00000, 0x00000000f2c00000, 0x0000000100000000)
  eden space 61440K, 100% used [0x00000000eab00000,0x00000000ee700000,0x00000000ee700000)
  from space 4608K, 99% used [0x00000000ee700000,0x00000000eeb7f958,0x00000000eeb80000)
  to   space 4608K, 0% used [0x00000000f2780000,0x00000000f2780000,0x00000000f2c00000)
 ParOldGen       total 80896K, used 34357K [0x00000000c0000000, 0x00000000c4f00000, 0x00000000eab00000)
  object space 80896K, 42% used [0x00000000c0000000,0x00000000c218d510,0x00000000c4f00000)
 Metaspace       used 7273K, capacity 7638K, committed 7936K, reserved 1056768K
  class space    used 861K, capacity 961K, committed 1024K, reserved 1048576K
Event: 0.757 GC heap after
Heap after GC invocations=4 (full 0):
 PSYoungGen      total 127488K, used 4605K [0x00000000eab00000, 0x00000000f2c00000, 0x0000000100000000)
  eden space 122880K, 0% used [0x00000000eab00000,0x00000000eab00000,0x00000000f2300000)
  from space 4608K, 99% used [0x00000000f2780000,0x00000000f2bff440,0x00000000f2c00000)
  to   space 4608K, 0% used [0x00000000f2300000,0x00000000f2300000,0x00000000f2780000)
 ParOldGen       total 80896K, used 49225K [0x00000000c0000000, 0x00000000c4f00000, 0x00000000eab00000)
  object space 80896K, 60% used [0x00000000c0000000,0x00000000c3012560,0x00000000c4f00000)
 Metaspace       used 7273K, capacity 7638K, committed 7936K, reserved 1056768K
  class space    used 861K, capacity 961K, committed 1024K, reserved 1048576K
}
Event: 1.030 GC heap before
{Heap before GC invocations=5 (full 0):
 PSYoungGen      total 127488K, used 127485K [0x00000000eab00000, 0x00000000f2c00000, 0x0000000100000000)
  eden space 122880K, 100% used [0x00000000eab00000,0x00000000f2300000,0x00000000f2300000)
  from space 4608K, 99% used [0x00000000f2780000,0x00000000f2bff440,0x00000000f2c00000)
  to   space 4608K, 0% used [0x00000000f2300000,0x00000000f2300000,0x00000000f2780000)
 ParOldGen       total 80896K, used 49225K [0x00000000c0000000, 0x00000000c4f00000, 0x00000000eab00000)
  object space 80896K, 60% used [0x00000000c0000000,0x00000000c3012560,0x00000000c4f00000)
 Metaspace       used 7743K, capacity 8106K, committed 8320K, reserved 1056768K
  class space    used 918K, capacity 1029K, committed 1152K, reserved 1048576K
Event: 1.054 GC heap after
Heap after GC invocations=5 (full 0):
 PSYoungGen      total 127488K, used 4600K [0x00000000eab00000, 0x00000000fe100000, 0x0000000100000000)
  eden space 122880K, 0% used [0x00000000eab00000,0x00000000eab00000,0x00000000f2300000)
  from space 4608K, 99% used [0x00000000f2300000,0x00000000f277e070,0x00000000f2780000)
  to   space 35840K, 0% used [0x00000000fbe00000,0x00000000fbe00000,0x00000000fe100000)
 ParOldGen       total 80896K, used 73296K [0x00000000c0000000, 0x00000000c4f00000, 0x00000000eab00000)
  object space 80896K, 90% used [0x00000000c0000000,0x00000000c47941f0,0x00000000c4f00000)
 Metaspace       used 7743K, capacity 8106K, committed 8320K, reserved 1056768K
  class space    used 918K, capacity 1029K, committed 1152K, reserved 1048576K
}
Event: 1.054 GC heap before
{Heap before GC invocations=6 (full 1):
 PSYoungGen      total 127488K, used 4600K [0x00000000eab00000, 0x00000000fe100000, 0x0000000100000000)
  eden space 122880K, 0% used [0x00000000eab00000,0x00000000eab00000,0x00000000f2300000)
  from space 4608K, 99% used [0x00000000f2300000,0x00000000f277e070,0x00000000f2780000)
  to   space 35840K, 0% used [0x00000000fbe00000,0x00000000fbe00000,0x00000000fe100000)
 ParOldGen       total 80896K, used 73296K [0x00000000c0000000, 0x00000000c4f00000, 0x00000000eab00000)
  object space 80896K, 90% used [0x00000000c0000000,0x00000000c47941f0,0x00000000c4f00000)
 Metaspace       used 7743K, capacity 8106K, committed 8320K, reserved 1056768K
  class space    used 918K, capacity 1029K, committed 1152K, reserved 1048576K
Event: 1.150 GC heap after
Heap after GC invocations=6 (full 1):
 PSYoungGen      total 127488K, used 0K [0x00000000eab00000, 0x00000000fe100000, 0x0000000100000000)
  eden space 122880K, 0% used [0x00000000eab00000,0x00000000eab00000,0x00000000f2300000)
  from space 4608K, 0% used [0x00000000f2300000,0x00000000f2300000,0x00000000f2780000)
  to   space 35840K, 0% used [0x00000000fbe00000,0x00000000fbe00000,0x00000000fe100000)
 ParOldGen       total 80896K, used 46909K [0x00000000c0000000, 0x00000000c4f00000, 0x00000000eab00000)
  object space 80896K, 57% used [0x00000000c0000000,0x00000000c2dcf510,0x00000000c4f00000)
 Metaspace       used 7695K, capacity 7990K, committed 8320K, reserved 1056768K
  class space    used 901K, capacity 997K, committed 1152K, reserved 1048576K
}

Deoptimization events (10 events):
Event: 0.718 Thread 0x00000000188e8800 Uncommon trap: reason=unstable_if action=reinterpret pc=0x000000000328e2f0 method=com.android.tools.r8.B.a.a.f.a(II[C)Ljava/lang/String; @ 32
Event: 0.718 Thread 0x00000000188e8800 Uncommon trap: reason=unstable_if action=reinterpret pc=0x00000000032e76f0 method=com.android.tools.r8.graph.d0.a(C)I @ 7
Event: 0.719 Thread 0x00000000188e8800 Uncommon trap: reason=unstable_if action=reinterpret pc=0x00000000031d0d84 method=com.android.tools.r8.graph.d0.a(C[BI)I @ 7
Event: 0.719 Thread 0x00000000188e8800 Uncommon trap: reason=unstable_if action=reinterpret pc=0x00000000031f9fe8 method=com.android.tools.r8.B.a.a.f.a(II[C)Ljava/lang/String; @ 32
Event: 0.722 Thread 0x00000000188e8800 Uncommon trap: reason=unstable_if action=reinterpret pc=0x00000000031fcc78 method=com.android.tools.r8.graph.d0.a(C)I @ 7
Event: 0.732 Thread 0x000000001891d000 Uncommon trap: reason=unstable_if action=reinterpret pc=0x0000000003229240 method=com.android.tools.r8.utils.O.d(I)Z @ 45
Event: 0.838 Thread 0x000000001891d000 Uncommon trap: reason=unstable_if action=reinterpret pc=0x00000000032f8548 method=com.android.tools.r8.B.a.a.f.<init>([BIZ)V @ 362
Event: 0.840 Thread 0x00000000188e8800 Uncommon trap: reason=unstable_if action=reinterpret pc=0x00000000032fb674 method=java.util.concurrent.ConcurrentHashMap.computeIfAbsent(Ljava/lang/Object;Ljava/util/function/Function;)Ljava/lang/Object; @ 281
Event: 0.891 Thread 0x0000000002d6e800 Uncommon trap: reason=unstable_if action=reinterpret pc=0x0000000003301fa4 method=com.android.tools.r8.graph.d0.a(C)I @ 1
Event: 0.910 Thread 0x0000000002d6e800 Uncommon trap: reason=unstable_if action=reinterpret pc=0x00000000032502d4 method=com.android.tools.r8.B.a.a.f.e(I[C)Ljava/lang/String; @ 7

Classes redefined (0 events):
No events

Internal exceptions (10 events):
Event: 0.287 Thread 0x0000000002d6e800 Exception <a 'java/lang/NoSuchMethodError': java.lang.Object.lambda$identity$2(Ljava/lang/Object;)Ljava/lang/Object;> (0x00000000eba4b718) thrown at [D:\j\worksp~1\openjd~3\jdk8u\hotspot\src\share\vm\interpreter\linkResolver.cpp, line 620]
Event: 0.296 Thread 0x0000000002d6e800 Exception <a 'java/security/PrivilegedActionException'> (0x00000000eba9de28) thrown at [D:\j\worksp~1\openjd~3\jdk8u\hotspot\src\share\vm\prims\jvm.cpp, line 1508]
Event: 0.296 Thread 0x0000000002d6e800 Exception <a 'java/security/PrivilegedActionException'> (0x00000000eba9e038) thrown at [D:\j\worksp~1\openjd~3\jdk8u\hotspot\src\share\vm\prims\jvm.cpp, line 1508]
Event: 0.296 Thread 0x0000000002d6e800 Exception <a 'java/security/PrivilegedActionException'> (0x00000000ebaa22e8) thrown at [D:\j\worksp~1\openjd~3\jdk8u\hotspot\src\share\vm\prims\jvm.cpp, line 1508]
Event: 0.296 Thread 0x0000000002d6e800 Exception <a 'java/security/PrivilegedActionException'> (0x00000000ebaa24f8) thrown at [D:\j\worksp~1\openjd~3\jdk8u\hotspot\src\share\vm\prims\jvm.cpp, line 1508]
Event: 0.296 Thread 0x0000000002d6e800 Exception <a 'java/security/PrivilegedActionException'> (0x00000000ebaa3c38) thrown at [D:\j\worksp~1\openjd~3\jdk8u\hotspot\src\share\vm\prims\jvm.cpp, line 1508]
Event: 0.296 Thread 0x0000000002d6e800 Exception <a 'java/security/PrivilegedActionException'> (0x00000000ebaa3e48) thrown at [D:\j\worksp~1\openjd~3\jdk8u\hotspot\src\share\vm\prims\jvm.cpp, line 1508]
Event: 0.310 Thread 0x0000000002d6e800 Implicit null exception at 0x000000000314143c to 0x0000000003141df1
Event: 0.325 Thread 0x0000000002d6e800 Implicit null exception at 0x00000000031358f8 to 0x0000000003135dbd
Event: 0.654 Thread 0x00000000188e8800 Implicit null exception at 0x00000000032355d7 to 0x000000000323600d

Events (10 events):
Event: 0.968 Thread 0x0000000002d6e800 DEOPT PACKING pc=0x0000000003310894 sp=0x0000000002e6efc0
Event: 0.968 Thread 0x0000000002d6e800 DEOPT UNPACKING pc=0x0000000002fb75d0 sp=0x0000000002e6ed28 mode 0
Event: 0.987 Thread 0x0000000002d6e800 DEOPT PACKING pc=0x0000000003310894 sp=0x0000000002e6ef30
Event: 0.987 Thread 0x0000000002d6e800 DEOPT UNPACKING pc=0x0000000002fb75d0 sp=0x0000000002e6ec98 mode 0
Event: 1.008 Thread 0x0000000002d6e800 DEOPT PACKING pc=0x0000000003310894 sp=0x0000000002e6ef30
Event: 1.008 Thread 0x0000000002d6e800 DEOPT UNPACKING pc=0x0000000002fb75d0 sp=0x0000000002e6ec98 mode 0
Event: 1.024 Thread 0x0000000002d6e800 DEOPT PACKING pc=0x0000000003310894 sp=0x0000000002e6ef30
Event: 1.024 Thread 0x0000000002d6e800 DEOPT UNPACKING pc=0x0000000002fb75d0 sp=0x0000000002e6ec98 mode 0
Event: 1.030 Executing VM operation: ParallelGCFailedAllocation
Event: 1.150 Executing VM operation: ParallelGCFailedAllocation done


Dynamic libraries:
0x00007ff7bcc20000 - 0x00007ff7bcc55000 	C:\Program Files\Android\jdk\microsoft_dist_openjdk_1.8.0.25\bin\java.exe
0x00007ffac4050000 - 0x00007ffac4246000 	C:\Windows\SYSTEM32\ntdll.dll
0x00007ffac2290000 - 0x00007ffac234d000 	C:\Windows\System32\KERNEL32.DLL
0x00007ffac1cd0000 - 0x00007ffac1f99000 	C:\Windows\System32\KERNELBASE.dll
0x00007ffac2a00000 - 0x00007ffac2aac000 	C:\Windows\System32\ADVAPI32.dll
0x00007ffac3770000 - 0x00007ffac380e000 	C:\Windows\System32\msvcrt.dll
0x00007ffac2960000 - 0x00007ffac29fc000 	C:\Windows\System32\sechost.dll
0x00007ffac3ec0000 - 0x00007ffac3feb000 	C:\Windows\System32\RPCRT4.dll
0x00007ffac2b10000 - 0x00007ffac2cb0000 	C:\Windows\System32\USER32.dll
0x00007ffac1860000 - 0x00007ffac1882000 	C:\Windows\System32\win32u.dll
0x00007ffac2da0000 - 0x00007ffac2dca000 	C:\Windows\System32\GDI32.dll
0x00007ffac1890000 - 0x00007ffac199b000 	C:\Windows\System32\gdi32full.dll
0x00007ffac1790000 - 0x00007ffac182d000 	C:\Windows\System32\msvcp_win.dll
0x00007ffac1bd0000 - 0x00007ffac1cd0000 	C:\Windows\System32\ucrtbase.dll
0x00007ffab0ad0000 - 0x00007ffab0d6b000 	C:\Windows\WinSxS\amd64_microsoft.windows.common-controls_6595b64144ccf1df_6.0.19041.746_none_ca02b4b61b8320a4\COMCTL32.dll
0x00007ffac2200000 - 0x00007ffac2230000 	C:\Windows\System32\IMM32.DLL
0x0000000074540000 - 0x0000000074611000 	C:\Program Files\Android\jdk\microsoft_dist_openjdk_1.8.0.25\jre\bin\msvcr100.dll
0x0000000073cf0000 - 0x0000000074535000 	C:\Program Files\Android\jdk\microsoft_dist_openjdk_1.8.0.25\jre\bin\server\jvm.dll
0x00007ffac2190000 - 0x00007ffac2198000 	C:\Windows\System32\PSAPI.DLL
0x00007ffab5e10000 - 0x00007ffab5e1a000 	C:\Windows\SYSTEM32\VERSION.dll
0x00007ffaa42f0000 - 0x00007ffaa42f9000 	C:\Windows\SYSTEM32\WSOCK32.dll
0x00007ffabc6a0000 - 0x00007ffabc6c7000 	C:\Windows\SYSTEM32\WINMM.dll
0x00007ffac2350000 - 0x00007ffac23bb000 	C:\Windows\System32\WS2_32.dll
0x00007ffababa0000 - 0x00007ffababaf000 	C:\Program Files\Android\jdk\microsoft_dist_openjdk_1.8.0.25\jre\bin\verify.dll
0x00007ffa9d3c0000 - 0x00007ffa9d3e9000 	C:\Program Files\Android\jdk\microsoft_dist_openjdk_1.8.0.25\jre\bin\java.dll
0x00007ffaa4150000 - 0x00007ffaa4166000 	C:\Program Files\Android\jdk\microsoft_dist_openjdk_1.8.0.25\jre\bin\zip.dll
0x00007ffac3020000 - 0x00007ffac3762000 	C:\Windows\System32\SHELL32.dll
0x00007ffabf790000 - 0x00007ffabff20000 	C:\Windows\SYSTEM32\windows.storage.dll
0x00007ffac3a50000 - 0x00007ffac3da6000 	C:\Windows\System32\combase.dll
0x00007ffac1120000 - 0x00007ffac114c000 	C:\Windows\SYSTEM32\Wldp.dll
0x00007ffac3db0000 - 0x00007ffac3e5e000 	C:\Windows\System32\SHCORE.dll
0x00007ffac3e60000 - 0x00007ffac3eb5000 	C:\Windows\System32\shlwapi.dll
0x00007ffac16c0000 - 0x00007ffac16e6000 	C:\Windows\SYSTEM32\profapi.dll
0x00007ffaa3ce0000 - 0x00007ffaa3cfa000 	C:\Program Files\Android\jdk\microsoft_dist_openjdk_1.8.0.25\jre\bin\net.dll
0x00007ffac0f10000 - 0x00007ffac0f7a000 	C:\Windows\system32\mswsock.dll
0x00007ffaa1d10000 - 0x00007ffaa1d21000 	C:\Program Files\Android\jdk\microsoft_dist_openjdk_1.8.0.25\jre\bin\nio.dll

VM Arguments:
jvm_args: -Xmx1G 
java_command: com.android.tools.r8.D8 --debug --min-api 21 --output obj\Debug\100\android\bin\ --lib C:\Program Files (x86)\Android\android-sdk\platforms\android-29\android.jar --lib C:\Program Files (x86)\Android\android-sdk\platforms\android-29\optional\org.apache.http.legacy.jar obj\Debug\100\android\bin\classes.zip C:\Program Files (x86)\Microsoft Visual Studio\2019\Community\Common7\IDE\ReferenceAssemblies\Microsoft\Framework\MonoAndroid\v10.0\mono.android.jar C:\Program Files (x86)\Microsoft Visual Studio\2019\Community\MSBuild\Xamarin\Android\java_runtime_fastdev.jar C:\Users\Ana\.nuget\packages\xamarin.androidx.annotation\1.1.0.8\buildTransitive\monoandroid90\..\..\jar\androidx.annotation.annotation.jar C:\Users\Ana\.nuget\packages\xamarin.androidx.collection\1.1.0.6\buildTransitive\monoandroid90\..\..\jar\androidx.collection.collection.jar C:\Users\Ana\.nuget\packages\xamarin.androidx.lifecycle.common\2.2.0.4\buildTransitive\monoandroid90\..\..\jar\androidx.lifecycle.lifecycle-common.jar C:\Users\Ana\.nuget\packages\xamarin.androidx.arch.core.common\2.1.0.7\buildTransitive\monoandroid90\..\..\jar\androidx.arch.core.core-common.jar obj\Debug\100\androidx\jl\0768b756-d2d5-45b0-b795-fe005f21a210.jar obj\Debug\100\lp\0\jl\formsviewgroup.jar obj\Debug\100\lp\100\jl\classes.jar obj\Debug\100\lp\101\jl\classes.jar obj\Debug\100\lp\102\jl\classes.jar obj\Debug\100\lp\103\jl\classes.jar obj\Debug\100\lp\61\jl\classes.jar obj\Debug\100\lp\62\jl\classes.jar obj\Debug\100\lp\63\jl\classes.jar obj\Debug\100\lp\64\jl\classes.jar obj\Debug\100\lp\65\jl\classes.jar obj\Debug\100\lp\66\jl\classes.jar obj\Debug\100\lp\67\jl\classes.jar obj\Debug\100\lp\68\jl\classes.jar obj\Debug\100\lp\69\jl\classes.jar obj\Debug\100\lp\70\jl\classes.jar obj\Debug\100\lp\71\jl\classes.jar obj\Debug\100\lp\72\jl\classes.jar obj\Debug\100\lp\73\jl\classes.jar obj\Debug\100\lp\74\jl\classes.jar obj\Debug\100\lp\75\jl\classes.jar obj\Debug\100\lp\76\jl\classes.jar obj\Debug\100\lp\77\jl\class
java_class_path (initial): C:\Program Files (x86)\Microsoft Visual Studio\2019\Community\MSBuild\Xamarin\Android\r8.jar
Launcher Type: SUN_STANDARD

Environment Variables:
JAVA_HOME=C:\Program Files\Android\jdk\microsoft_dist_openjdk_1.8.0.25
PATH=C:\Program Files\Android\jdk\microsoft_dist_openjdk_1.8.0.25\bin;D:\app\Ana\product\11.2.0\dbhome_1\bin;C:\Program Files\Java\jdk-11.0.9\bin;C:\Program Files\Common Files\Oracle\Java\javapath;C:\Windows\system32;C:\Windows;C:\Windows\System32\Wbem;C:\Windows\System32\WindowsPowerShell\v1.0\;C:\Windows\System32\OpenSSH\;C:\Program Files\Microsoft SQL Server\130\Tools\Binn\;C:\Program Files\Microsoft SQL Server\Client SDK\ODBC\170\Tools\Binn\;C:\Program Files\nodejs\;C:\Program Files\SourceGear\Common\DiffMerge\;C:\Program Files\dotnet\;D:\Windows Kits\10\Windows Performance Toolkit\;C:\Users\Ana\AppData\Local\Programs\Python\Python39\Scripts\;C:\Users\Ana\AppData\Local\Programs\Python\Python39\;C:\Users\Ana\AppData\Local\Microsoft\WindowsApps;C:\Users\Ana\AppData\Local\Programs\Microsoft VS Code\bin;C:\Users\Ana\AppData\Roaming\npm;C:\Program Files\Oracle\instantclient_12_2;D:\heroku\bin;C:\Users\Ana\.dotnet\tools
USERNAME=Ana
OS=Windows_NT
PROCESSOR_IDENTIFIER=Intel64 Family 6 Model 126 Stepping 5, GenuineIntel



---------------  S Y S T E M  ---------------

OS: Windows 10.0 , 64 bit Build 19041 (10.0.19041.804)

CPU:total 8 (initial active 8) (4 cores per cpu, 2 threads per core) family 6 model 126 stepping 5, cmov, cx8, fxsr, mmx, sse, sse2, sse3, ssse3, sse4.1, sse4.2, popcnt, avx, avx2, aes, clmul, erms, 3dnowpref, lzcnt, ht, tsc, tscinvbit, bmi1, bmi2, adx

Memory: 4k page, physical 7604220k(959884k free), swap 9471996k(1016k free)

vm_info: OpenJDK 64-Bit Server VM (25.71-b00) for windows-amd64 JRE (1.8.0-25-microsoft-b00), built on Feb  7 2019 20:09:14 by "builder" with MS VC++ 10.0 (VS2010)

time: Fri Mar 12 11:26:30 2021
timezone: GTB Standard Time
elapsed time: 1 seconds (0d 0h 0m 1s)

