#
# There is insufficient memory for the Java Runtime Environment to continue.
# Native memory allocation (malloc) failed to allocate 383504 bytes for Chunk::new
# Possible reasons:
#   The system is out of physical RAM or swap space
#   The process is running with CompressedOops enabled, and the Java Heap may be blocking the growth of the native heap
# Possible solutions:
#   Reduce memory load on the system
#   Increase physical memory or swap space
#   Check if swap backing store is full
#   Decrease Java heap size (-Xmx/-Xms)
#   Decrease number of Java threads
#   Decrease Java thread stack sizes (-Xss)
#   Set larger code cache with -XX:ReservedCodeCacheSize=
#   JVM is running with Unscaled Compressed Oops mode in which the Java heap is
#     placed in the first 4GB address space. The Java Heap base address is the
#     maximum limit for the native heap growth. Please use -XX:HeapBaseMinAddress
#     to set the Java Heap base and to place the Java Heap above 4GB virtual address.
# This output file may be truncated or incomplete.
#
#  Out of Memory Error (allocation.cpp:389), pid=6824, tid=0x0000000000001bac
#
# JRE version: OpenJDK Runtime Environment (8.0) (build 1.8.0-25-microsoft-b00)
# Java VM: OpenJDK 64-Bit Server VM (25.71-b00 mixed mode windows-amd64 compressed oops)
# Failed to write core dump. Minidumps are not enabled by default on client versions of Windows
#

---------------  T H R E A D  ---------------

Current thread (0x0000000019514000):  JavaThread "C2 CompilerThread0" daemon [_thread_in_native, id=7084, stack(0x0000000019de0000,0x0000000019ee0000)]

Stack: [0x0000000019de0000,0x0000000019ee0000]
[error occurred during error reporting (printing stack bounds), id 0xc0000005]

Native frames: (J=compiled Java code, j=interpreted, Vv=VM code, C=native code)


Current CompileTask:
C2:   2136 2372       4       com.sun.tools.javac.jvm.Code::emitop0 (2593 bytes)


---------------  P R O C E S S  ---------------

Java Threads: ( => current thread )
  0x00000000195a2000 JavaThread "Service Thread" daemon [_thread_blocked, id=12252, stack(0x000000001a1e0000,0x000000001a2e0000)]
  0x000000001951e800 JavaThread "C1 CompilerThread3" daemon [_thread_in_native, id=14500, stack(0x000000001a0e0000,0x000000001a1e0000)]
  0x0000000019518800 JavaThread "C2 CompilerThread2" daemon [_thread_in_native, id=7920, stack(0x0000000019fe0000,0x000000001a0e0000)]
  0x0000000019517000 JavaThread "C2 CompilerThread1" daemon [_thread_in_native, id=10888, stack(0x0000000019ee0000,0x0000000019fe0000)]
=>0x0000000019514000 JavaThread "C2 CompilerThread0" daemon [_thread_in_native, id=7084, stack(0x0000000019de0000,0x0000000019ee0000)]
  0x0000000019513000 JavaThread "Attach Listener" daemon [_thread_blocked, id=9584, stack(0x0000000019ce0000,0x0000000019de0000)]
  0x000000001771e800 JavaThread "Signal Dispatcher" daemon [_thread_blocked, id=7316, stack(0x0000000019be0000,0x0000000019ce0000)]
  0x0000000019501000 JavaThread "Finalizer" daemon [_thread_blocked, id=11728, stack(0x00000000199e0000,0x0000000019ae0000)]
  0x0000000019500800 JavaThread "Reference Handler" daemon [_thread_blocked, id=1576, stack(0x00000000198e0000,0x00000000199e0000)]
  0x00000000009ee000 JavaThread "main" [_thread_in_Java, id=13632, stack(0x0000000002b50000,0x0000000002c50000)]

Other Threads:
  0x0000000017707800 VMThread [stack: 0x00000000193e0000,0x00000000194e0000] [id=4348]
  0x00000000195aa800 WatcherThread [stack: 0x000000001a2e0000,0x000000001a3e0000] [id=1796]

VM state:not at safepoint (normal execution)

VM Mutex/Monitor currently owned by a thread: None

heap address: 0x000000008be00000, size: 1858 MB, Compressed Oops mode: 32-bit
Narrow klass base: 0x0000000000000000, Narrow klass shift: 3
Compressed class space size: 1073741824 Address: 0x0000000100000000

Heap:
 PSYoungGen      total 36864K, used 11048K [0x00000000d9500000, 0x00000000dc300000, 0x0000000100000000)
  eden space 26624K, 41% used [0x00000000d9500000,0x00000000d9fca0d0,0x00000000daf00000)
  from space 10240K, 0% used [0x00000000db900000,0x00000000db900000,0x00000000dc300000)
  to   space 10240K, 0% used [0x00000000daf00000,0x00000000daf00000,0x00000000db900000)
 ParOldGen       total 54272K, used 35114K [0x000000008be00000, 0x000000008f300000, 0x00000000d9500000)
  object space 54272K, 64% used [0x000000008be00000,0x000000008e04aa28,0x000000008f300000)
 Metaspace       used 9415K, capacity 10036K, committed 10240K, reserved 1058816K
  class space    used 973K, capacity 1008K, committed 1024K, reserved 1048576K

Card table byte_map: [0x0000000012110000,0x00000000124c0000] byte_map_base: 0x0000000011cb1000

Marking Bits: (ParMarkBitMap*) 0x00000000743d8f30
 Begin Bits: [0x0000000012f30000, 0x0000000014c38000)
 End Bits:   [0x0000000014c38000, 0x0000000016940000)

Polling page: 0x0000000001330000

CodeCache: size=245760Kb used=10938Kb max_used=10938Kb free=234821Kb
 bounds [0x0000000002d50000, 0x0000000003810000, 0x0000000011d50000]
 total_blobs=2758 nmethods=2459 adapters=211
 compilation: enabled

Compilation events (10 events):
Event: 2.132 Thread 0x000000001951e800 nmethod 2475 0x00000000037fea90 code [0x00000000037feca0, 0x00000000037ff778]
Event: 2.132 Thread 0x000000001951e800 2477       3       com.sun.tools.javac.tree.TreeInfo::endPos (118 bytes)
Event: 2.133 Thread 0x000000001951e800 nmethod 2477 0x00000000037ffe10 code [0x0000000003800060, 0x0000000003801128]
Event: 2.133 Thread 0x000000001951e800 2482       2       com.sun.tools.javac.comp.Check::checkConflicts (248 bytes)
Event: 2.134 Thread 0x000000001951e800 nmethod 2482 0x0000000003801590 code [0x0000000003801840, 0x00000000038021c8]
Event: 2.134 Thread 0x000000001951e800 2481       3       com.sun.tools.javac.code.Types$LooseSameTypeVisitor::containsTypes (10 bytes)
Event: 2.134 Thread 0x000000001951e800 nmethod 2481 0x00000000037dab50 code [0x00000000037dacc0, 0x00000000037dae68]
Event: 2.134 Thread 0x000000001951e800 2478       3       com.sun.tools.javac.tree.TreeScanner::visitParens (9 bytes)
Event: 2.134 Thread 0x000000001951e800 nmethod 2478 0x0000000003802c10 code [0x0000000003802d80, 0x0000000003802fa8]
Event: 2.134 Thread 0x000000001951e800 2480       3       com.sun.tools.javac.comp.TransTypes::visitSelect (218 bytes)

GC Heap History (10 events):
Event: 1.139 GC heap before
{Heap before GC invocations=12 (full 2):
 PSYoungGen      total 25600K, used 23040K [0x00000000d9500000, 0x00000000db900000, 0x0000000100000000)
  eden space 23040K, 100% used [0x00000000d9500000,0x00000000dab80000,0x00000000dab80000)
  from space 2560K, 0% used [0x00000000dab80000,0x00000000dab80000,0x00000000dae00000)
  to   space 5120K, 0% used [0x00000000db400000,0x00000000db400000,0x00000000db900000)
 ParOldGen       total 24064K, used 14539K [0x000000008be00000, 0x000000008d580000, 0x00000000d9500000)
  object space 24064K, 60% used [0x000000008be00000,0x000000008cc32ec8,0x000000008d580000)
 Metaspace       used 7862K, capacity 8660K, committed 8960K, reserved 1056768K
  class space    used 881K, capacity 912K, committed 1024K, reserved 1048576K
Event: 1.145 GC heap after
Heap after GC invocations=12 (full 2):
 PSYoungGen      total 29184K, used 5101K [0x00000000d9500000, 0x00000000dbe80000, 0x0000000100000000)
  eden space 24064K, 0% used [0x00000000d9500000,0x00000000d9500000,0x00000000dac80000)
  from space 5120K, 99% used [0x00000000db400000,0x00000000db8fb448,0x00000000db900000)
  to   space 7680K, 0% used [0x00000000dac80000,0x00000000dac80000,0x00000000db400000)
 ParOldGen       total 24064K, used 19772K [0x000000008be00000, 0x000000008d580000, 0x00000000d9500000)
  object space 24064K, 82% used [0x000000008be00000,0x000000008d14f148,0x000000008d580000)
 Metaspace       used 7862K, capacity 8660K, committed 8960K, reserved 1056768K
  class space    used 881K, capacity 912K, committed 1024K, reserved 1048576K
}
Event: 1.145 GC heap before
{Heap before GC invocations=13 (full 3):
 PSYoungGen      total 29184K, used 5101K [0x00000000d9500000, 0x00000000dbe80000, 0x0000000100000000)
  eden space 24064K, 0% used [0x00000000d9500000,0x00000000d9500000,0x00000000dac80000)
  from space 5120K, 99% used [0x00000000db400000,0x00000000db8fb448,0x00000000db900000)
  to   space 7680K, 0% used [0x00000000dac80000,0x00000000dac80000,0x00000000db400000)
 ParOldGen       total 24064K, used 19772K [0x000000008be00000, 0x000000008d580000, 0x00000000d9500000)
  object space 24064K, 82% used [0x000000008be00000,0x000000008d14f148,0x000000008d580000)
 Metaspace       used 7862K, capacity 8660K, committed 8960K, reserved 1056768K
  class space    used 881K, capacity 912K, committed 1024K, reserved 1048576K
Event: 1.213 GC heap after
Heap after GC invocations=13 (full 3):
 PSYoungGen      total 29184K, used 0K [0x00000000d9500000, 0x00000000dbe80000, 0x0000000100000000)
  eden space 24064K, 0% used [0x00000000d9500000,0x00000000d9500000,0x00000000dac80000)
  from space 5120K, 0% used [0x00000000db400000,0x00000000db400000,0x00000000db900000)
  to   space 7680K, 0% used [0x00000000dac80000,0x00000000dac80000,0x00000000db400000)
 ParOldGen       total 36864K, used 23252K [0x000000008be00000, 0x000000008e200000, 0x00000000d9500000)
  object space 36864K, 63% used [0x000000008be00000,0x000000008d4b5310,0x000000008e200000)
 Metaspace       used 7862K, capacity 8660K, committed 8960K, reserved 1056768K
  class space    used 881K, capacity 912K, committed 1024K, reserved 1048576K
}
Event: 1.358 GC heap before
{Heap before GC invocations=14 (full 3):
 PSYoungGen      total 29184K, used 24064K [0x00000000d9500000, 0x00000000dbe80000, 0x0000000100000000)
  eden space 24064K, 100% used [0x00000000d9500000,0x00000000dac80000,0x00000000dac80000)
  from space 5120K, 0% used [0x00000000db400000,0x00000000db400000,0x00000000db900000)
  to   space 7680K, 0% used [0x00000000dac80000,0x00000000dac80000,0x00000000db400000)
 ParOldGen       total 36864K, used 23252K [0x000000008be00000, 0x000000008e200000, 0x00000000d9500000)
  object space 36864K, 63% used [0x000000008be00000,0x000000008d4b5310,0x000000008e200000)
 Metaspace       used 8090K, capacity 8852K, committed 9216K, reserved 1056768K
  class space    used 884K, capacity 912K, committed 1024K, reserved 1048576K
Event: 1.366 GC heap after
Heap after GC invocations=14 (full 3):
 PSYoungGen      total 31744K, used 7670K [0x00000000d9500000, 0x00000000dc300000, 0x0000000100000000)
  eden space 24064K, 0% used [0x00000000d9500000,0x00000000d9500000,0x00000000dac80000)
  from space 7680K, 99% used [0x00000000dac80000,0x00000000db3fd800,0x00000000db400000)
  to   space 10240K, 0% used [0x00000000db900000,0x00000000db900000,0x00000000dc300000)
 ParOldGen       total 36864K, used 25615K [0x000000008be00000, 0x000000008e200000, 0x00000000d9500000)
  object space 36864K, 69% used [0x000000008be00000,0x000000008d703d58,0x000000008e200000)
 Metaspace       used 8090K, capacity 8852K, committed 9216K, reserved 1056768K
  class space    used 884K, capacity 912K, committed 1024K, reserved 1048576K
}
Event: 1.772 GC heap before
{Heap before GC invocations=15 (full 3):
 PSYoungGen      total 31744K, used 31734K [0x00000000d9500000, 0x00000000dc300000, 0x0000000100000000)
  eden space 24064K, 100% used [0x00000000d9500000,0x00000000dac80000,0x00000000dac80000)
  from space 7680K, 99% used [0x00000000dac80000,0x00000000db3fd800,0x00000000db400000)
  to   space 10240K, 0% used [0x00000000db900000,0x00000000db900000,0x00000000dc300000)
 ParOldGen       total 36864K, used 25615K [0x000000008be00000, 0x000000008e200000, 0x00000000d9500000)
  object space 36864K, 69% used [0x000000008be00000,0x000000008d703d58,0x000000008e200000)
 Metaspace       used 9159K, capacity 9780K, committed 9984K, reserved 1058816K
  class space    used 972K, capacity 1008K, committed 1024K, reserved 1048576K
Event: 1.780 GC heap after
Heap after GC invocations=15 (full 3):
 PSYoungGen      total 36864K, used 5765K [0x00000000d9500000, 0x00000000dc300000, 0x0000000100000000)
  eden space 26624K, 0% used [0x00000000d9500000,0x00000000d9500000,0x00000000daf00000)
  from space 10240K, 56% used [0x00000000db900000,0x00000000dbea1548,0x00000000dc300000)
  to   space 10240K, 0% used [0x00000000daf00000,0x00000000daf00000,0x00000000db900000)
 ParOldGen       total 36864K, used 33241K [0x000000008be00000, 0x000000008e200000, 0x00000000d9500000)
  object space 36864K, 90% used [0x000000008be00000,0x000000008de76690,0x000000008e200000)
 Metaspace       used 9159K, capacity 9780K, committed 9984K, reserved 1058816K
  class space    used 972K, capacity 1008K, committed 1024K, reserved 1048576K
}
Event: 1.780 GC heap before
{Heap before GC invocations=16 (full 4):
 PSYoungGen      total 36864K, used 5765K [0x00000000d9500000, 0x00000000dc300000, 0x0000000100000000)
  eden space 26624K, 0% used [0x00000000d9500000,0x00000000d9500000,0x00000000daf00000)
  from space 10240K, 56% used [0x00000000db900000,0x00000000dbea1548,0x00000000dc300000)
  to   space 10240K, 0% used [0x00000000daf00000,0x00000000daf00000,0x00000000db900000)
 ParOldGen       total 36864K, used 33241K [0x000000008be00000, 0x000000008e200000, 0x00000000d9500000)
  object space 36864K, 90% used [0x000000008be00000,0x000000008de76690,0x000000008e200000)
 Metaspace       used 9159K, capacity 9780K, committed 9984K, reserved 1058816K
  class space    used 972K, capacity 1008K, committed 1024K, reserved 1048576K
Event: 1.885 GC heap after
Heap after GC invocations=16 (full 4):
 PSYoungGen      total 36864K, used 0K [0x00000000d9500000, 0x00000000dc300000, 0x0000000100000000)
  eden space 26624K, 0% used [0x00000000d9500000,0x00000000d9500000,0x00000000daf00000)
  from space 10240K, 0% used [0x00000000db900000,0x00000000db900000,0x00000000dc300000)
  to   space 10240K, 0% used [0x00000000daf00000,0x00000000daf00000,0x00000000db900000)
 ParOldGen       total 54272K, used 35114K [0x000000008be00000, 0x000000008f300000, 0x00000000d9500000)
  object space 54272K, 64% used [0x000000008be00000,0x000000008e04aa28,0x000000008f300000)
 Metaspace       used 9159K, capacity 9780K, committed 9984K, reserved 1058816K
  class space    used 972K, capacity 1008K, committed 1024K, reserved 1048576K
}

Deoptimization events (10 events):
Event: 2.100 Thread 0x00000000009ee000 Uncommon trap: reason=class_check action=maybe_recompile pc=0x000000000374ba4c method=com.sun.tools.javac.comp.Check.checkConflicts(Lcom/sun/tools/javac/util/JCDiagnostic$DiagnosticPosition;Lcom/sun/tools/javac/code/Symbol;Lcom/sun/tools/javac/code/Symbol
Event: 2.100 Thread 0x00000000009ee000 Uncommon trap: reason=class_check action=maybe_recompile pc=0x000000000374ba4c method=com.sun.tools.javac.comp.Check.checkConflicts(Lcom/sun/tools/javac/util/JCDiagnostic$DiagnosticPosition;Lcom/sun/tools/javac/code/Symbol;Lcom/sun/tools/javac/code/Symbol
Event: 2.109 Thread 0x00000000009ee000 Uncommon trap: reason=bimorphic action=maybe_recompile pc=0x0000000003682f64 method=com.sun.tools.javac.code.Type$ClassType.isErroneous()Z @ 1
Event: 2.111 Thread 0x00000000009ee000 Uncommon trap: reason=class_check action=maybe_recompile pc=0x000000000370d630 method=com.sun.tools.javac.code.Types.isAssignable(Lcom/sun/tools/javac/code/Type;Lcom/sun/tools/javac/code/Type;Lcom/sun/tools/javac/util/Warner;)Z @ 26
Event: 2.111 Thread 0x00000000009ee000 Uncommon trap: reason=class_check action=maybe_recompile pc=0x000000000370d630 method=com.sun.tools.javac.code.Types.isAssignable(Lcom/sun/tools/javac/code/Type;Lcom/sun/tools/javac/code/Type;Lcom/sun/tools/javac/util/Warner;)Z @ 26
Event: 2.113 Thread 0x00000000009ee000 Uncommon trap: reason=bimorphic action=maybe_recompile pc=0x0000000003682f64 method=com.sun.tools.javac.code.Type$ClassType.isErroneous()Z @ 1
Event: 2.114 Thread 0x00000000009ee000 Uncommon trap: reason=class_check action=maybe_recompile pc=0x000000000370d630 method=com.sun.tools.javac.code.Types.isAssignable(Lcom/sun/tools/javac/code/Type;Lcom/sun/tools/javac/code/Type;Lcom/sun/tools/javac/util/Warner;)Z @ 26
Event: 2.118 Thread 0x00000000009ee000 Uncommon trap: reason=class_check action=maybe_recompile pc=0x000000000374ba4c method=com.sun.tools.javac.comp.Check.checkConflicts(Lcom/sun/tools/javac/util/JCDiagnostic$DiagnosticPosition;Lcom/sun/tools/javac/code/Symbol;Lcom/sun/tools/javac/code/Symbol
Event: 2.118 Thread 0x00000000009ee000 Uncommon trap: reason=class_check action=maybe_recompile pc=0x000000000374ba4c method=com.sun.tools.javac.comp.Check.checkConflicts(Lcom/sun/tools/javac/util/JCDiagnostic$DiagnosticPosition;Lcom/sun/tools/javac/code/Symbol;Lcom/sun/tools/javac/code/Symbol
Event: 2.129 Thread 0x00000000009ee000 Uncommon trap: reason=unstable_if action=reinterpret pc=0x0000000003707608 method=com.sun.tools.javac.code.DeferredLintHandler.flush(Lcom/sun/tools/javac/util/JCDiagnostic$DiagnosticPosition;)V @ 15

Classes redefined (0 events):
No events

Internal exceptions (10 events):
Event: 0.021 Thread 0x00000000009ee000 Exception <a 'java/lang/NoSuchMethodError': Method sun.misc.Unsafe.prefetchRead(Ljava/lang/Object;J)V name or signature does not match> (0x00000000d9507fc0) thrown at [D:\j\worksp~1\openjd~3\jdk8u\hotspot\src\share\vm\prims\jni.cpp, line 4012]
Event: 0.095 Thread 0x00000000009ee000 Exception <a 'java/security/PrivilegedActionException'> (0x00000000d9675870) thrown at [D:\j\worksp~1\openjd~3\jdk8u\hotspot\src\share\vm\prims\jvm.cpp, line 1508]
Event: 0.095 Thread 0x00000000009ee000 Exception <a 'java/security/PrivilegedActionException'> (0x00000000d9675c68) thrown at [D:\j\worksp~1\openjd~3\jdk8u\hotspot\src\share\vm\prims\jvm.cpp, line 1508]
Event: 0.096 Thread 0x00000000009ee000 Exception <a 'java/security/PrivilegedActionException'> (0x00000000d967a1b0) thrown at [D:\j\worksp~1\openjd~3\jdk8u\hotspot\src\share\vm\prims\jvm.cpp, line 1508]
Event: 0.096 Thread 0x00000000009ee000 Exception <a 'java/security/PrivilegedActionException'> (0x00000000d967a5a8) thrown at [D:\j\worksp~1\openjd~3\jdk8u\hotspot\src\share\vm\prims\jvm.cpp, line 1508]
Event: 0.096 Thread 0x00000000009ee000 Exception <a 'java/security/PrivilegedActionException'> (0x00000000d967bed0) thrown at [D:\j\worksp~1\openjd~3\jdk8u\hotspot\src\share\vm\prims\jvm.cpp, line 1508]
Event: 0.096 Thread 0x00000000009ee000 Exception <a 'java/security/PrivilegedActionException'> (0x00000000d967c2c8) thrown at [D:\j\worksp~1\openjd~3\jdk8u\hotspot\src\share\vm\prims\jvm.cpp, line 1508]
Event: 0.102 Thread 0x00000000009ee000 Exception <a 'java/security/PrivilegedActionException'> (0x00000000d95092d0) thrown at [D:\j\worksp~1\openjd~3\jdk8u\hotspot\src\share\vm\prims\jvm.cpp, line 1508]
Event: 0.102 Thread 0x00000000009ee000 Exception <a 'java/security/PrivilegedActionException'> (0x00000000d95326b0) thrown at [D:\j\worksp~1\openjd~3\jdk8u\hotspot\src\share\vm\prims\jvm.cpp, line 1508]
Event: 1.521 Thread 0x00000000009ee000 Implicit null exception at 0x00000000034e7092 to 0x00000000034e70ee

Events (10 events):
Event: 2.114 Thread 0x00000000009ee000 DEOPT UNPACKING pc=0x0000000002d9557b sp=0x0000000002c4e2b0 mode 2
Event: 2.118 Thread 0x00000000009ee000 Uncommon trap: trap_request=0xffffffde fr.pc=0x000000000374ba4c
Event: 2.118 Thread 0x00000000009ee000 DEOPT PACKING pc=0x000000000374ba4c sp=0x0000000002c4eb00
Event: 2.118 Thread 0x00000000009ee000 DEOPT UNPACKING pc=0x0000000002d9557b sp=0x0000000002c4eab8 mode 2
Event: 2.118 Thread 0x00000000009ee000 Uncommon trap: trap_request=0xffffffde fr.pc=0x000000000374ba4c
Event: 2.118 Thread 0x00000000009ee000 DEOPT PACKING pc=0x000000000374ba4c sp=0x0000000002c4eb00
Event: 2.118 Thread 0x00000000009ee000 DEOPT UNPACKING pc=0x0000000002d9557b sp=0x0000000002c4eab8 mode 2
Event: 2.129 Thread 0x00000000009ee000 Uncommon trap: trap_request=0xffffff65 fr.pc=0x0000000003707608
Event: 2.129 Thread 0x00000000009ee000 DEOPT PACKING pc=0x0000000003707608 sp=0x0000000002c4ec70
Event: 2.129 Thread 0x00000000009ee000 DEOPT UNPACKING pc=0x0000000002d9557b sp=0x0000000002c4ec10 mode 2


Dynamic libraries:
0x00007ff64c550000 - 0x00007ff64c557000 	C:\Program Files\Android\jdk\microsoft_dist_openjdk_1.8.0.25\bin\javac.exe
0x00007ffac4050000 - 0x00007ffac4246000 	C:\Windows\SYSTEM32\ntdll.dll
0x00007ffac2290000 - 0x00007ffac234d000 	C:\Windows\System32\KERNEL32.DLL
0x00007ffac1cd0000 - 0x00007ffac1f99000 	C:\Windows\System32\KERNELBASE.dll
0x00007ffabac60000 - 0x00007ffabac8f000 	C:\Program Files\Android\jdk\microsoft_dist_openjdk_1.8.0.25\bin\jli.dll
0x0000000074540000 - 0x0000000074611000 	C:\Program Files\Android\jdk\microsoft_dist_openjdk_1.8.0.25\bin\MSVCR100.dll
0x00007ffac2a00000 - 0x00007ffac2aac000 	C:\Windows\System32\ADVAPI32.dll
0x00007ffac3770000 - 0x00007ffac380e000 	C:\Windows\System32\msvcrt.dll
0x00007ffac2960000 - 0x00007ffac29fc000 	C:\Windows\System32\sechost.dll
0x00007ffac3ec0000 - 0x00007ffac3feb000 	C:\Windows\System32\RPCRT4.dll
0x00007ffac2b10000 - 0x00007ffac2cb0000 	C:\Windows\System32\USER32.dll
0x00007ffac1860000 - 0x00007ffac1882000 	C:\Windows\System32\win32u.dll
0x00007ffab0ad0000 - 0x00007ffab0d6b000 	C:\Windows\WinSxS\amd64_microsoft.windows.common-controls_6595b64144ccf1df_6.0.19041.746_none_ca02b4b61b8320a4\COMCTL32.dll
0x00007ffac2da0000 - 0x00007ffac2dca000 	C:\Windows\System32\GDI32.dll
0x00007ffac1890000 - 0x00007ffac199b000 	C:\Windows\System32\gdi32full.dll
0x00007ffac1790000 - 0x00007ffac182d000 	C:\Windows\System32\msvcp_win.dll
0x00007ffac1bd0000 - 0x00007ffac1cd0000 	C:\Windows\System32\ucrtbase.dll
0x00007ffac2200000 - 0x00007ffac2230000 	C:\Windows\System32\IMM32.DLL
0x0000000074460000 - 0x0000000074531000 	C:\Program Files\Android\jdk\microsoft_dist_openjdk_1.8.0.25\jre\bin\msvcr100.dll
0x0000000073c10000 - 0x0000000074455000 	C:\Program Files\Android\jdk\microsoft_dist_openjdk_1.8.0.25\jre\bin\server\jvm.dll
0x00007ffac2190000 - 0x00007ffac2198000 	C:\Windows\System32\PSAPI.DLL
0x00007ffaa42f0000 - 0x00007ffaa42f9000 	C:\Windows\SYSTEM32\WSOCK32.dll
0x00007ffabc6a0000 - 0x00007ffabc6c7000 	C:\Windows\SYSTEM32\WINMM.dll
0x00007ffab5e10000 - 0x00007ffab5e1a000 	C:\Windows\SYSTEM32\VERSION.dll
0x00007ffac2350000 - 0x00007ffac23bb000 	C:\Windows\System32\WS2_32.dll
0x00007ffabac50000 - 0x00007ffabac5f000 	C:\Program Files\Android\jdk\microsoft_dist_openjdk_1.8.0.25\jre\bin\verify.dll
0x00007ffab7f90000 - 0x00007ffab7fb9000 	C:\Program Files\Android\jdk\microsoft_dist_openjdk_1.8.0.25\jre\bin\java.dll
0x00007ffaba880000 - 0x00007ffaba896000 	C:\Program Files\Android\jdk\microsoft_dist_openjdk_1.8.0.25\jre\bin\zip.dll
0x00007ffac3020000 - 0x00007ffac3762000 	C:\Windows\System32\SHELL32.dll
0x00007ffabf790000 - 0x00007ffabff20000 	C:\Windows\SYSTEM32\windows.storage.dll
0x00007ffac3a50000 - 0x00007ffac3da6000 	C:\Windows\System32\combase.dll
0x00007ffac1120000 - 0x00007ffac114c000 	C:\Windows\SYSTEM32\Wldp.dll
0x00007ffac3db0000 - 0x00007ffac3e5e000 	C:\Windows\System32\SHCORE.dll
0x00007ffac3e60000 - 0x00007ffac3eb5000 	C:\Windows\System32\shlwapi.dll
0x00007ffac16c0000 - 0x00007ffac16e6000 	C:\Windows\SYSTEM32\profapi.dll

VM Arguments:
jvm_args: -Dapplication.home=C:\Program Files\Android\jdk\microsoft_dist_openjdk_1.8.0.25 -Xms8m -Dfile.encoding=UTF8 
java_command: com.sun.tools.javac.Main @C:\Users\Ana\AppData\Local\Temp\tmpCE13.tmp -target 1.8 -source 1.8
java_class_path (initial): C:\Program Files\Android\jdk\microsoft_dist_openjdk_1.8.0.25/lib/tools.jar;C:\Program Files\Android\jdk\microsoft_dist_openjdk_1.8.0.25/classes
Launcher Type: SUN_STANDARD

Environment Variables:
JAVA_HOME=C:\Program Files\Android\jdk\microsoft_dist_openjdk_1.8.0.25
PATH=C:\Program Files\Android\jdk\microsoft_dist_openjdk_1.8.0.25\bin;D:\app\Ana\product\11.2.0\dbhome_1\bin;C:\Program Files\Java\jdk-11.0.9\bin;C:\Program Files\Common Files\Oracle\Java\javapath;C:\Windows\system32;C:\Windows;C:\Windows\System32\Wbem;C:\Windows\System32\WindowsPowerShell\v1.0\;C:\Windows\System32\OpenSSH\;C:\Program Files\Microsoft SQL Server\130\Tools\Binn\;C:\Program Files\Microsoft SQL Server\Client SDK\ODBC\170\Tools\Binn\;C:\Program Files\nodejs\;C:\Program Files\SourceGear\Common\DiffMerge\;C:\Program Files\dotnet\;D:\Windows Kits\10\Windows Performance Toolkit\;C:\Users\Ana\AppData\Local\Programs\Python\Python39\Scripts\;C:\Users\Ana\AppData\Local\Programs\Python\Python39\;C:\Users\Ana\AppData\Local\Microsoft\WindowsApps;C:\Users\Ana\AppData\Local\Programs\Microsoft VS Code\bin;C:\Users\Ana\AppData\Roaming\npm;C:\Program Files\Oracle\instantclient_12_2;D:\heroku\bin;C:\Users\Ana\.dotnet\tools
USERNAME=Ana
OS=Windows_NT
PROCESSOR_IDENTIFIER=Intel64 Family 6 Model 126 Stepping 5, GenuineIntel



---------------  S Y S T E M  ---------------

OS: Windows 10.0 , 64 bit Build 19041 (10.0.19041.804)

CPU:total 8 (initial active 8) (4 cores per cpu, 2 threads per core) family 6 model 126 stepping 5, cmov, cx8, fxsr, mmx, sse, sse2, sse3, ssse3, sse4.1, sse4.2, popcnt, avx, avx2, aes, clmul, erms, 3dnowpref, lzcnt, ht, tsc, tscinvbit, bmi1, bmi2, adx

Memory: 4k page, physical 7604220k(1142204k free), swap 9471996k(5160k free)

vm_info: OpenJDK 64-Bit Server VM (25.71-b00) for windows-amd64 JRE (1.8.0-25-microsoft-b00), built on Feb  7 2019 20:09:14 by "builder" with MS VC++ 10.0 (VS2010)

time: Fri Mar 12 20:40:08 2021
timezone: GTB Standard Time
elapsed time: 2 seconds (0d 0h 0m 2s)

