#
# There is insufficient memory for the Java Runtime Environment to continue.
# Native memory allocation (malloc) failed to allocate 1153056 bytes for Chunk::new
# Possible reasons:
#   The system is out of physical RAM or swap space
#   The process is running with CompressedOops enabled, and the Java Heap may be blocking the growth of the native heap
# Possible solutions:
#   Reduce memory load on the system
#   Increase physical memory or swap space
#   Check if swap backing store is full
#   Decrease Java heap size (-Xmx/-Xms)
#   Decrease number of Java threads
#   Decrease Java thread stack sizes (-Xss)
#   Set larger code cache with -XX:ReservedCodeCacheSize=
#   JVM is running with Unscaled Compressed Oops mode in which the Java heap is
#     placed in the first 4GB address space. The Java Heap base address is the
#     maximum limit for the native heap growth. Please use -XX:HeapBaseMinAddress
#     to set the Java Heap base and to place the Java Heap above 4GB virtual address.
# This output file may be truncated or incomplete.
#
#  Out of Memory Error (allocation.cpp:389), pid=13980, tid=0x0000000000002e34
#
# JRE version: OpenJDK Runtime Environment (8.0) (build 1.8.0-25-microsoft-b00)
# Java VM: OpenJDK 64-Bit Server VM (25.71-b00 mixed mode windows-amd64 compressed oops)
# Failed to write core dump. Minidumps are not enabled by default on client versions of Windows
#

---------------  T H R E A D  ---------------

Current thread (0x00000000174ff800):  JavaThread "C2 CompilerThread1" daemon [_thread_in_native, id=11828, stack(0x0000000017ed0000,0x0000000017fd0000)]

Stack: [0x0000000017ed0000,0x0000000017fd0000]
[error occurred during error reporting (printing stack bounds), id 0xc0000005]

Native frames: (J=compiled Java code, j=interpreted, Vv=VM code, C=native code)


Current CompileTask:
C2:   7509 5068       4       com.android.tools.r8.ir.optimize.Z::a (583 bytes)


---------------  P R O C E S S  ---------------

Java Threads: ( => current thread )
  0x00000000175b1800 JavaThread "ForkJoinPool-1-worker-0" daemon [_thread_blocked, id=8728, stack(0x0000000018f00000,0x0000000019000000)]
  0x00000000175b1000 JavaThread "ForkJoinPool-1-worker-3" daemon [_thread_blocked, id=3660, stack(0x0000000018e00000,0x0000000018f00000)]
  0x00000000185a8000 JavaThread "ForkJoinPool-1-worker-2" daemon [_thread_blocked, id=15992, stack(0x0000000018d00000,0x0000000018e00000)]
  0x00000000185a7000 JavaThread "ForkJoinPool-1-worker-1" daemon [_thread_in_Java, id=17128, stack(0x00000000183d0000,0x00000000184d0000)]
  0x000000001759a800 JavaThread "Service Thread" daemon [_thread_blocked, id=1620, stack(0x00000000181d0000,0x00000000182d0000)]
  0x0000000017506800 JavaThread "C1 CompilerThread3" daemon [_thread_blocked, id=1596, stack(0x00000000180d0000,0x00000000181d0000)]
  0x0000000017502000 JavaThread "C2 CompilerThread2" daemon [_thread_in_native, id=12812, stack(0x0000000017fd0000,0x00000000180d0000)]
=>0x00000000174ff800 JavaThread "C2 CompilerThread1" daemon [_thread_in_native, id=11828, stack(0x0000000017ed0000,0x0000000017fd0000)]
  0x00000000174fe000 JavaThread "C2 CompilerThread0" daemon [_thread_in_native, id=12496, stack(0x0000000017dd0000,0x0000000017ed0000)]
  0x00000000174f9000 JavaThread "Attach Listener" daemon [_thread_blocked, id=4516, stack(0x0000000017cd0000,0x0000000017dd0000)]
  0x00000000174f8000 JavaThread "Signal Dispatcher" daemon [_thread_blocked, id=1564, stack(0x0000000017bd0000,0x0000000017cd0000)]
  0x00000000156f2800 JavaThread "Finalizer" daemon [_thread_blocked, id=1400, stack(0x00000000179d0000,0x0000000017ad0000)]
  0x00000000156eb800 JavaThread "Reference Handler" daemon [_thread_blocked, id=14664, stack(0x00000000178d0000,0x00000000179d0000)]
  0x00000000029ce800 JavaThread "main" [_thread_blocked, id=17296, stack(0x00000000029d0000,0x0000000002ad0000)]

Other Threads:
  0x00000000156e7800 VMThread [stack: 0x00000000173d0000,0x00000000174d0000] [id=13128]
  0x000000001759b800 WatcherThread [stack: 0x00000000182d0000,0x00000000183d0000] [id=7484]

VM state:not at safepoint (normal execution)

VM Mutex/Monitor currently owned by a thread: None

heap address: 0x00000000c0000000, size: 1024 MB, Compressed Oops mode: 32-bit
Narrow klass base: 0x0000000000000000, Narrow klass shift: 3
Compressed class space size: 1073741824 Address: 0x0000000100000000

Heap:
 PSYoungGen      total 201728K, used 175988K [0x00000000eab00000, 0x00000000f8800000, 0x0000000100000000)
  eden space 177664K, 85% used [0x00000000eab00000,0x00000000f3f65010,0x00000000f5880000)
  from space 24064K, 99% used [0x00000000f5880000,0x00000000f6ff8020,0x00000000f7000000)
  to   space 24576K, 0% used [0x00000000f7000000,0x00000000f7000000,0x00000000f8800000)
 ParOldGen       total 122368K, used 84579K [0x00000000c0000000, 0x00000000c7780000, 0x00000000eab00000)
  object space 122368K, 69% used [0x00000000c0000000,0x00000000c5298e40,0x00000000c7780000)
 Metaspace       used 15122K, capacity 16200K, committed 16256K, reserved 1062912K
  class space    used 1878K, capacity 2142K, committed 2176K, reserved 1048576K

Card table byte_map: [0x0000000011f90000,0x00000000121a0000] byte_map_base: 0x0000000011990000

Marking Bits: (ParMarkBitMap*) 0x00000000744b8f30
 Begin Bits: [0x0000000012b00000, 0x0000000013b00000)
 End Bits:   [0x0000000013b00000, 0x0000000014b00000)

Polling page: 0x00000000011d0000

CodeCache: size=245760Kb used=16800Kb max_used=16837Kb free=228959Kb
 bounds [0x0000000002bd0000, 0x0000000003c60000, 0x0000000011bd0000]
 total_blobs=4553 nmethods=4211 adapters=252
 compilation: enabled

Compilation events (10 events):
Event: 7.404 Thread 0x0000000017506800 5300 %     3       com.android.tools.r8.ir.optimize.k::a @ 49 (389 bytes)
Event: 7.407 Thread 0x0000000017506800 nmethod 5300% 0x00000000038c16d0 code [0x00000000038c1c20, 0x00000000038c5178]
Event: 7.410 Thread 0x0000000017506800 5302       3       com.android.tools.r8.ir.optimize.k::a (389 bytes)
Event: 7.414 Thread 0x0000000017506800 nmethod 5302 0x0000000003c259d0 code [0x0000000003c25f00, 0x0000000003c29278]
Event: 7.421 Thread 0x0000000017506800 5303       2       com.android.tools.r8.ir.analysis.type.DoubleTypeLatticeElement::hashCode (7 bytes)
Event: 7.421 Thread 0x0000000017506800 nmethod 5303 0x0000000003bfeb50 code [0x0000000003bfecc0, 0x0000000003bfee48]
Event: 7.488 Thread 0x0000000017506800 5307       2       com.android.tools.r8.u.b.e::a (28 bytes)
Event: 7.489 Thread 0x0000000017506800 nmethod 5307 0x000000000345c590 code [0x000000000345c720, 0x000000000345c9b8]
Event: 7.504 Thread 0x00000000174fe000 nmethod 4413% 0x0000000003c47dd0 code [0x0000000003c486e0, 0x0000000003c4e820]
Event: 7.506 Thread 0x00000000174fe000 5258       4       com.android.tools.r8.u.a.h.e::b (608 bytes)

GC Heap History (10 events):
Event: 6.549 GC heap before
{Heap before GC invocations=30 (full 1):
 PSYoungGen      total 202240K, used 202208K [0x00000000eab00000, 0x00000000f8800000, 0x0000000100000000)
  eden space 177664K, 100% used [0x00000000eab00000,0x00000000f5880000,0x00000000f5880000)
  from space 24576K, 99% used [0x00000000f7000000,0x00000000f87f8010,0x00000000f8800000)
  to   space 24064K, 0% used [0x00000000f5880000,0x00000000f5880000,0x00000000f7000000)
 ParOldGen       total 122368K, used 73197K [0x00000000c0000000, 0x00000000c7780000, 0x00000000eab00000)
  object space 122368K, 59% used [0x00000000c0000000,0x00000000c477b560,0x00000000c7780000)
 Metaspace       used 15101K, capacity 16194K, committed 16256K, reserved 1062912K
  class space    used 1877K, capacity 2141K, committed 2176K, reserved 1048576K
Event: 6.567 GC heap after
Heap after GC invocations=30 (full 1):
 PSYoungGen      total 201728K, used 24032K [0x00000000eab00000, 0x00000000f8800000, 0x0000000100000000)
  eden space 177664K, 0% used [0x00000000eab00000,0x00000000eab00000,0x00000000f5880000)
  from space 24064K, 99% used [0x00000000f5880000,0x00000000f6ff8010,0x00000000f7000000)
  to   space 24576K, 0% used [0x00000000f7000000,0x00000000f7000000,0x00000000f8800000)
 ParOldGen       total 122368K, used 75824K [0x00000000c0000000, 0x00000000c7780000, 0x00000000eab00000)
  object space 122368K, 61% used [0x00000000c0000000,0x00000000c4a0c158,0x00000000c7780000)
 Metaspace       used 15101K, capacity 16194K, committed 16256K, reserved 1062912K
  class space    used 1877K, capacity 2141K, committed 2176K, reserved 1048576K
}
Event: 6.755 GC heap before
{Heap before GC invocations=31 (full 1):
 PSYoungGen      total 201728K, used 201696K [0x00000000eab00000, 0x00000000f8800000, 0x0000000100000000)
  eden space 177664K, 100% used [0x00000000eab00000,0x00000000f5880000,0x00000000f5880000)
  from space 24064K, 99% used [0x00000000f5880000,0x00000000f6ff8010,0x00000000f7000000)
  to   space 24576K, 0% used [0x00000000f7000000,0x00000000f7000000,0x00000000f8800000)
 ParOldGen       total 122368K, used 75824K [0x00000000c0000000, 0x00000000c7780000, 0x00000000eab00000)
  object space 122368K, 61% used [0x00000000c0000000,0x00000000c4a0c158,0x00000000c7780000)
 Metaspace       used 15101K, capacity 16194K, committed 16256K, reserved 1062912K
  class space    used 1877K, capacity 2141K, committed 2176K, reserved 1048576K
Event: 6.769 GC heap after
Heap after GC invocations=31 (full 1):
 PSYoungGen      total 202240K, used 22976K [0x00000000eab00000, 0x00000000f8800000, 0x0000000100000000)
  eden space 177664K, 0% used [0x00000000eab00000,0x00000000eab00000,0x00000000f5880000)
  from space 24576K, 93% used [0x00000000f7000000,0x00000000f8670010,0x00000000f8800000)
  to   space 24064K, 0% used [0x00000000f5880000,0x00000000f5880000,0x00000000f7000000)
 ParOldGen       total 122368K, used 78800K [0x00000000c0000000, 0x00000000c7780000, 0x00000000eab00000)
  object space 122368K, 64% used [0x00000000c0000000,0x00000000c4cf4158,0x00000000c7780000)
 Metaspace       used 15101K, capacity 16194K, committed 16256K, reserved 1062912K
  class space    used 1877K, capacity 2141K, committed 2176K, reserved 1048576K
}
Event: 6.948 GC heap before
{Heap before GC invocations=32 (full 1):
 PSYoungGen      total 202240K, used 200640K [0x00000000eab00000, 0x00000000f8800000, 0x0000000100000000)
  eden space 177664K, 100% used [0x00000000eab00000,0x00000000f5880000,0x00000000f5880000)
  from space 24576K, 93% used [0x00000000f7000000,0x00000000f8670010,0x00000000f8800000)
  to   space 24064K, 0% used [0x00000000f5880000,0x00000000f5880000,0x00000000f7000000)
 ParOldGen       total 122368K, used 78800K [0x00000000c0000000, 0x00000000c7780000, 0x00000000eab00000)
  object space 122368K, 64% used [0x00000000c0000000,0x00000000c4cf4158,0x00000000c7780000)
 Metaspace       used 15110K, capacity 16194K, committed 16256K, reserved 1062912K
  class space    used 1877K, capacity 2141K, committed 2176K, reserved 1048576K
Event: 6.964 GC heap after
Heap after GC invocations=32 (full 1):
 PSYoungGen      total 201728K, used 24032K [0x00000000eab00000, 0x00000000f8800000, 0x0000000100000000)
  eden space 177664K, 0% used [0x00000000eab00000,0x00000000eab00000,0x00000000f5880000)
  from space 24064K, 99% used [0x00000000f5880000,0x00000000f6ff8010,0x00000000f7000000)
  to   space 24576K, 0% used [0x00000000f7000000,0x00000000f7000000,0x00000000f8800000)
 ParOldGen       total 122368K, used 79778K [0x00000000c0000000, 0x00000000c7780000, 0x00000000eab00000)
  object space 122368K, 65% used [0x00000000c0000000,0x00000000c4de8bd8,0x00000000c7780000)
 Metaspace       used 15110K, capacity 16194K, committed 16256K, reserved 1062912K
  class space    used 1877K, capacity 2141K, committed 2176K, reserved 1048576K
}
Event: 7.136 GC heap before
{Heap before GC invocations=33 (full 1):
 PSYoungGen      total 201728K, used 201696K [0x00000000eab00000, 0x00000000f8800000, 0x0000000100000000)
  eden space 177664K, 100% used [0x00000000eab00000,0x00000000f5880000,0x00000000f5880000)
  from space 24064K, 99% used [0x00000000f5880000,0x00000000f6ff8010,0x00000000f7000000)
  to   space 24576K, 0% used [0x00000000f7000000,0x00000000f7000000,0x00000000f8800000)
 ParOldGen       total 122368K, used 79778K [0x00000000c0000000, 0x00000000c7780000, 0x00000000eab00000)
  object space 122368K, 65% used [0x00000000c0000000,0x00000000c4de8bd8,0x00000000c7780000)
 Metaspace       used 15114K, capacity 16194K, committed 16256K, reserved 1062912K
  class space    used 1877K, capacity 2141K, committed 2176K, reserved 1048576K
Event: 7.156 GC heap after
Heap after GC invocations=33 (full 1):
 PSYoungGen      total 202240K, used 23824K [0x00000000eab00000, 0x00000000f8800000, 0x0000000100000000)
  eden space 177664K, 0% used [0x00000000eab00000,0x00000000eab00000,0x00000000f5880000)
  from space 24576K, 96% used [0x00000000f7000000,0x00000000f8744030,0x00000000f8800000)
  to   space 24064K, 0% used [0x00000000f5880000,0x00000000f5880000,0x00000000f7000000)
 ParOldGen       total 122368K, used 82618K [0x00000000c0000000, 0x00000000c7780000, 0x00000000eab00000)
  object space 122368K, 67% used [0x00000000c0000000,0x00000000c50aebe8,0x00000000c7780000)
 Metaspace       used 15114K, capacity 16194K, committed 16256K, reserved 1062912K
  class space    used 1877K, capacity 2141K, committed 2176K, reserved 1048576K
}
Event: 7.331 GC heap before
{Heap before GC invocations=34 (full 1):
 PSYoungGen      total 202240K, used 201488K [0x00000000eab00000, 0x00000000f8800000, 0x0000000100000000)
  eden space 177664K, 100% used [0x00000000eab00000,0x00000000f5880000,0x00000000f5880000)
  from space 24576K, 96% used [0x00000000f7000000,0x00000000f8744030,0x00000000f8800000)
  to   space 24064K, 0% used [0x00000000f5880000,0x00000000f5880000,0x00000000f7000000)
 ParOldGen       total 122368K, used 82618K [0x00000000c0000000, 0x00000000c7780000, 0x00000000eab00000)
  object space 122368K, 67% used [0x00000000c0000000,0x00000000c50aebe8,0x00000000c7780000)
 Metaspace       used 15114K, capacity 16194K, committed 16256K, reserved 1062912K
  class space    used 1877K, capacity 2141K, committed 2176K, reserved 1048576K
Event: 7.352 GC heap after
Heap after GC invocations=34 (full 1):
 PSYoungGen      total 201728K, used 24032K [0x00000000eab00000, 0x00000000f8800000, 0x0000000100000000)
  eden space 177664K, 0% used [0x00000000eab00000,0x00000000eab00000,0x00000000f5880000)
  from space 24064K, 99% used [0x00000000f5880000,0x00000000f6ff8020,0x00000000f7000000)
  to   space 24576K, 0% used [0x00000000f7000000,0x00000000f7000000,0x00000000f8800000)
 ParOldGen       total 122368K, used 84579K [0x00000000c0000000, 0x00000000c7780000, 0x00000000eab00000)
  object space 122368K, 69% used [0x00000000c0000000,0x00000000c5298e40,0x00000000c7780000)
 Metaspace       used 15114K, capacity 16194K, committed 16256K, reserved 1062912K
  class space    used 1877K, capacity 2141K, committed 2176K, reserved 1048576K
}

Deoptimization events (10 events):
Event: 3.579 Thread 0x00000000175b1800 Uncommon trap: reason=class_check action=maybe_recompile pc=0x0000000003526cf4 method=com.android.tools.r8.u.c.M.k(I)V @ 9
Event: 3.599 Thread 0x00000000185a8000 Uncommon trap: reason=unstable_if action=reinterpret pc=0x00000000032072a8 method=java.util.HashMap.putVal(ILjava/lang/Object;Ljava/lang/Object;ZZ)Ljava/lang/Object; @ 162
Event: 4.471 Thread 0x00000000175b1000 Uncommon trap: reason=unstable_if action=reinterpret pc=0x00000000033670bc method=com.android.tools.r8.graph.d0.a([C)I @ 121
Event: 4.577 Thread 0x00000000185a8000 Uncommon trap: reason=unstable_if action=reinterpret pc=0x00000000032f9604 method=com.android.tools.r8.v.a.a.a.f.c0.get(I)Ljava/lang/Object; @ 8
Event: 5.320 Thread 0x00000000175b1000 Uncommon trap: reason=class_check action=maybe_recompile pc=0x000000000390a398 method=com.android.tools.r8.u.a.h.e.b(Lcom/android/tools/r8/u/b/d0;)V @ 244
Event: 6.030 Thread 0x00000000175b1800 Uncommon trap: reason=unstable_if action=reinterpret pc=0x0000000003b55400 method=com.android.tools.r8.u.a.h.e.b(Lcom/android/tools/r8/u/b/d0;)V @ 11
Event: 6.385 Thread 0x00000000185a7000 Uncommon trap: reason=unstable_if action=reinterpret pc=0x00000000034a7800 method=com.android.tools.r8.ir.regalloc.g.a(ILcom/android/tools/r8/ir/regalloc/g$a;)Z @ 73
Event: 6.468 Thread 0x00000000175b1000 Uncommon trap: reason=unstable_if action=reinterpret pc=0x0000000003bfb91c method=java.util.ArrayDeque.addFirst(Ljava/lang/Object;)V @ 45
Event: 6.529 Thread 0x00000000185a8000 Uncommon trap: reason=unstable_if action=reinterpret pc=0x0000000003c31390 method=com.android.tools.r8.u.c.M.a(IIZ)V @ 1
Event: 7.403 Thread 0x00000000175b1800 Uncommon trap: reason=unstable_if action=reinterpret pc=0x000000000388f138 method=com.android.tools.r8.u.b.n.d()V @ 18

Classes redefined (0 events):
No events

Internal exceptions (10 events):
Event: 0.280 Thread 0x00000000029ce800 Implicit null exception at 0x0000000002d9fe3c to 0x0000000002da07f1
Event: 1.380 Thread 0x00000000185a7000 Exception <a 'java/lang/NoSuchMethodError': java.lang.Object.lambda$comparingInt$7b0bb60$1(Ljava/util/function/ToIntFunction;Ljava/lang/Object;Ljava/lang/Object;)I> (0x00000000f0b4b860) thrown at [D:\j\worksp~1\openjd~3\jdk8u\hotspot\src\share\vm\interpre
Event: 1.380 Thread 0x00000000175b1800 Exception <a 'java/lang/NoSuchMethodError': java.lang.Object.lambda$comparingInt$7b0bb60$1(Ljava/util/function/ToIntFunction;Ljava/lang/Object;Ljava/lang/Object;)I> (0x00000000f0ae39b8) thrown at [D:\j\worksp~1\openjd~3\jdk8u\hotspot\src\share\vm\interpre
Event: 1.380 Thread 0x00000000175b1000 Exception <a 'java/lang/NoSuchMethodError': java.lang.Object.lambda$comparingInt$7b0bb60$1(Ljava/util/function/ToIntFunction;Ljava/lang/Object;Ljava/lang/Object;)I> (0x00000000f0a9e0c8) thrown at [D:\j\worksp~1\openjd~3\jdk8u\hotspot\src\share\vm\interpre
Event: 1.380 Thread 0x00000000185a8000 Exception <a 'java/lang/NoSuchMethodError': java.lang.Object.lambda$comparingInt$7b0bb60$1(Ljava/util/function/ToIntFunction;Ljava/lang/Object;Ljava/lang/Object;)I> (0x00000000f09f7380) thrown at [D:\j\worksp~1\openjd~3\jdk8u\hotspot\src\share\vm\interpre
Event: 1.383 Thread 0x00000000175b1000 Exception <a 'java/lang/NoSuchMethodError': java.lang.Object.lambda$maxBy$1(Ljava/util/Comparator;Ljava/lang/Object;Ljava/lang/Object;)Ljava/lang/Object;> (0x00000000f0aa9e80) thrown at [D:\j\worksp~1\openjd~3\jdk8u\hotspot\src\share\vm\interpreter\linkRe
Event: 1.383 Thread 0x00000000175b1800 Exception <a 'java/lang/NoSuchMethodError': java.lang.Object.lambda$maxBy$1(Ljava/util/Comparator;Ljava/lang/Object;Ljava/lang/Object;)Ljava/lang/Object;> (0x00000000f0aef848) thrown at [D:\j\worksp~1\openjd~3\jdk8u\hotspot\src\share\vm\interpreter\linkRe
Event: 1.383 Thread 0x00000000185a7000 Exception <a 'java/lang/NoSuchMethodError': java.lang.Object.lambda$maxBy$1(Ljava/util/Comparator;Ljava/lang/Object;Ljava/lang/Object;)Ljava/lang/Object;> (0x00000000f0b577f0) thrown at [D:\j\worksp~1\openjd~3\jdk8u\hotspot\src\share\vm\interpreter\linkRe
Event: 1.383 Thread 0x00000000185a8000 Exception <a 'java/lang/NoSuchMethodError': java.lang.Object.lambda$maxBy$1(Ljava/util/Comparator;Ljava/lang/Object;Ljava/lang/Object;)Ljava/lang/Object;> (0x00000000f0a02be8) thrown at [D:\j\worksp~1\openjd~3\jdk8u\hotspot\src\share\vm\interpreter\linkRe
Event: 1.426 Thread 0x00000000175b1000 Implicit null exception at 0x0000000002f557af to 0x0000000002f559f5

Events (10 events):
Event: 7.369 Thread 0x00000000175b1000 DEOPT UNPACKING pc=0x0000000002c175d0 sp=0x0000000018efe128 mode 0
Event: 7.403 Thread 0x00000000175b1800 Uncommon trap: trap_request=0xffffff65 fr.pc=0x000000000388f138
Event: 7.403 Thread 0x00000000175b1800 DEOPT PACKING pc=0x000000000388f138 sp=0x0000000018ffea70
Event: 7.403 Thread 0x00000000175b1800 DEOPT UNPACKING pc=0x0000000002c1557b sp=0x0000000018ffeab8 mode 2
Event: 7.417 Thread 0x00000000175b1800 DEOPT PACKING pc=0x000000000362a44a sp=0x0000000018ffe190
Event: 7.417 Thread 0x00000000175b1800 DEOPT UNPACKING pc=0x0000000002c175d0 sp=0x0000000018ffe208 mode 0
Event: 7.485 Thread 0x00000000175b1000 DEOPT PACKING pc=0x000000000362a44a sp=0x0000000018efe0b0
Event: 7.485 Thread 0x00000000175b1000 DEOPT UNPACKING pc=0x0000000002c175d0 sp=0x0000000018efe128 mode 0
Event: 7.497 loading class com/android/tools/r8/u/b/l
Event: 7.497 loading class com/android/tools/r8/u/b/l done


Dynamic libraries:
0x00007ff7bcc20000 - 0x00007ff7bcc55000 	C:\Program Files\Android\jdk\microsoft_dist_openjdk_1.8.0.25\bin\java.exe
0x00007ffac4050000 - 0x00007ffac4246000 	C:\Windows\SYSTEM32\ntdll.dll
0x00007ffac2290000 - 0x00007ffac234d000 	C:\Windows\System32\KERNEL32.DLL
0x00007ffac1cd0000 - 0x00007ffac1f99000 	C:\Windows\System32\KERNELBASE.dll
0x00007ffac2a00000 - 0x00007ffac2aac000 	C:\Windows\System32\ADVAPI32.dll
0x00007ffac3770000 - 0x00007ffac380e000 	C:\Windows\System32\msvcrt.dll
0x00007ffac2960000 - 0x00007ffac29fc000 	C:\Windows\System32\sechost.dll
0x00007ffac3ec0000 - 0x00007ffac3feb000 	C:\Windows\System32\RPCRT4.dll
0x00007ffac2b10000 - 0x00007ffac2cb0000 	C:\Windows\System32\USER32.dll
0x00007ffac1860000 - 0x00007ffac1882000 	C:\Windows\System32\win32u.dll
0x00007ffac2da0000 - 0x00007ffac2dca000 	C:\Windows\System32\GDI32.dll
0x00007ffac1890000 - 0x00007ffac199b000 	C:\Windows\System32\gdi32full.dll
0x00007ffac1790000 - 0x00007ffac182d000 	C:\Windows\System32\msvcp_win.dll
0x00007ffac1bd0000 - 0x00007ffac1cd0000 	C:\Windows\System32\ucrtbase.dll
0x00007ffab0ad0000 - 0x00007ffab0d6b000 	C:\Windows\WinSxS\amd64_microsoft.windows.common-controls_6595b64144ccf1df_6.0.19041.746_none_ca02b4b61b8320a4\COMCTL32.dll
0x00007ffac2200000 - 0x00007ffac2230000 	C:\Windows\System32\IMM32.DLL
0x0000000074540000 - 0x0000000074611000 	C:\Program Files\Android\jdk\microsoft_dist_openjdk_1.8.0.25\jre\bin\msvcr100.dll
0x0000000073cf0000 - 0x0000000074535000 	C:\Program Files\Android\jdk\microsoft_dist_openjdk_1.8.0.25\jre\bin\server\jvm.dll
0x00007ffac2190000 - 0x00007ffac2198000 	C:\Windows\System32\PSAPI.DLL
0x00007ffab5e10000 - 0x00007ffab5e1a000 	C:\Windows\SYSTEM32\VERSION.dll
0x00007ffaa42f0000 - 0x00007ffaa42f9000 	C:\Windows\SYSTEM32\WSOCK32.dll
0x00007ffabc6a0000 - 0x00007ffabc6c7000 	C:\Windows\SYSTEM32\WINMM.dll
0x00007ffac2350000 - 0x00007ffac23bb000 	C:\Windows\System32\WS2_32.dll
0x00007ffabac60000 - 0x00007ffabac6f000 	C:\Program Files\Android\jdk\microsoft_dist_openjdk_1.8.0.25\jre\bin\verify.dll
0x00007ffab8120000 - 0x00007ffab8149000 	C:\Program Files\Android\jdk\microsoft_dist_openjdk_1.8.0.25\jre\bin\java.dll
0x00007ffababd0000 - 0x00007ffababe6000 	C:\Program Files\Android\jdk\microsoft_dist_openjdk_1.8.0.25\jre\bin\zip.dll
0x00007ffac3020000 - 0x00007ffac3762000 	C:\Windows\System32\SHELL32.dll
0x00007ffabf790000 - 0x00007ffabff20000 	C:\Windows\SYSTEM32\windows.storage.dll
0x00007ffac3a50000 - 0x00007ffac3da6000 	C:\Windows\System32\combase.dll
0x00007ffac1120000 - 0x00007ffac114c000 	C:\Windows\SYSTEM32\Wldp.dll
0x00007ffac3db0000 - 0x00007ffac3e5e000 	C:\Windows\System32\SHCORE.dll
0x00007ffac3e60000 - 0x00007ffac3eb5000 	C:\Windows\System32\shlwapi.dll
0x00007ffac16c0000 - 0x00007ffac16e6000 	C:\Windows\SYSTEM32\profapi.dll
0x00007ffaba880000 - 0x00007ffaba89a000 	C:\Program Files\Android\jdk\microsoft_dist_openjdk_1.8.0.25\jre\bin\net.dll
0x00007ffac0f10000 - 0x00007ffac0f7a000 	C:\Windows\system32\mswsock.dll
0x00007ffab8100000 - 0x00007ffab8111000 	C:\Program Files\Android\jdk\microsoft_dist_openjdk_1.8.0.25\jre\bin\nio.dll

VM Arguments:
jvm_args: -Xmx1G 
java_command: com.android.tools.r8.D8 --debug --min-api 21 --output obj\Debug\100\android\bin\ --lib C:\Program Files (x86)\Android\android-sdk\platforms\android-29\android.jar --lib C:\Program Files (x86)\Android\android-sdk\platforms\android-29\optional\org.apache.http.legacy.jar obj\Debug\100\android\bin\classes.zip C:\Program Files (x86)\Microsoft Visual Studio\2019\Community\Common7\IDE\ReferenceAssemblies\Microsoft\Framework\MonoAndroid\v10.0\mono.android.jar C:\Program Files (x86)\Microsoft Visual Studio\2019\Community\MSBuild\Xamarin\Android\java_runtime_fastdev.jar C:\Users\Ana\.nuget\packages\xamarin.androidx.annotation\1.1.0.8\buildTransitive\monoandroid90\..\..\jar\androidx.annotation.annotation.jar C:\Users\Ana\.nuget\packages\xamarin.androidx.collection\1.1.0.6\buildTransitive\monoandroid90\..\..\jar\androidx.collection.collection.jar C:\Users\Ana\.nuget\packages\xamarin.androidx.lifecycle.common\2.2.0.4\buildTransitive\monoandroid90\..\..\jar\androidx.lifecycle.lifecycle-common.jar C:\Users\Ana\.nuget\packages\xamarin.androidx.arch.core.common\2.1.0.7\buildTransitive\monoandroid90\..\..\jar\androidx.arch.core.core-common.jar obj\Debug\100\androidx\jl\19a80da2-4a6d-42d1-9c87-6e30650c2508.jar obj\Debug\100\lp\0\jl\formsviewgroup.jar obj\Debug\100\lp\100\jl\classes.jar obj\Debug\100\lp\101\jl\classes.jar obj\Debug\100\lp\102\jl\classes.jar obj\Debug\100\lp\103\jl\classes.jar obj\Debug\100\lp\61\jl\classes.jar obj\Debug\100\lp\62\jl\classes.jar obj\Debug\100\lp\63\jl\classes.jar obj\Debug\100\lp\64\jl\classes.jar obj\Debug\100\lp\65\jl\classes.jar obj\Debug\100\lp\66\jl\classes.jar obj\Debug\100\lp\67\jl\classes.jar obj\Debug\100\lp\68\jl\classes.jar obj\Debug\100\lp\69\jl\classes.jar obj\Debug\100\lp\70\jl\classes.jar obj\Debug\100\lp\71\jl\classes.jar obj\Debug\100\lp\72\jl\classes.jar obj\Debug\100\lp\73\jl\classes.jar obj\Debug\100\lp\74\jl\classes.jar obj\Debug\100\lp\75\jl\classes.jar obj\Debug\100\lp\76\jl\classes.jar obj\Debug\100\lp\77\jl\class
java_class_path (initial): C:\Program Files (x86)\Microsoft Visual Studio\2019\Community\MSBuild\Xamarin\Android\r8.jar
Launcher Type: SUN_STANDARD

Environment Variables:
JAVA_HOME=C:\Program Files\Android\jdk\microsoft_dist_openjdk_1.8.0.25
PATH=C:\Program Files\Android\jdk\microsoft_dist_openjdk_1.8.0.25\bin;D:\app\Ana\product\11.2.0\dbhome_1\bin;C:\Program Files\Java\jdk-11.0.9\bin;C:\Program Files\Common Files\Oracle\Java\javapath;C:\Windows\system32;C:\Windows;C:\Windows\System32\Wbem;C:\Windows\System32\WindowsPowerShell\v1.0\;C:\Windows\System32\OpenSSH\;C:\Program Files\Microsoft SQL Server\130\Tools\Binn\;C:\Program Files\Microsoft SQL Server\Client SDK\ODBC\170\Tools\Binn\;C:\Program Files\nodejs\;C:\Program Files\SourceGear\Common\DiffMerge\;C:\Program Files\dotnet\;D:\Windows Kits\10\Windows Performance Toolkit\;C:\Users\Ana\AppData\Local\Programs\Python\Python39\Scripts\;C:\Users\Ana\AppData\Local\Programs\Python\Python39\;C:\Users\Ana\AppData\Local\Microsoft\WindowsApps;C:\Users\Ana\AppData\Local\Programs\Microsoft VS Code\bin;C:\Users\Ana\AppData\Roaming\npm;C:\Program Files\Oracle\instantclient_12_2;D:\heroku\bin;C:\Users\Ana\.dotnet\tools
USERNAME=Ana
OS=Windows_NT
PROCESSOR_IDENTIFIER=Intel64 Family 6 Model 126 Stepping 5, GenuineIntel



---------------  S Y S T E M  ---------------

OS: Windows 10.0 , 64 bit Build 19041 (10.0.19041.804)

CPU:total 8 (initial active 8) (4 cores per cpu, 2 threads per core) family 6 model 126 stepping 5, cmov, cx8, fxsr, mmx, sse, sse2, sse3, ssse3, sse4.1, sse4.2, popcnt, avx, avx2, aes, clmul, erms, 3dnowpref, lzcnt, ht, tsc, tscinvbit, bmi1, bmi2, adx

Memory: 4k page, physical 7604220k(858632k free), swap 9471996k(15420k free)

vm_info: OpenJDK 64-Bit Server VM (25.71-b00) for windows-amd64 JRE (1.8.0-25-microsoft-b00), built on Feb  7 2019 20:09:14 by "builder" with MS VC++ 10.0 (VS2010)

time: Fri Mar 12 21:12:31 2021
timezone: GTB Standard Time
elapsed time: 7 seconds (0d 0h 0m 7s)

