#
# There is insufficient memory for the Java Runtime Environment to continue.
# Native memory allocation (malloc) failed to allocate 1048576 bytes for AllocateHeap
# Possible reasons:
#   The system is out of physical RAM or swap space
#   The process is running with CompressedOops enabled, and the Java Heap may be blocking the growth of the native heap
# Possible solutions:
#   Reduce memory load on the system
#   Increase physical memory or swap space
#   Check if swap backing store is full
#   Decrease Java heap size (-Xmx/-Xms)
#   Decrease number of Java threads
#   Decrease Java thread stack sizes (-Xss)
#   Set larger code cache with -XX:ReservedCodeCacheSize=
#   JVM is running with Unscaled Compressed Oops mode in which the Java heap is
#     placed in the first 4GB address space. The Java Heap base address is the
#     maximum limit for the native heap growth. Please use -XX:HeapBaseMinAddress
#     to set the Java Heap base and to place the Java Heap above 4GB virtual address.
# This output file may be truncated or incomplete.
#
#  Out of Memory Error (memory/allocation.inline.hpp:61), pid=8172, tid=0x0000000000001b74
#
# JRE version:  (8.0) (build )
# Java VM: OpenJDK 64-Bit Server VM (25.71-b00 mixed mode windows-amd64 compressed oops)
# Failed to write core dump. Minidumps are not enabled by default on client versions of Windows
#

---------------  T H R E A D  ---------------

Current thread (0x000000000245e000):  JavaThread "Unknown thread" [_thread_in_vm, id=7028, stack(0x00000000022b0000,0x00000000023b0000)]

Stack: [0x00000000022b0000,0x00000000023b0000]
[error occurred during error reporting (printing stack bounds), id 0xc0000005]

Native frames: (J=compiled Java code, j=interpreted, Vv=VM code, C=native code)


---------------  P R O C E S S  ---------------

Java Threads: ( => current thread )

Other Threads:

=>0x000000000245e000 (exited) JavaThread "Unknown thread" [_thread_in_vm, id=7028, stack(0x00000000022b0000,0x00000000023b0000)]

VM state:not at safepoint (normal execution)

VM Mutex/Monitor currently owned by a thread: None

heap address: 0x000000008be00000, size: 1858 MB, Compressed Oops mode: 32-bit
Narrow klass base: 0x0000000000000000, Narrow klass shift: 3
Compressed class space size: 1073741824 Address: 0x0000000100000000

Heap:
 PSYoungGen      total 2048K, used 30K [0x00000000d9500000, 0x00000000d9780000, 0x0000000100000000)
  eden space 1536K, 2% used [0x00000000d9500000,0x00000000d9507af0,0x00000000d9680000)
  from space 512K, 0% used [0x00000000d9700000,0x00000000d9700000,0x00000000d9780000)
  to   space 512K, 0% used [0x00000000d9680000,0x00000000d9680000,0x00000000d9700000)
 ParOldGen       total 5632K, used 0K [0x000000008be00000, 0x000000008c380000, 0x00000000d9500000)
  object space 5632K, 0% used [0x000000008be00000,0x000000008be00000,0x000000008c380000)
 Metaspace       used 777K, capacity 4480K, committed 4480K, reserved 1056768K
  class space    used 74K, capacity 384K, committed 384K, reserved 1048576K

Card table byte_map: [0x00000000119e0000,0x0000000011d90000] byte_map_base: 0x0000000011581000

Marking Bits: (ParMarkBitMap*) 0x0000000065fd8f30
 Begin Bits: [0x0000000012800000, 0x0000000014508000)
 End Bits:   [0x0000000014508000, 0x0000000016210000)

Polling page: 0x0000000000450000

CodeCache: size=245760Kb used=328Kb max_used=328Kb free=245431Kb
 bounds [0x0000000002620000, 0x0000000002890000, 0x0000000011620000]
 total_blobs=57 nmethods=0 adapters=38
 compilation: enabled

Compilation events (0 events):
No events

GC Heap History (0 events):
No events

Deoptimization events (0 events):
No events

Classes redefined (0 events):
No events

Internal exceptions (0 events):
No events

Events (10 events):
Event: 0.014 loading class java/lang/Short
Event: 0.014 loading class java/lang/Short done
Event: 0.014 loading class java/lang/Integer
Event: 0.014 loading class java/lang/Integer done
Event: 0.014 loading class java/lang/Long
Event: 0.015 loading class java/lang/Long done
Event: 0.015 loading class java/lang/NullPointerException
Event: 0.015 loading class java/lang/NullPointerException done
Event: 0.015 loading class java/lang/ArithmeticException
Event: 0.015 loading class java/lang/ArithmeticException done


Dynamic libraries:
0x00007ff7762c0000 - 0x00007ff7762c7000 	C:\Program Files\Android\jdk\microsoft_dist_openjdk_1.8.0.25\bin\javac.exe
0x00007fffd19d0000 - 0x00007fffd1bc6000 	C:\Windows\SYSTEM32\ntdll.dll
0x00007fffd0940000 - 0x00007fffd09fd000 	C:\Windows\System32\KERNEL32.DLL
0x00007fffcf6c0000 - 0x00007fffcf989000 	C:\Windows\System32\KERNELBASE.dll
0x00007fffc0940000 - 0x00007fffc096f000 	C:\Program Files\Android\jdk\microsoft_dist_openjdk_1.8.0.25\bin\jli.dll
0x0000000065730000 - 0x0000000065801000 	C:\Program Files\Android\jdk\microsoft_dist_openjdk_1.8.0.25\bin\MSVCR100.dll
0x00007fffcfda0000 - 0x00007fffcfe4c000 	C:\Windows\System32\ADVAPI32.dll
0x00007fffd00b0000 - 0x00007fffd014e000 	C:\Windows\System32\msvcrt.dll
0x00007fffcffe0000 - 0x00007fffd007c000 	C:\Windows\System32\sechost.dll
0x00007fffd0a00000 - 0x00007fffd0b2b000 	C:\Windows\System32\RPCRT4.dll
0x00007fffd17f0000 - 0x00007fffd1990000 	C:\Windows\System32\USER32.dll
0x00007fffcf110000 - 0x00007fffcf132000 	C:\Windows\System32\win32u.dll
0x00007fffb2cb0000 - 0x00007fffb2f4b000 	C:\Windows\WinSxS\amd64_microsoft.windows.common-controls_6595b64144ccf1df_6.0.19041.746_none_ca02b4b61b8320a4\COMCTL32.dll
0x00007fffd0080000 - 0x00007fffd00aa000 	C:\Windows\System32\GDI32.dll
0x00007fffcf3f0000 - 0x00007fffcf4fb000 	C:\Windows\System32\gdi32full.dll
0x00007fffcf990000 - 0x00007fffcfa2d000 	C:\Windows\System32\msvcp_win.dll
0x00007fffcf140000 - 0x00007fffcf240000 	C:\Windows\System32\ucrtbase.dll
0x00007fffcffb0000 - 0x00007fffcffe0000 	C:\Windows\System32\IMM32.DLL
0x0000000066060000 - 0x0000000066131000 	C:\Program Files\Android\jdk\microsoft_dist_openjdk_1.8.0.25\jre\bin\msvcr100.dll
0x0000000065810000 - 0x0000000066055000 	C:\Program Files\Android\jdk\microsoft_dist_openjdk_1.8.0.25\jre\bin\server\jvm.dll
0x00007fffcfd90000 - 0x00007fffcfd98000 	C:\Windows\System32\PSAPI.DLL
0x00007fffb5160000 - 0x00007fffb5169000 	C:\Windows\SYSTEM32\WSOCK32.dll
0x00007fffc4e40000 - 0x00007fffc4e4a000 	C:\Windows\SYSTEM32\VERSION.dll
0x00007fffca990000 - 0x00007fffca9b7000 	C:\Windows\SYSTEM32\WINMM.dll
0x00007fffd0460000 - 0x00007fffd04cb000 	C:\Windows\System32\WS2_32.dll
0x00007fffb56c0000 - 0x00007fffb56cf000 	C:\Program Files\Android\jdk\microsoft_dist_openjdk_1.8.0.25\jre\bin\verify.dll
0x00007fff9b940000 - 0x00007fff9b969000 	C:\Program Files\Android\jdk\microsoft_dist_openjdk_1.8.0.25\jre\bin\java.dll
0x00007fffa6430000 - 0x00007fffa6446000 	C:\Program Files\Android\jdk\microsoft_dist_openjdk_1.8.0.25\jre\bin\zip.dll

VM Arguments:
jvm_args: -Dapplication.home=C:\Program Files\Android\jdk\microsoft_dist_openjdk_1.8.0.25 -Xms8m -Dfile.encoding=UTF8 
java_command: com.sun.tools.javac.Main @C:\Users\Ana\AppData\Local\Temp\tmpC02D.tmp -target 1.8 -source 1.8
java_class_path (initial): C:\Program Files\Android\jdk\microsoft_dist_openjdk_1.8.0.25/lib/tools.jar;C:\Program Files\Android\jdk\microsoft_dist_openjdk_1.8.0.25/classes
Launcher Type: SUN_STANDARD

Environment Variables:
JAVA_HOME=C:\Program Files\Android\jdk\microsoft_dist_openjdk_1.8.0.25
PATH=C:\Program Files\Android\jdk\microsoft_dist_openjdk_1.8.0.25\bin;D:\app\Ana\product\11.2.0\dbhome_1\bin;C:\Program Files\Java\jdk-11.0.9\bin;C:\Program Files\Common Files\Oracle\Java\javapath;C:\Windows\system32;C:\Windows;C:\Windows\System32\Wbem;C:\Windows\System32\WindowsPowerShell\v1.0\;C:\Windows\System32\OpenSSH\;C:\Program Files\Microsoft SQL Server\130\Tools\Binn\;C:\Program Files\Microsoft SQL Server\Client SDK\ODBC\170\Tools\Binn\;C:\Program Files\nodejs\;C:\Program Files\SourceGear\Common\DiffMerge\;C:\Program Files\dotnet\;D:\Windows Kits\10\Windows Performance Toolkit\;C:\Users\Ana\AppData\Local\Programs\Python\Python39\Scripts\;C:\Users\Ana\AppData\Local\Programs\Python\Python39\;C:\Users\Ana\AppData\Local\Microsoft\WindowsApps;C:\Users\Ana\AppData\Local\Programs\Microsoft VS Code\bin;C:\Users\Ana\AppData\Roaming\npm;C:\Program Files\Oracle\instantclient_12_2;D:\heroku\bin;C:\Users\Ana\.dotnet\tools
USERNAME=Ana
OS=Windows_NT
PROCESSOR_IDENTIFIER=Intel64 Family 6 Model 126 Stepping 5, GenuineIntel



---------------  S Y S T E M  ---------------

OS: Windows 10.0 , 64 bit Build 19041 (10.0.19041.804)

CPU:total 8 (initial active 8) (4 cores per cpu, 2 threads per core) family 6 model 126 stepping 5, cmov, cx8, fxsr, mmx, sse, sse2, sse3, ssse3, sse4.1, sse4.2, popcnt, avx, avx2, aes, clmul, erms, 3dnowpref, lzcnt, ht, tsc, tscinvbit, bmi1, bmi2, adx

Memory: 4k page, physical 7604220k(865616k free), swap 7604220k(5668k free)

vm_info: OpenJDK 64-Bit Server VM (25.71-b00) for windows-amd64 JRE (1.8.0-25-microsoft-b00), built on Feb  7 2019 20:09:14 by "builder" with MS VC++ 10.0 (VS2010)

time: Fri Mar 05 10:01:33 2021
timezone: GTB Standard Time
elapsed time: 0 seconds (0d 0h 0m 0s)

